run_dir=data/ekaterinburg_invite_20260313_144822
source_file=data/ekaterinburg_all_chats_except_target_member_ids_no_bots_no_admins_not_in_target_live_20260313144457.txt
target_chat_id=-71489692010503
total_ids=5777
[2026-03-13 14:48:22] batch=01 start=0 count=400

> max-moderation-bot@1.0.0 members:add
> node scripts/add-chat-members-2026.js --source-file data/ekaterinburg_all_chats_except_target_member_ids_no_bots_no_admins_not_in_target_live_20260313144457.txt --target-chat-id -71489692010503 --start 0 --count 400 --invite-batch-size 10 --result-file data/ekaterinburg_invite_20260313_144822/batch_1_start_0_count_400_result.json --missing-file data/ekaterinburg_invite_20260313_144822/batch_1_start_0_count_400_still_missing.txt

[dotenv@17.3.1] injecting env (12) from .env -- tip: 🛠️  run anywhere with `dotenvx run -- yourcommand`
[run] Loading target member snapshot...
[run] Snapshot loaded: 263 members across 3 pages
[run] Inviting 400 users to chat -71489692010503 in batches of 10 (40 calls)...
[run] Progress: 50/400 users
[run] Progress: 100/400 users
[run] Progress: 150/400 users
[run] Progress: 200/400 users
[run] Progress: 250/400 users
[run] Progress: 300/400 users
[run] Progress: 350/400 users
[run] Progress: 400/400 users
[run] Verifying membership for 400 users...
{
  "ok": true,
  "source_file": "data/ekaterinburg_all_chats_except_target_member_ids_no_bots_no_admins_not_in_target_live_20260313144457.txt",
  "target_chat_id": -71489692010503,
  "processed_count": 400,
  "already_in_target_count": 0,
  "attempted_invite_count": 400,
  "invited_without_immediate_failure_count": 390,
  "verified_added_count": 369,
  "still_not_in_target_from_this_chunk_count": 31,
  "before_participants_count": 263,
  "after_participants_count": 632,
  "result_file": "data/ekaterinburg_invite_20260313_144822/batch_1_start_0_count_400_result.json",
  "still_missing_file": "data/ekaterinburg_invite_20260313_144822/batch_1_start_0_count_400_still_missing.txt"
}
[2026-03-13 14:52:08] batch=02 start=400 count=400

> max-moderation-bot@1.0.0 members:add
> node scripts/add-chat-members-2026.js --source-file data/ekaterinburg_all_chats_except_target_member_ids_no_bots_no_admins_not_in_target_live_20260313144457.txt --target-chat-id -71489692010503 --start 400 --count 400 --invite-batch-size 10 --result-file data/ekaterinburg_invite_20260313_144822/batch_2_start_400_count_400_result.json --missing-file data/ekaterinburg_invite_20260313_144822/batch_2_start_400_count_400_still_missing.txt

[dotenv@17.3.1] injecting env (12) from .env -- tip: ⚡️ secrets for agents: https://dotenvx.com/as2
[run] Loading target member snapshot...
[run] Snapshot loaded: 632 members across 7 pages
[run] Inviting 400 users to chat -71489692010503 in batches of 10 (40 calls)...
[run] Progress: 50/400 users
[run] Progress: 100/400 users
[run] Progress: 150/400 users
[run] Progress: 200/400 users
[run] Progress: 250/400 users
[run] Progress: 300/400 users
[run] Progress: 350/400 users
[run] Progress: 400/400 users
[run] Verifying membership for 400 users...
{
  "ok": true,
  "source_file": "data/ekaterinburg_all_chats_except_target_member_ids_no_bots_no_admins_not_in_target_live_20260313144457.txt",
  "target_chat_id": -71489692010503,
  "processed_count": 400,
  "already_in_target_count": 0,
  "attempted_invite_count": 400,
  "invited_without_immediate_failure_count": 400,
  "verified_added_count": 383,
  "still_not_in_target_from_this_chunk_count": 17,
  "before_participants_count": 632,
  "after_participants_count": 1015,
  "result_file": "data/ekaterinburg_invite_20260313_144822/batch_2_start_400_count_400_result.json",
  "still_missing_file": "data/ekaterinburg_invite_20260313_144822/batch_2_start_400_count_400_still_missing.txt"
}
[2026-03-13 14:55:44] batch=03 start=800 count=400

> max-moderation-bot@1.0.0 members:add
> node scripts/add-chat-members-2026.js --source-file data/ekaterinburg_all_chats_except_target_member_ids_no_bots_no_admins_not_in_target_live_20260313144457.txt --target-chat-id -71489692010503 --start 800 --count 400 --invite-batch-size 10 --result-file data/ekaterinburg_invite_20260313_144822/batch_3_start_800_count_400_result.json --missing-file data/ekaterinburg_invite_20260313_144822/batch_3_start_800_count_400_still_missing.txt

[dotenv@17.3.1] injecting env (12) from .env -- tip: 🔐 prevent committing .env to code: https://dotenvx.com/precommit
[run] Loading target member snapshot...
[run] Snapshot loaded: 1015 members across 11 pages
[run] Inviting 400 users to chat -71489692010503 in batches of 10 (40 calls)...
[run] Progress: 50/400 users
[run] Progress: 100/400 users
[run] Progress: 150/400 users
[run] Progress: 200/400 users
[run] Progress: 250/400 users
[run] Progress: 300/400 users
[run] Progress: 350/400 users
[run] Progress: 400/400 users
[run] Verifying membership for 400 users...
{
  "ok": true,
  "source_file": "data/ekaterinburg_all_chats_except_target_member_ids_no_bots_no_admins_not_in_target_live_20260313144457.txt",
  "target_chat_id": -71489692010503,
  "processed_count": 400,
  "already_in_target_count": 0,
  "attempted_invite_count": 400,
  "invited_without_immediate_failure_count": 400,
  "verified_added_count": 393,
  "still_not_in_target_from_this_chunk_count": 7,
  "before_participants_count": 1015,
  "after_participants_count": 1408,
  "result_file": "data/ekaterinburg_invite_20260313_144822/batch_3_start_800_count_400_result.json",
  "still_missing_file": "data/ekaterinburg_invite_20260313_144822/batch_3_start_800_count_400_still_missing.txt"
}
[2026-03-13 14:59:23] batch=04 start=1200 count=400

> max-moderation-bot@1.0.0 members:add
> node scripts/add-chat-members-2026.js --source-file data/ekaterinburg_all_chats_except_target_member_ids_no_bots_no_admins_not_in_target_live_20260313144457.txt --target-chat-id -71489692010503 --start 1200 --count 400 --invite-batch-size 10 --result-file data/ekaterinburg_invite_20260313_144822/batch_4_start_1200_count_400_result.json --missing-file data/ekaterinburg_invite_20260313_144822/batch_4_start_1200_count_400_still_missing.txt

[dotenv@17.3.1] injecting env (12) from .env -- tip: 🤖 agentic secret storage: https://dotenvx.com/as2
[run] Loading target member snapshot...
[run] Snapshot loaded: 1408 members across 15 pages
[run] Inviting 400 users to chat -71489692010503 in batches of 10 (40 calls)...
[run] Progress: 50/400 users
[run] Progress: 100/400 users
[run] Progress: 150/400 users
[run] Progress: 200/400 users
[run] Progress: 250/400 users
[run] Progress: 300/400 users
[run] Progress: 350/400 users
[run] Progress: 400/400 users
[run] Verifying membership for 400 users...
{
  "ok": true,
  "source_file": "data/ekaterinburg_all_chats_except_target_member_ids_no_bots_no_admins_not_in_target_live_20260313144457.txt",
  "target_chat_id": -71489692010503,
  "processed_count": 400,
  "already_in_target_count": 0,
  "attempted_invite_count": 400,
  "invited_without_immediate_failure_count": 400,
  "verified_added_count": 394,
  "still_not_in_target_from_this_chunk_count": 6,
  "before_participants_count": 1408,
  "after_participants_count": 1801,
  "result_file": "data/ekaterinburg_invite_20260313_144822/batch_4_start_1200_count_400_result.json",
  "still_missing_file": "data/ekaterinburg_invite_20260313_144822/batch_4_start_1200_count_400_still_missing.txt"
}
[2026-03-13 15:03:03] batch=05 start=1600 count=400

> max-moderation-bot@1.0.0 members:add
> node scripts/add-chat-members-2026.js --source-file data/ekaterinburg_all_chats_except_target_member_ids_no_bots_no_admins_not_in_target_live_20260313144457.txt --target-chat-id -71489692010503 --start 1600 --count 400 --invite-batch-size 10 --result-file data/ekaterinburg_invite_20260313_144822/batch_5_start_1600_count_400_result.json --missing-file data/ekaterinburg_invite_20260313_144822/batch_5_start_1600_count_400_still_missing.txt

[dotenv@17.3.1] injecting env (12) from .env -- tip: ⚙️  enable debug logging with { debug: true }
[run] Loading target member snapshot...
[run] Snapshot loaded: 1801 members across 19 pages
[run] Inviting 400 users to chat -71489692010503 in batches of 10 (40 calls)...
[run] Progress: 50/400 users
[run] Progress: 100/400 users
[run] Progress: 150/400 users
[run] Progress: 200/400 users
[run] Progress: 250/400 users
[run] Progress: 300/400 users
[run] Progress: 350/400 users
[run] Progress: 400/400 users
[run] Verifying membership for 400 users...
{
  "ok": true,
  "source_file": "data/ekaterinburg_all_chats_except_target_member_ids_no_bots_no_admins_not_in_target_live_20260313144457.txt",
  "target_chat_id": -71489692010503,
  "processed_count": 400,
  "already_in_target_count": 0,
  "attempted_invite_count": 400,
  "invited_without_immediate_failure_count": 400,
  "verified_added_count": 394,
  "still_not_in_target_from_this_chunk_count": 6,
  "before_participants_count": 1801,
  "after_participants_count": 2191,
  "result_file": "data/ekaterinburg_invite_20260313_144822/batch_5_start_1600_count_400_result.json",
  "still_missing_file": "data/ekaterinburg_invite_20260313_144822/batch_5_start_1600_count_400_still_missing.txt"
}
[2026-03-13 15:06:45] batch=06 start=2000 count=400

> max-moderation-bot@1.0.0 members:add
> node scripts/add-chat-members-2026.js --source-file data/ekaterinburg_all_chats_except_target_member_ids_no_bots_no_admins_not_in_target_live_20260313144457.txt --target-chat-id -71489692010503 --start 2000 --count 400 --invite-batch-size 10 --result-file data/ekaterinburg_invite_20260313_144822/batch_6_start_2000_count_400_result.json --missing-file data/ekaterinburg_invite_20260313_144822/batch_6_start_2000_count_400_still_missing.txt

[dotenv@17.3.1] injecting env (12) from .env -- tip: 🔐 prevent committing .env to code: https://dotenvx.com/precommit
[run] Loading target member snapshot...
[run] Snapshot loaded: 2191 members across 22 pages
[run] Inviting 400 users to chat -71489692010503 in batches of 10 (40 calls)...
[run] Progress: 50/400 users
[run] Progress: 100/400 users
[run] Progress: 150/400 users
[run] Progress: 200/400 users
[run] Progress: 250/400 users
[run] Progress: 300/400 users
[run] Progress: 350/400 users
[run] Progress: 400/400 users
[run] Verifying membership for 400 users...
{
  "ok": true,
  "source_file": "data/ekaterinburg_all_chats_except_target_member_ids_no_bots_no_admins_not_in_target_live_20260313144457.txt",
  "target_chat_id": -71489692010503,
  "processed_count": 400,
  "already_in_target_count": 0,
  "attempted_invite_count": 400,
  "invited_without_immediate_failure_count": 400,
  "verified_added_count": 392,
  "still_not_in_target_from_this_chunk_count": 8,
  "before_participants_count": 2191,
  "after_participants_count": 2582,
  "result_file": "data/ekaterinburg_invite_20260313_144822/batch_6_start_2000_count_400_result.json",
  "still_missing_file": "data/ekaterinburg_invite_20260313_144822/batch_6_start_2000_count_400_still_missing.txt"
}
[2026-03-13 15:10:24] batch=07 start=2400 count=400

> max-moderation-bot@1.0.0 members:add
> node scripts/add-chat-members-2026.js --source-file data/ekaterinburg_all_chats_except_target_member_ids_no_bots_no_admins_not_in_target_live_20260313144457.txt --target-chat-id -71489692010503 --start 2400 --count 400 --invite-batch-size 10 --result-file data/ekaterinburg_invite_20260313_144822/batch_7_start_2400_count_400_result.json --missing-file data/ekaterinburg_invite_20260313_144822/batch_7_start_2400_count_400_still_missing.txt

[dotenv@17.3.1] injecting env (12) from .env -- tip: 🔐 prevent building .env in docker: https://dotenvx.com/prebuild
[run] Loading target member snapshot...
[run] Snapshot loaded: 2582 members across 26 pages
[run] Inviting 400 users to chat -71489692010503 in batches of 10 (40 calls)...
[run] Progress: 50/400 users
[run] Progress: 100/400 users
[run] Progress: 150/400 users
[run] Progress: 200/400 users
[run] Progress: 250/400 users
[run] Progress: 300/400 users
[run] Progress: 350/400 users
[run] Progress: 400/400 users
[run] Verifying membership for 400 users...
{
  "ok": true,
  "source_file": "data/ekaterinburg_all_chats_except_target_member_ids_no_bots_no_admins_not_in_target_live_20260313144457.txt",
  "target_chat_id": -71489692010503,
  "processed_count": 400,
  "already_in_target_count": 0,
  "attempted_invite_count": 400,
  "invited_without_immediate_failure_count": 390,
  "verified_added_count": 383,
  "still_not_in_target_from_this_chunk_count": 17,
  "before_participants_count": 2582,
  "after_participants_count": 2962,
  "result_file": "data/ekaterinburg_invite_20260313_144822/batch_7_start_2400_count_400_result.json",
  "still_missing_file": "data/ekaterinburg_invite_20260313_144822/batch_7_start_2400_count_400_still_missing.txt"
}
[2026-03-13 15:14:15] batch=08 start=2800 count=400

> max-moderation-bot@1.0.0 members:add
> node scripts/add-chat-members-2026.js --source-file data/ekaterinburg_all_chats_except_target_member_ids_no_bots_no_admins_not_in_target_live_20260313144457.txt --target-chat-id -71489692010503 --start 2800 --count 400 --invite-batch-size 10 --result-file data/ekaterinburg_invite_20260313_144822/batch_8_start_2800_count_400_result.json --missing-file data/ekaterinburg_invite_20260313_144822/batch_8_start_2800_count_400_still_missing.txt

[dotenv@17.3.1] injecting env (12) from .env -- tip: ⚙️  override existing env vars with { override: true }
[run] Loading target member snapshot...
[run] Snapshot loaded: 2962 members across 30 pages
[run] Inviting 400 users to chat -71489692010503 in batches of 10 (40 calls)...
[run] Progress: 50/400 users
[run] Progress: 100/400 users
[run] Progress: 150/400 users
[run] Progress: 200/400 users
[run] Progress: 250/400 users
[run] Progress: 300/400 users
[run] Progress: 350/400 users
[run] Progress: 400/400 users
[run] Verifying membership for 400 users...
{
  "ok": true,
  "source_file": "data/ekaterinburg_all_chats_except_target_member_ids_no_bots_no_admins_not_in_target_live_20260313144457.txt",
  "target_chat_id": -71489692010503,
  "processed_count": 400,
  "already_in_target_count": 0,
  "attempted_invite_count": 400,
  "invited_without_immediate_failure_count": 400,
  "verified_added_count": 394,
  "still_not_in_target_from_this_chunk_count": 6,
  "before_participants_count": 2962,
  "after_participants_count": 3351,
  "result_file": "data/ekaterinburg_invite_20260313_144822/batch_8_start_2800_count_400_result.json",
  "still_missing_file": "data/ekaterinburg_invite_20260313_144822/batch_8_start_2800_count_400_still_missing.txt"
}
[2026-03-13 15:17:59] batch=09 start=3200 count=400

> max-moderation-bot@1.0.0 members:add
> node scripts/add-chat-members-2026.js --source-file data/ekaterinburg_all_chats_except_target_member_ids_no_bots_no_admins_not_in_target_live_20260313144457.txt --target-chat-id -71489692010503 --start 3200 --count 400 --invite-batch-size 10 --result-file data/ekaterinburg_invite_20260313_144822/batch_9_start_3200_count_400_result.json --missing-file data/ekaterinburg_invite_20260313_144822/batch_9_start_3200_count_400_still_missing.txt

[dotenv@17.3.1] injecting env (12) from .env -- tip: ⚙️  enable debug logging with { debug: true }
[run] Loading target member snapshot...
[run] Snapshot loaded: 3351 members across 34 pages
[run] Inviting 400 users to chat -71489692010503 in batches of 10 (40 calls)...
[run] Progress: 50/400 users
[run] Progress: 100/400 users
[run] Progress: 150/400 users
[run] Progress: 200/400 users
[run] Progress: 250/400 users
[run] Progress: 300/400 users
[run] Progress: 350/400 users
[run] Progress: 400/400 users
[run] Verifying membership for 400 users...
{
  "ok": true,
  "source_file": "data/ekaterinburg_all_chats_except_target_member_ids_no_bots_no_admins_not_in_target_live_20260313144457.txt",
  "target_chat_id": -71489692010503,
  "processed_count": 400,
  "already_in_target_count": 0,
  "attempted_invite_count": 400,
  "invited_without_immediate_failure_count": 400,
  "verified_added_count": 395,
  "still_not_in_target_from_this_chunk_count": 5,
  "before_participants_count": 3351,
  "after_participants_count": 3742,
  "result_file": "data/ekaterinburg_invite_20260313_144822/batch_9_start_3200_count_400_result.json",
  "still_missing_file": "data/ekaterinburg_invite_20260313_144822/batch_9_start_3200_count_400_still_missing.txt"
}
[2026-03-13 15:21:45] batch=10 start=3600 count=400

> max-moderation-bot@1.0.0 members:add
> node scripts/add-chat-members-2026.js --source-file data/ekaterinburg_all_chats_except_target_member_ids_no_bots_no_admins_not_in_target_live_20260313144457.txt --target-chat-id -71489692010503 --start 3600 --count 400 --invite-batch-size 10 --result-file data/ekaterinburg_invite_20260313_144822/batch_10_start_3600_count_400_result.json --missing-file data/ekaterinburg_invite_20260313_144822/batch_10_start_3600_count_400_still_missing.txt

[dotenv@17.3.1] injecting env (12) from .env -- tip: ⚙️  load multiple .env files with { path: ['.env.local', '.env'] }
[run] Loading target member snapshot...
[run] Snapshot loaded: 3742 members across 38 pages
[run] Inviting 400 users to chat -71489692010503 in batches of 10 (40 calls)...
[run] Progress: 50/400 users
[run] Progress: 100/400 users
[run] Progress: 150/400 users
[run] Progress: 200/400 users
[run] Progress: 250/400 users
[run] Progress: 300/400 users
[run] Progress: 350/400 users
[run] Progress: 400/400 users
[run] Verifying membership for 400 users...
{
  "ok": true,
  "source_file": "data/ekaterinburg_all_chats_except_target_member_ids_no_bots_no_admins_not_in_target_live_20260313144457.txt",
  "target_chat_id": -71489692010503,
  "processed_count": 400,
  "already_in_target_count": 0,
  "attempted_invite_count": 400,
  "invited_without_immediate_failure_count": 400,
  "verified_added_count": 391,
  "still_not_in_target_from_this_chunk_count": 9,
  "before_participants_count": 3742,
  "after_participants_count": 4132,
  "result_file": "data/ekaterinburg_invite_20260313_144822/batch_10_start_3600_count_400_result.json",
  "still_missing_file": "data/ekaterinburg_invite_20260313_144822/batch_10_start_3600_count_400_still_missing.txt"
}
[2026-03-13 15:25:33] batch=11 start=4000 count=400

> max-moderation-bot@1.0.0 members:add
> node scripts/add-chat-members-2026.js --source-file data/ekaterinburg_all_chats_except_target_member_ids_no_bots_no_admins_not_in_target_live_20260313144457.txt --target-chat-id -71489692010503 --start 4000 --count 400 --invite-batch-size 10 --result-file data/ekaterinburg_invite_20260313_144822/batch_11_start_4000_count_400_result.json --missing-file data/ekaterinburg_invite_20260313_144822/batch_11_start_4000_count_400_still_missing.txt

[dotenv@17.3.1] injecting env (12) from .env -- tip: 🤖 agentic secret storage: https://dotenvx.com/as2
[run] Loading target member snapshot...
[run] Snapshot loaded: 4132 members across 42 pages
[run] Inviting 400 users to chat -71489692010503 in batches of 10 (40 calls)...
[run] Progress: 50/400 users
[run] Progress: 100/400 users
[run] Progress: 150/400 users
[run] Progress: 200/400 users
[run] Progress: 250/400 users
[run] Progress: 300/400 users
[run] Progress: 350/400 users
[run] Progress: 400/400 users
[run] Verifying membership for 400 users...
{
  "ok": true,
  "source_file": "data/ekaterinburg_all_chats_except_target_member_ids_no_bots_no_admins_not_in_target_live_20260313144457.txt",
  "target_chat_id": -71489692010503,
  "processed_count": 400,
  "already_in_target_count": 0,
  "attempted_invite_count": 400,
  "invited_without_immediate_failure_count": 400,
  "verified_added_count": 320,
  "still_not_in_target_from_this_chunk_count": 80,
  "before_participants_count": 4132,
  "after_participants_count": 4448,
  "result_file": "data/ekaterinburg_invite_20260313_144822/batch_11_start_4000_count_400_result.json",
  "still_missing_file": "data/ekaterinburg_invite_20260313_144822/batch_11_start_4000_count_400_still_missing.txt"
}
[2026-03-13 15:29:17] batch=12 start=4400 count=400

> max-moderation-bot@1.0.0 members:add
> node scripts/add-chat-members-2026.js --source-file data/ekaterinburg_all_chats_except_target_member_ids_no_bots_no_admins_not_in_target_live_20260313144457.txt --target-chat-id -71489692010503 --start 4400 --count 400 --invite-batch-size 10 --result-file data/ekaterinburg_invite_20260313_144822/batch_12_start_4400_count_400_result.json --missing-file data/ekaterinburg_invite_20260313_144822/batch_12_start_4400_count_400_still_missing.txt

[dotenv@17.3.1] injecting env (12) from .env -- tip: ⚙️  write to custom object with { processEnv: myObject }
[run] Loading target member snapshot...
[run] Snapshot loaded: 4448 members across 45 pages
[run] Inviting 400 users to chat -71489692010503 in batches of 10 (40 calls)...
[run] Progress: 50/400 users
[run] Progress: 100/400 users
[run] Progress: 150/400 users
[run] Progress: 200/400 users
[run] Progress: 250/400 users
[run] Progress: 300/400 users
[run] Progress: 350/400 users
[run] Progress: 400/400 users
[run] Verifying membership for 400 users...
{
  "ok": true,
  "source_file": "data/ekaterinburg_all_chats_except_target_member_ids_no_bots_no_admins_not_in_target_live_20260313144457.txt",
  "target_chat_id": -71489692010503,
  "processed_count": 400,
  "already_in_target_count": 0,
  "attempted_invite_count": 400,
  "invited_without_immediate_failure_count": 400,
  "verified_added_count": 248,
  "still_not_in_target_from_this_chunk_count": 152,
  "before_participants_count": 4448,
  "after_participants_count": 4693,
  "result_file": "data/ekaterinburg_invite_20260313_144822/batch_12_start_4400_count_400_result.json",
  "still_missing_file": "data/ekaterinburg_invite_20260313_144822/batch_12_start_4400_count_400_still_missing.txt"
}
[2026-03-13 15:33:01] batch=13 start=4800 count=400

> max-moderation-bot@1.0.0 members:add
> node scripts/add-chat-members-2026.js --source-file data/ekaterinburg_all_chats_except_target_member_ids_no_bots_no_admins_not_in_target_live_20260313144457.txt --target-chat-id -71489692010503 --start 4800 --count 400 --invite-batch-size 10 --result-file data/ekaterinburg_invite_20260313_144822/batch_13_start_4800_count_400_result.json --missing-file data/ekaterinburg_invite_20260313_144822/batch_13_start_4800_count_400_still_missing.txt

[dotenv@17.3.1] injecting env (12) from .env -- tip: 🛠️  run anywhere with `dotenvx run -- yourcommand`
[run] Loading target member snapshot...
[run] Snapshot loaded: 4693 members across 47 pages
[run] Inviting 400 users to chat -71489692010503 in batches of 10 (40 calls)...
[run] Progress: 50/400 users
[run] Stop triggered: 2 consecutive action_failed (limit 2)
[run] Verifying membership for 400 users...
{
  "ok": true,
  "source_file": "data/ekaterinburg_all_chats_except_target_member_ids_no_bots_no_admins_not_in_target_live_20260313144457.txt",
  "target_chat_id": -71489692010503,
  "processed_count": 400,
  "already_in_target_count": 0,
  "attempted_invite_count": 70,
  "invited_without_immediate_failure_count": 50,
  "verified_added_count": 8,
  "still_not_in_target_from_this_chunk_count": 392,
  "before_participants_count": 4693,
  "after_participants_count": 4700,
  "result_file": "data/ekaterinburg_invite_20260313_144822/batch_13_start_4800_count_400_result.json",
  "still_missing_file": "data/ekaterinburg_invite_20260313_144822/batch_13_start_4800_count_400_still_missing.txt"
}
[2026-03-13 15:33:48] batch=14 start=5200 count=400

> max-moderation-bot@1.0.0 members:add
> node scripts/add-chat-members-2026.js --source-file data/ekaterinburg_all_chats_except_target_member_ids_no_bots_no_admins_not_in_target_live_20260313144457.txt --target-chat-id -71489692010503 --start 5200 --count 400 --invite-batch-size 10 --result-file data/ekaterinburg_invite_20260313_144822/batch_14_start_5200_count_400_result.json --missing-file data/ekaterinburg_invite_20260313_144822/batch_14_start_5200_count_400_still_missing.txt

[dotenv@17.3.1] injecting env (12) from .env -- tip: 🛠️  run anywhere with `dotenvx run -- yourcommand`
[run] Loading target member snapshot...
[run] Snapshot loaded: 4700 members across 47 pages
[run] Inviting 400 users to chat -71489692010503 in batches of 10 (40 calls)...
[run] Progress: 50/400 users
[run] Progress: 100/400 users
[run] Stop triggered: 2 consecutive action_failed (limit 2)
[run] Verifying membership for 400 users...
{
  "ok": true,
  "source_file": "data/ekaterinburg_all_chats_except_target_member_ids_no_bots_no_admins_not_in_target_live_20260313144457.txt",
  "target_chat_id": -71489692010503,
  "processed_count": 400,
  "already_in_target_count": 0,
  "attempted_invite_count": 140,
  "invited_without_immediate_failure_count": 110,
  "verified_added_count": 34,
  "still_not_in_target_from_this_chunk_count": 366,
  "before_participants_count": 4700,
  "after_participants_count": 4732,
  "result_file": "data/ekaterinburg_invite_20260313_144822/batch_14_start_5200_count_400_result.json",
  "still_missing_file": "data/ekaterinburg_invite_20260313_144822/batch_14_start_5200_count_400_still_missing.txt"
}
[2026-03-13 15:35:14] batch=15 start=5600 count=177

> max-moderation-bot@1.0.0 members:add
> node scripts/add-chat-members-2026.js --source-file data/ekaterinburg_all_chats_except_target_member_ids_no_bots_no_admins_not_in_target_live_20260313144457.txt --target-chat-id -71489692010503 --start 5600 --count 177 --invite-batch-size 10 --result-file data/ekaterinburg_invite_20260313_144822/batch_15_start_5600_count_177_result.json --missing-file data/ekaterinburg_invite_20260313_144822/batch_15_start_5600_count_177_still_missing.txt

[dotenv@17.3.1] injecting env (12) from .env -- tip: ⚙️  override existing env vars with { override: true }
[run] Loading target member snapshot...
[run] Snapshot loaded: 4732 members across 48 pages
[run] Inviting 177 users to chat -71489692010503 in batches of 10 (18 calls)...
[run] Progress: 50/177 users
[run] Progress: 100/177 users
[run] Progress: 150/177 users
[run] Progress: 177/177 users
[run] Verifying membership for 177 users...
{
  "ok": true,
  "source_file": "data/ekaterinburg_all_chats_except_target_member_ids_no_bots_no_admins_not_in_target_live_20260313144457.txt",
  "target_chat_id": -71489692010503,
  "processed_count": 177,
  "already_in_target_count": 0,
  "attempted_invite_count": 177,
  "invited_without_immediate_failure_count": 167,
  "verified_added_count": 114,
  "still_not_in_target_from_this_chunk_count": 63,
  "before_participants_count": 4732,
  "after_participants_count": 4845,
  "result_file": "data/ekaterinburg_invite_20260313_144822/batch_15_start_5600_count_177_result.json",
  "still_missing_file": "data/ekaterinburg_invite_20260313_144822/batch_15_start_5600_count_177_still_missing.txt"
}
completed_run_dir=data/ekaterinburg_invite_20260313_144822
