[2026-02-25 02:30:26] Wave invite started
[2026-02-25 02:30:26] source_file=data/avtorynok_volgogradskaya_oblast_member_ids.json
[2026-02-25 02:30:26] target_chat_id=-71313986483690
[2026-02-25 02:30:26] wave_size=1 wave_pause_sec=1 invite_pause_ms=10 invite_batch_size=1 max_retries=0
[2026-02-25 02:30:26] run_dir=/home/MaxManager/data/wave_invite_20260225_023026
[dotenv@17.3.1] injecting env (11) from .env -- tip: ⚙️  override existing env vars with { override: true }
[2026-02-25 02:30:35] wave=1 target_members=3345 remaining=1408
[2026-02-25 02:30:35] wave=1 trying wave_count=1
[dotenv@17.3.1] injecting env (11) from .env -- tip: 🔐 encrypt with Dotenvx: https://dotenvx.com
[run] Inviting 1 users to chat -71313986483690 in batches of 1 (1 calls)...
[run] Progress: 1/1 users
[run] Verifying membership for 1 users...
{
  "ok": true,
  "source_file": "data/wave_invite_20260225_023026/wave_1_remaining_shuffled.txt",
  "target_chat_id": -71313986483690,
  "processed_count": 1,
  "already_in_target_count": 0,
  "attempted_invite_count": 1,
  "invited_without_immediate_failure_count": 0,
  "verified_added_count": 0,
  "still_not_in_target_from_this_chunk_count": 1,
  "before_participants_count": 3345,
  "after_participants_count": 3345,
  "result_file": "data/wave_invite_20260225_023026/wave_1_result.json",
  "still_missing_file": "data/wave_invite_20260225_023026/wave_1_missing.txt"
}
[2026-02-25 02:30:37] wave=1 attempted=1 verified_added=0 still_missing_in_chunk=1
[2026-02-25 02:30:37] wave=1 sleeping 1s
[2026-02-25 02:30:38] Reached max_waves=1, stopping
[2026-02-25 02:30:38] Wave invite finished
[2026-02-25 02:30:38] summary_file=/home/MaxManager/data/wave_invite_20260225_023026/summary.jsonl
