[2026-02-25 02:59:07] Wave invite started
[2026-02-25 02:59:07] source_file=data/avtorynok_volgogradskaya_oblast_member_ids.json
[2026-02-25 02:59:07] target_chat_id=-71313986483690
[2026-02-25 02:59:07] wave_size=60 wave_pause_sec=180 invite_pause_ms=500 invite_batch_size=1 max_retries=2
[2026-02-25 02:59:07] run_dir=/home/MaxManager/data/wave_invite_20260225_025907
[dotenv@17.3.1] injecting env (11) from .env -- tip: 🤖 agentic secret storage: https://dotenvx.com/as2
[2026-02-25 02:59:15] wave=1 target_members=3572 remaining=1181
[2026-02-25 02:59:15] wave=1 trying wave_count=60
[dotenv@17.3.1] injecting env (11) from .env -- tip: ⚙️  load multiple .env files with { path: ['.env.local', '.env'] }
[run] Inviting 60 users to chat -71313986483690 in batches of 1 (60 calls)...
[run] Progress: 60/60 users
[run] Verifying membership for 60 users...
{
  "ok": true,
  "source_file": "data/wave_invite_20260225_025907/wave_1_remaining_shuffled.txt",
  "target_chat_id": -71313986483690,
  "processed_count": 60,
  "already_in_target_count": 0,
  "attempted_invite_count": 60,
  "invited_without_immediate_failure_count": 0,
  "verified_added_count": 0,
  "still_not_in_target_from_this_chunk_count": 60,
  "before_participants_count": 3572,
  "after_participants_count": 3572,
  "result_file": "data/wave_invite_20260225_025907/wave_1_result.json",
  "still_missing_file": "data/wave_invite_20260225_025907/wave_1_missing.txt"
}
[2026-02-25 03:00:01] wave=1 attempted=60 verified_added=0 still_missing_in_chunk=60
[2026-02-25 03:00:01] wave=1 sleeping 180s
[dotenv@17.3.1] injecting env (11) from .env -- tip: ⚙️  specify custom .env file path with { path: '/custom/path/.env' }
[2026-02-25 03:03:04] wave=2 target_members=3572 remaining=1181
[2026-02-25 03:03:04] wave=2 trying wave_count=60
[dotenv@17.3.1] injecting env (11) from .env -- tip: ⚙️  write to custom object with { processEnv: myObject }
[run] Inviting 60 users to chat -71313986483690 in batches of 1 (60 calls)...
[run] Progress: 60/60 users
[run] Verifying membership for 60 users...
{
  "ok": true,
  "source_file": "data/wave_invite_20260225_025907/wave_2_remaining_shuffled.txt",
  "target_chat_id": -71313986483690,
  "processed_count": 60,
  "already_in_target_count": 0,
  "attempted_invite_count": 60,
  "invited_without_immediate_failure_count": 0,
  "verified_added_count": 0,
  "still_not_in_target_from_this_chunk_count": 60,
  "before_participants_count": 3572,
  "after_participants_count": 3572,
  "result_file": "data/wave_invite_20260225_025907/wave_2_result.json",
  "still_missing_file": "data/wave_invite_20260225_025907/wave_2_missing.txt"
}
[2026-02-25 03:03:48] wave=2 attempted=60 verified_added=0 still_missing_in_chunk=60
[2026-02-25 03:03:48] wave=2 sleeping 180s
