[resume-start] 2026-03-11 21:15:44 MSK source=/home/denis/maxmanager/data/omsk_all_chats_except_target_member_ids_no_bots_no_admins_not_in_target_live_20260311_201148.txt target=-71876198893575 total=6431 batch_size=400 start_at=2400 total_runs=17
[batch] 2026-03-11 21:15:44 MSK run=7/17 start=2400 count=400 outer_attempt=1

> max-moderation-bot@1.0.0 members:add
> node scripts/add-chat-members-2026.js --source-file /home/denis/maxmanager/data/omsk_all_chats_except_target_member_ids_no_bots_no_admins_not_in_target_live_20260311_201148.txt --target-chat-id -71876198893575 --start 2400 --count 400 --invite-batch-size 10 --pause-ms 5200 --pause-jitter-ms 300 --max-retries 1 --retry-delay-ms 1200 --retry-backoff 2 --verify-chunk-size 100 --verify-pause-ms 80

[dotenv@17.3.1] injecting env (12) from .env -- tip: 🤖 agentic secret storage: https://dotenvx.com/as2
[run] Loading target member snapshot...
[run] Snapshot loaded: 1679 members across 17 pages
[run] Inviting 400 users to chat -71876198893575 in batches of 10 (40 calls)...
[run] Progress: 50/400 users
[run] Progress: 100/400 users
[run] Progress: 150/400 users
[run] Progress: 200/400 users
[run] Progress: 250/400 users
[run] Progress: 300/400 users
[run] Progress: 350/400 users
[run] Progress: 400/400 users
[run] Verifying membership for 400 users...
{
  "ok": true,
  "source_file": "data/omsk_all_chats_except_target_member_ids_no_bots_no_admins_not_in_target_live_20260311_201148.txt",
  "target_chat_id": -71876198893575,
  "processed_count": 400,
  "already_in_target_count": 0,
  "attempted_invite_count": 400,
  "invited_without_immediate_failure_count": 350,
  "verified_added_count": 300,
  "still_not_in_target_from_this_chunk_count": 100,
  "before_participants_count": 1679,
  "after_participants_count": 1979,
  "result_file": "data/add_omsk_all_chats_except_target_member_ids_no_bots_no_admins_not_in_target_live_20260311_201148_to_71876198893575_2401_2800_20260311181545_result.json",
  "still_missing_file": "data/still_missing_omsk_all_chats_except_target_member_ids_no_bots_no_admins_not_in_target_live_20260311_201148_to_71876198893575_2401_2800_20260311181545.txt"
}
[batch-end] 2026-03-11 21:21:02 MSK run=7 outer_attempt=1 exit_code=0
[sleep] 2026-03-11 21:21:02 MSK seconds=60 before next batch
[batch] 2026-03-11 21:22:02 MSK run=8/17 start=2800 count=400 outer_attempt=1

> max-moderation-bot@1.0.0 members:add
> node scripts/add-chat-members-2026.js --source-file /home/denis/maxmanager/data/omsk_all_chats_except_target_member_ids_no_bots_no_admins_not_in_target_live_20260311_201148.txt --target-chat-id -71876198893575 --start 2800 --count 400 --invite-batch-size 10 --pause-ms 5200 --pause-jitter-ms 300 --max-retries 1 --retry-delay-ms 1200 --retry-backoff 2 --verify-chunk-size 100 --verify-pause-ms 80

[dotenv@17.3.1] injecting env (12) from .env -- tip: 🔐 encrypt with Dotenvx: https://dotenvx.com
[run] Loading target member snapshot...
[run] Snapshot loaded: 1979 members across 20 pages
[run] Inviting 400 users to chat -71876198893575 in batches of 10 (40 calls)...
[run] Progress: 50/400 users
[run] Progress: 100/400 users
[run] Progress: 150/400 users
[run] Progress: 200/400 users
[run] Progress: 250/400 users
[run] Progress: 300/400 users
[run] Progress: 350/400 users
[run] Progress: 400/400 users
[run] Verifying membership for 400 users...
{
  "ok": true,
  "source_file": "data/omsk_all_chats_except_target_member_ids_no_bots_no_admins_not_in_target_live_20260311_201148.txt",
  "target_chat_id": -71876198893575,
  "processed_count": 400,
  "already_in_target_count": 0,
  "attempted_invite_count": 400,
  "invited_without_immediate_failure_count": 350,
  "verified_added_count": 291,
  "still_not_in_target_from_this_chunk_count": 109,
  "before_participants_count": 1979,
  "after_participants_count": 2269,
  "result_file": "data/add_omsk_all_chats_except_target_member_ids_no_bots_no_admins_not_in_target_live_20260311_201148_to_71876198893575_2801_3200_20260311182202_result.json",
  "still_missing_file": "data/still_missing_omsk_all_chats_except_target_member_ids_no_bots_no_admins_not_in_target_live_20260311_201148_to_71876198893575_2801_3200_20260311182202.txt"
}
[batch-end] 2026-03-11 21:27:11 MSK run=8 outer_attempt=1 exit_code=0
[sleep] 2026-03-11 21:27:11 MSK seconds=60 before next batch
[batch] 2026-03-11 21:28:11 MSK run=9/17 start=3200 count=400 outer_attempt=1

> max-moderation-bot@1.0.0 members:add
> node scripts/add-chat-members-2026.js --source-file /home/denis/maxmanager/data/omsk_all_chats_except_target_member_ids_no_bots_no_admins_not_in_target_live_20260311_201148.txt --target-chat-id -71876198893575 --start 3200 --count 400 --invite-batch-size 10 --pause-ms 5200 --pause-jitter-ms 300 --max-retries 1 --retry-delay-ms 1200 --retry-backoff 2 --verify-chunk-size 100 --verify-pause-ms 80

[dotenv@17.3.1] injecting env (12) from .env -- tip: 🔐 prevent committing .env to code: https://dotenvx.com/precommit
{
  "ok": false,
  "error": "fetch failed",
  "code": "unknown_error",
  "status": null
}
[batch-end] 2026-03-11 21:28:32 MSK run=9 outer_attempt=1 exit_code=1
[retry-sleep] 2026-03-11 21:28:32 MSK seconds=30 before retry same batch
[batch] 2026-03-11 21:29:02 MSK run=9/17 start=3200 count=400 outer_attempt=2

> max-moderation-bot@1.0.0 members:add
> node scripts/add-chat-members-2026.js --source-file /home/denis/maxmanager/data/omsk_all_chats_except_target_member_ids_no_bots_no_admins_not_in_target_live_20260311_201148.txt --target-chat-id -71876198893575 --start 3200 --count 400 --invite-batch-size 10 --pause-ms 5200 --pause-jitter-ms 300 --max-retries 1 --retry-delay-ms 1200 --retry-backoff 2 --verify-chunk-size 100 --verify-pause-ms 80

[dotenv@17.3.1] injecting env (12) from .env -- tip: ⚙️  load multiple .env files with { path: ['.env.local', '.env'] }
[run] Loading target member snapshot...
[run] Snapshot loaded: 2268 members across 23 pages
[run] Inviting 400 users to chat -71876198893575 in batches of 10 (40 calls)...
[run] Progress: 50/400 users
[run] Progress: 100/400 users
[run] Progress: 150/400 users
[run] Progress: 200/400 users
[run] Progress: 250/400 users
[run] Progress: 300/400 users
[run] Progress: 350/400 users
[run] Progress: 400/400 users
[run] Verifying membership for 400 users...
{
  "ok": true,
  "source_file": "data/omsk_all_chats_except_target_member_ids_no_bots_no_admins_not_in_target_live_20260311_201148.txt",
  "target_chat_id": -71876198893575,
  "processed_count": 400,
  "already_in_target_count": 0,
  "attempted_invite_count": 400,
  "invited_without_immediate_failure_count": 360,
  "verified_added_count": 302,
  "still_not_in_target_from_this_chunk_count": 98,
  "before_participants_count": 2268,
  "after_participants_count": 2570,
  "result_file": "data/add_omsk_all_chats_except_target_member_ids_no_bots_no_admins_not_in_target_live_20260311_201148_to_71876198893575_3201_3600_20260311182902_result.json",
  "still_missing_file": "data/still_missing_omsk_all_chats_except_target_member_ids_no_bots_no_admins_not_in_target_live_20260311_201148_to_71876198893575_3201_3600_20260311182902.txt"
}
[batch-end] 2026-03-11 21:34:07 MSK run=9 outer_attempt=2 exit_code=0
[sleep] 2026-03-11 21:34:07 MSK seconds=60 before next batch
[batch] 2026-03-11 21:35:07 MSK run=10/17 start=3600 count=400 outer_attempt=1

> max-moderation-bot@1.0.0 members:add
> node scripts/add-chat-members-2026.js --source-file /home/denis/maxmanager/data/omsk_all_chats_except_target_member_ids_no_bots_no_admins_not_in_target_live_20260311_201148.txt --target-chat-id -71876198893575 --start 3600 --count 400 --invite-batch-size 10 --pause-ms 5200 --pause-jitter-ms 300 --max-retries 1 --retry-delay-ms 1200 --retry-backoff 2 --verify-chunk-size 100 --verify-pause-ms 80

[dotenv@17.3.1] injecting env (12) from .env -- tip: 🔐 encrypt with Dotenvx: https://dotenvx.com
{
  "ok": false,
  "error": "fetch failed",
  "code": "unknown_error",
  "status": null
}
[batch-end] 2026-03-11 21:35:22 MSK run=10 outer_attempt=1 exit_code=1
[retry-sleep] 2026-03-11 21:35:22 MSK seconds=30 before retry same batch
[batch] 2026-03-11 21:35:52 MSK run=10/17 start=3600 count=400 outer_attempt=2

> max-moderation-bot@1.0.0 members:add
> node scripts/add-chat-members-2026.js --source-file /home/denis/maxmanager/data/omsk_all_chats_except_target_member_ids_no_bots_no_admins_not_in_target_live_20260311_201148.txt --target-chat-id -71876198893575 --start 3600 --count 400 --invite-batch-size 10 --pause-ms 5200 --pause-jitter-ms 300 --max-retries 1 --retry-delay-ms 1200 --retry-backoff 2 --verify-chunk-size 100 --verify-pause-ms 80

[dotenv@17.3.1] injecting env (12) from .env -- tip: ⚙️  enable debug logging with { debug: true }
[run] Loading target member snapshot...
[run] Snapshot loaded: 2570 members across 26 pages
[run] Inviting 400 users to chat -71876198893575 in batches of 10 (40 calls)...
[run] Progress: 50/400 users
[run] Progress: 100/400 users
[run] Progress: 150/400 users
[run] Progress: 200/400 users
[run] Progress: 250/400 users
[run] Progress: 300/400 users
[run] Progress: 350/400 users
[run] Progress: 400/400 users
[run] Verifying membership for 400 users...
{
  "ok": true,
  "source_file": "data/omsk_all_chats_except_target_member_ids_no_bots_no_admins_not_in_target_live_20260311_201148.txt",
  "target_chat_id": -71876198893575,
  "processed_count": 400,
  "already_in_target_count": 0,
  "attempted_invite_count": 400,
  "invited_without_immediate_failure_count": 360,
  "verified_added_count": 301,
  "still_not_in_target_from_this_chunk_count": 99,
  "before_participants_count": 2570,
  "after_participants_count": 2870,
  "result_file": "data/add_omsk_all_chats_except_target_member_ids_no_bots_no_admins_not_in_target_live_20260311_201148_to_71876198893575_3601_4000_20260311183552_result.json",
  "still_missing_file": "data/still_missing_omsk_all_chats_except_target_member_ids_no_bots_no_admins_not_in_target_live_20260311_201148_to_71876198893575_3601_4000_20260311183552.txt"
}
[batch-end] 2026-03-11 21:41:01 MSK run=10 outer_attempt=2 exit_code=0
[sleep] 2026-03-11 21:41:01 MSK seconds=60 before next batch
[batch] 2026-03-11 21:42:01 MSK run=11/17 start=4000 count=400 outer_attempt=1

> max-moderation-bot@1.0.0 members:add
> node scripts/add-chat-members-2026.js --source-file /home/denis/maxmanager/data/omsk_all_chats_except_target_member_ids_no_bots_no_admins_not_in_target_live_20260311_201148.txt --target-chat-id -71876198893575 --start 4000 --count 400 --invite-batch-size 10 --pause-ms 5200 --pause-jitter-ms 300 --max-retries 1 --retry-delay-ms 1200 --retry-backoff 2 --verify-chunk-size 100 --verify-pause-ms 80

[dotenv@17.3.1] injecting env (12) from .env -- tip: ⚙️  specify custom .env file path with { path: '/custom/path/.env' }
[run] Loading target member snapshot...
[run] Snapshot loaded: 2870 members across 29 pages
[run] Inviting 400 users to chat -71876198893575 in batches of 10 (40 calls)...
[run] Progress: 50/400 users
[run] Progress: 100/400 users
[run] Progress: 150/400 users
[run] Progress: 200/400 users
[run] Progress: 250/400 users
[run] Progress: 300/400 users
[run] Progress: 350/400 users
[run] Progress: 400/400 users
[run] Verifying membership for 400 users...
{
  "ok": true,
  "source_file": "data/omsk_all_chats_except_target_member_ids_no_bots_no_admins_not_in_target_live_20260311_201148.txt",
  "target_chat_id": -71876198893575,
  "processed_count": 400,
  "already_in_target_count": 0,
  "attempted_invite_count": 400,
  "invited_without_immediate_failure_count": 360,
  "verified_added_count": 294,
  "still_not_in_target_from_this_chunk_count": 106,
  "before_participants_count": 2870,
  "after_participants_count": 3163,
  "result_file": "data/add_omsk_all_chats_except_target_member_ids_no_bots_no_admins_not_in_target_live_20260311_201148_to_71876198893575_4001_4400_20260311184201_result.json",
  "still_missing_file": "data/still_missing_omsk_all_chats_except_target_member_ids_no_bots_no_admins_not_in_target_live_20260311_201148_to_71876198893575_4001_4400_20260311184201.txt"
}
[batch-end] 2026-03-11 21:47:05 MSK run=11 outer_attempt=1 exit_code=0
[sleep] 2026-03-11 21:47:05 MSK seconds=60 before next batch
[batch] 2026-03-11 21:48:05 MSK run=12/17 start=4400 count=400 outer_attempt=1

> max-moderation-bot@1.0.0 members:add
> node scripts/add-chat-members-2026.js --source-file /home/denis/maxmanager/data/omsk_all_chats_except_target_member_ids_no_bots_no_admins_not_in_target_live_20260311_201148.txt --target-chat-id -71876198893575 --start 4400 --count 400 --invite-batch-size 10 --pause-ms 5200 --pause-jitter-ms 300 --max-retries 1 --retry-delay-ms 1200 --retry-backoff 2 --verify-chunk-size 100 --verify-pause-ms 80

[dotenv@17.3.1] injecting env (12) from .env -- tip: 🔐 encrypt with Dotenvx: https://dotenvx.com
[run] Loading target member snapshot...
[run] Snapshot loaded: 3163 members across 32 pages
[run] Inviting 400 users to chat -71876198893575 in batches of 10 (40 calls)...
[run] Progress: 50/400 users
[run] Progress: 100/400 users
[run] Progress: 150/400 users
[run] Progress: 200/400 users
[run] Progress: 250/400 users
[run] Progress: 300/400 users
[run] Progress: 350/400 users
[run] Progress: 400/400 users
[run] Verifying membership for 400 users...
{
  "ok": true,
  "source_file": "data/omsk_all_chats_except_target_member_ids_no_bots_no_admins_not_in_target_live_20260311_201148.txt",
  "target_chat_id": -71876198893575,
  "processed_count": 400,
  "already_in_target_count": 0,
  "attempted_invite_count": 400,
  "invited_without_immediate_failure_count": 370,
  "verified_added_count": 165,
  "still_not_in_target_from_this_chunk_count": 235,
  "before_participants_count": 3163,
  "after_participants_count": 3483,
  "result_file": "data/add_omsk_all_chats_except_target_member_ids_no_bots_no_admins_not_in_target_live_20260311_201148_to_71876198893575_4401_4800_20260311184805_result.json",
  "still_missing_file": "data/still_missing_omsk_all_chats_except_target_member_ids_no_bots_no_admins_not_in_target_live_20260311_201148_to_71876198893575_4401_4800_20260311184805.txt"
}
[batch-end] 2026-03-11 21:53:30 MSK run=12 outer_attempt=1 exit_code=0
[sleep] 2026-03-11 21:53:30 MSK seconds=60 before next batch
[batch] 2026-03-11 21:54:30 MSK run=13/17 start=4800 count=400 outer_attempt=1

> max-moderation-bot@1.0.0 members:add
> node scripts/add-chat-members-2026.js --source-file /home/denis/maxmanager/data/omsk_all_chats_except_target_member_ids_no_bots_no_admins_not_in_target_live_20260311_201148.txt --target-chat-id -71876198893575 --start 4800 --count 400 --invite-batch-size 10 --pause-ms 5200 --pause-jitter-ms 300 --max-retries 1 --retry-delay-ms 1200 --retry-backoff 2 --verify-chunk-size 100 --verify-pause-ms 80

[dotenv@17.3.1] injecting env (12) from .env -- tip: 🛡️ auth for agents: https://vestauth.com
[run] Loading target member snapshot...
[run] Snapshot loaded: 3482 members across 35 pages
[run] Inviting 400 users to chat -71876198893575 in batches of 10 (40 calls)...
[run] Progress: 50/400 users
[run] Progress: 100/400 users
[run] Progress: 150/400 users
[run] Progress: 200/400 users
[run] Progress: 250/400 users
[run] Progress: 300/400 users
[run] Progress: 350/400 users
[run] Progress: 400/400 users
[run] Verifying membership for 400 users...
{
  "ok": true,
  "source_file": "data/omsk_all_chats_except_target_member_ids_no_bots_no_admins_not_in_target_live_20260311_201148.txt",
  "target_chat_id": -71876198893575,
  "processed_count": 400,
  "already_in_target_count": 0,
  "attempted_invite_count": 400,
  "invited_without_immediate_failure_count": 390,
  "verified_added_count": 321,
  "still_not_in_target_from_this_chunk_count": 79,
  "before_participants_count": 3482,
  "after_participants_count": 3802,
  "result_file": "data/add_omsk_all_chats_except_target_member_ids_no_bots_no_admins_not_in_target_live_20260311_201148_to_71876198893575_4801_5200_20260311185430_result.json",
  "still_missing_file": "data/still_missing_omsk_all_chats_except_target_member_ids_no_bots_no_admins_not_in_target_live_20260311_201148_to_71876198893575_4801_5200_20260311185430.txt"
}
[batch-end] 2026-03-11 21:59:06 MSK run=13 outer_attempt=1 exit_code=0
[sleep] 2026-03-11 21:59:06 MSK seconds=60 before next batch
[batch] 2026-03-11 22:00:06 MSK run=14/17 start=5200 count=400 outer_attempt=1

> max-moderation-bot@1.0.0 members:add
> node scripts/add-chat-members-2026.js --source-file /home/denis/maxmanager/data/omsk_all_chats_except_target_member_ids_no_bots_no_admins_not_in_target_live_20260311_201148.txt --target-chat-id -71876198893575 --start 5200 --count 400 --invite-batch-size 10 --pause-ms 5200 --pause-jitter-ms 300 --max-retries 1 --retry-delay-ms 1200 --retry-backoff 2 --verify-chunk-size 100 --verify-pause-ms 80

[dotenv@17.3.1] injecting env (12) from .env -- tip: 🔐 prevent building .env in docker: https://dotenvx.com/prebuild
{
  "ok": false,
  "error": "fetch failed",
  "code": "unknown_error",
  "status": null
}
[batch-end] 2026-03-11 22:00:22 MSK run=14 outer_attempt=1 exit_code=1
[retry-sleep] 2026-03-11 22:00:22 MSK seconds=30 before retry same batch
[batch] 2026-03-11 22:00:52 MSK run=14/17 start=5200 count=400 outer_attempt=2

> max-moderation-bot@1.0.0 members:add
> node scripts/add-chat-members-2026.js --source-file /home/denis/maxmanager/data/omsk_all_chats_except_target_member_ids_no_bots_no_admins_not_in_target_live_20260311_201148.txt --target-chat-id -71876198893575 --start 5200 --count 400 --invite-batch-size 10 --pause-ms 5200 --pause-jitter-ms 300 --max-retries 1 --retry-delay-ms 1200 --retry-backoff 2 --verify-chunk-size 100 --verify-pause-ms 80

[dotenv@17.3.1] injecting env (12) from .env -- tip: ⚙️  suppress all logs with { quiet: true }
[run] Loading target member snapshot...
[run] Snapshot loaded: 3801 members across 39 pages
[run] Inviting 400 users to chat -71876198893575 in batches of 10 (40 calls)...
[run] Progress: 50/400 users
[run] Progress: 100/400 users
[run] Progress: 150/400 users
[run] Progress: 200/400 users
[run] Progress: 250/400 users
[run] Progress: 300/400 users
[run] Progress: 350/400 users
[run] Progress: 400/400 users
[run] Verifying membership for 400 users...
{
  "ok": true,
  "source_file": "data/omsk_all_chats_except_target_member_ids_no_bots_no_admins_not_in_target_live_20260311_201148.txt",
  "target_chat_id": -71876198893575,
  "processed_count": 400,
  "already_in_target_count": 0,
  "attempted_invite_count": 400,
  "invited_without_immediate_failure_count": 340,
  "verified_added_count": 247,
  "still_not_in_target_from_this_chunk_count": 153,
  "before_participants_count": 3801,
  "after_participants_count": 4048,
  "result_file": "data/add_omsk_all_chats_except_target_member_ids_no_bots_no_admins_not_in_target_live_20260311_201148_to_71876198893575_5201_5600_20260311190053_result.json",
  "still_missing_file": "data/still_missing_omsk_all_chats_except_target_member_ids_no_bots_no_admins_not_in_target_live_20260311_201148_to_71876198893575_5201_5600_20260311190053.txt"
}
[batch-end] 2026-03-11 22:06:16 MSK run=14 outer_attempt=2 exit_code=0
[sleep] 2026-03-11 22:06:16 MSK seconds=60 before next batch
[batch] 2026-03-11 22:07:16 MSK run=15/17 start=5600 count=400 outer_attempt=1

> max-moderation-bot@1.0.0 members:add
> node scripts/add-chat-members-2026.js --source-file /home/denis/maxmanager/data/omsk_all_chats_except_target_member_ids_no_bots_no_admins_not_in_target_live_20260311_201148.txt --target-chat-id -71876198893575 --start 5600 --count 400 --invite-batch-size 10 --pause-ms 5200 --pause-jitter-ms 300 --max-retries 1 --retry-delay-ms 1200 --retry-backoff 2 --verify-chunk-size 100 --verify-pause-ms 80

[dotenv@17.3.1] injecting env (12) from .env -- tip: ⚙️  enable debug logging with { debug: true }
{
  "ok": false,
  "error": "fetch failed",
  "code": "unknown_error",
  "status": null
}
[batch-end] 2026-03-11 22:07:17 MSK run=15 outer_attempt=1 exit_code=1
[retry-sleep] 2026-03-11 22:07:17 MSK seconds=30 before retry same batch
[batch] 2026-03-11 22:07:47 MSK run=15/17 start=5600 count=400 outer_attempt=2

> max-moderation-bot@1.0.0 members:add
> node scripts/add-chat-members-2026.js --source-file /home/denis/maxmanager/data/omsk_all_chats_except_target_member_ids_no_bots_no_admins_not_in_target_live_20260311_201148.txt --target-chat-id -71876198893575 --start 5600 --count 400 --invite-batch-size 10 --pause-ms 5200 --pause-jitter-ms 300 --max-retries 1 --retry-delay-ms 1200 --retry-backoff 2 --verify-chunk-size 100 --verify-pause-ms 80

[dotenv@17.3.1] injecting env (12) from .env -- tip: 🛡️ auth for agents: https://vestauth.com
{
  "ok": false,
  "error": "fetch failed",
  "code": "unknown_error",
  "status": null
}
[batch-end] 2026-03-11 22:08:07 MSK run=15 outer_attempt=2 exit_code=1
[retry-sleep] 2026-03-11 22:08:07 MSK seconds=30 before retry same batch
[batch] 2026-03-11 22:08:37 MSK run=15/17 start=5600 count=400 outer_attempt=3

> max-moderation-bot@1.0.0 members:add
> node scripts/add-chat-members-2026.js --source-file /home/denis/maxmanager/data/omsk_all_chats_except_target_member_ids_no_bots_no_admins_not_in_target_live_20260311_201148.txt --target-chat-id -71876198893575 --start 5600 --count 400 --invite-batch-size 10 --pause-ms 5200 --pause-jitter-ms 300 --max-retries 1 --retry-delay-ms 1200 --retry-backoff 2 --verify-chunk-size 100 --verify-pause-ms 80

[dotenv@17.3.1] injecting env (12) from .env -- tip: 🔐 prevent building .env in docker: https://dotenvx.com/prebuild
[run] Loading target member snapshot...
[run] Snapshot loaded: 4048 members across 41 pages
[run] Inviting 400 users to chat -71876198893575 in batches of 10 (40 calls)...
[run] Progress: 50/400 users
[run] Progress: 100/400 users
[run] Progress: 150/400 users
[run] Progress: 200/400 users
[run] Progress: 250/400 users
[run] Progress: 300/400 users
[run] Progress: 350/400 users
[run] Progress: 400/400 users
[run] Verifying membership for 400 users...
{
  "ok": true,
  "source_file": "data/omsk_all_chats_except_target_member_ids_no_bots_no_admins_not_in_target_live_20260311_201148.txt",
  "target_chat_id": -71876198893575,
  "processed_count": 400,
  "already_in_target_count": 0,
  "attempted_invite_count": 400,
  "invited_without_immediate_failure_count": 350,
  "verified_added_count": 145,
  "still_not_in_target_from_this_chunk_count": 255,
  "before_participants_count": 4048,
  "after_participants_count": 4193,
  "result_file": "data/add_omsk_all_chats_except_target_member_ids_no_bots_no_admins_not_in_target_live_20260311_201148_to_71876198893575_5601_6000_20260311190837_result.json",
  "still_missing_file": "data/still_missing_omsk_all_chats_except_target_member_ids_no_bots_no_admins_not_in_target_live_20260311_201148_to_71876198893575_5601_6000_20260311190837.txt"
}
[batch-end] 2026-03-11 22:13:50 MSK run=15 outer_attempt=3 exit_code=0
[sleep] 2026-03-11 22:13:50 MSK seconds=60 before next batch
[batch] 2026-03-11 22:14:50 MSK run=16/17 start=6000 count=400 outer_attempt=1

> max-moderation-bot@1.0.0 members:add
> node scripts/add-chat-members-2026.js --source-file /home/denis/maxmanager/data/omsk_all_chats_except_target_member_ids_no_bots_no_admins_not_in_target_live_20260311_201148.txt --target-chat-id -71876198893575 --start 6000 --count 400 --invite-batch-size 10 --pause-ms 5200 --pause-jitter-ms 300 --max-retries 1 --retry-delay-ms 1200 --retry-backoff 2 --verify-chunk-size 100 --verify-pause-ms 80

[dotenv@17.3.1] injecting env (12) from .env -- tip: 🛡️ auth for agents: https://vestauth.com
[run] Loading target member snapshot...
[run] Snapshot loaded: 4193 members across 42 pages
[run] Inviting 400 users to chat -71876198893575 in batches of 10 (40 calls)...
[run] Progress: 50/400 users
[run] Progress: 100/400 users
[run] Progress: 150/400 users
[run] Progress: 200/400 users
[run] Progress: 250/400 users
[run] Progress: 300/400 users
[run] Progress: 350/400 users
[run] Progress: 400/400 users
[run] Verifying membership for 400 users...
{
  "ok": true,
  "source_file": "data/omsk_all_chats_except_target_member_ids_no_bots_no_admins_not_in_target_live_20260311_201148.txt",
  "target_chat_id": -71876198893575,
  "processed_count": 400,
  "already_in_target_count": 0,
  "attempted_invite_count": 400,
  "invited_without_immediate_failure_count": 380,
  "verified_added_count": 97,
  "still_not_in_target_from_this_chunk_count": 303,
  "before_participants_count": 4193,
  "after_participants_count": 4290,
  "result_file": "data/add_omsk_all_chats_except_target_member_ids_no_bots_no_admins_not_in_target_live_20260311_201148_to_71876198893575_6001_6400_20260311191450_result.json",
  "still_missing_file": "data/still_missing_omsk_all_chats_except_target_member_ids_no_bots_no_admins_not_in_target_live_20260311_201148_to_71876198893575_6001_6400_20260311191450.txt"
}
[batch-end] 2026-03-11 22:19:26 MSK run=16 outer_attempt=1 exit_code=0
[sleep] 2026-03-11 22:19:26 MSK seconds=60 before next batch
[batch] 2026-03-11 22:20:26 MSK run=17/17 start=6400 count=31 outer_attempt=1

> max-moderation-bot@1.0.0 members:add
> node scripts/add-chat-members-2026.js --source-file /home/denis/maxmanager/data/omsk_all_chats_except_target_member_ids_no_bots_no_admins_not_in_target_live_20260311_201148.txt --target-chat-id -71876198893575 --start 6400 --count 31 --invite-batch-size 10 --pause-ms 5200 --pause-jitter-ms 300 --max-retries 1 --retry-delay-ms 1200 --retry-backoff 2 --verify-chunk-size 100 --verify-pause-ms 80

[dotenv@17.3.1] injecting env (12) from .env -- tip: ⚙️  override existing env vars with { override: true }
[run] Loading target member snapshot...
[run] Snapshot loaded: 4290 members across 43 pages
[run] Inviting 31 users to chat -71876198893575 in batches of 10 (4 calls)...
[run] Progress: 31/31 users
[run] Verifying membership for 31 users...
{
  "ok": true,
  "source_file": "data/omsk_all_chats_except_target_member_ids_no_bots_no_admins_not_in_target_live_20260311_201148.txt",
  "target_chat_id": -71876198893575,
  "processed_count": 31,
  "already_in_target_count": 0,
  "attempted_invite_count": 31,
  "invited_without_immediate_failure_count": 30,
  "verified_added_count": 4,
  "still_not_in_target_from_this_chunk_count": 27,
  "before_participants_count": 4290,
  "after_participants_count": 4294,
  "result_file": "data/add_omsk_all_chats_except_target_member_ids_no_bots_no_admins_not_in_target_live_20260311_201148_to_71876198893575_6401_6431_20260311192027_result.json",
  "still_missing_file": "data/still_missing_omsk_all_chats_except_target_member_ids_no_bots_no_admins_not_in_target_live_20260311_201148_to_71876198893575_6401_6431_20260311192027.txt"
}
[batch-end] 2026-03-11 22:21:01 MSK run=17 outer_attempt=1 exit_code=0
[complete] 2026-03-11 22:21:01 MSK total=6431 resumed_from=2400
