
> max-moderation-bot@1.0.0 members:add
> node scripts/add-chat-members-2026.js --source-file data/irkutsk_all_chats_except_target_member_ids_no_bots_no_admins_not_in_target_live_20260311_223327.txt --target-chat-id -71456680806407 --start 0 --count 400 --invite-batch-size 10 --result-file data/irkutsk_full_invite_20260311_223805/batch_0_400_result.json --missing-file data/irkutsk_full_invite_20260311_223805/batch_0_400_still_missing.txt

[dotenv@17.3.1] injecting env (12) from .env -- tip: 🛠️  run anywhere with `dotenvx run -- yourcommand`
[run] Loading target member snapshot...
[run] Snapshot loaded: 2468 members across 25 pages
[run] Inviting 400 users to chat -71456680806407 in batches of 10 (40 calls)...
[run] Progress: 50/400 users
[run] Progress: 100/400 users
[run] Progress: 150/400 users
[run] Progress: 200/400 users
[run] Progress: 250/400 users
[run] Progress: 300/400 users
[run] Progress: 350/400 users
[run] Progress: 400/400 users
[run] Verifying membership for 400 users...
{
  "ok": true,
  "source_file": "data/irkutsk_all_chats_except_target_member_ids_no_bots_no_admins_not_in_target_live_20260311_223327.txt",
  "target_chat_id": -71456680806407,
  "processed_count": 400,
  "already_in_target_count": 0,
  "attempted_invite_count": 400,
  "invited_without_immediate_failure_count": 400,
  "verified_added_count": 291,
  "still_not_in_target_from_this_chunk_count": 109,
  "before_participants_count": 2468,
  "after_participants_count": 2759,
  "result_file": "data/irkutsk_full_invite_20260311_223805/batch_0_400_result.json",
  "still_missing_file": "data/irkutsk_full_invite_20260311_223805/batch_0_400_still_missing.txt"
}

> max-moderation-bot@1.0.0 members:add
> node scripts/add-chat-members-2026.js --source-file data/irkutsk_all_chats_except_target_member_ids_no_bots_no_admins_not_in_target_live_20260311_223327.txt --target-chat-id -71456680806407 --start 400 --count 400 --invite-batch-size 10 --result-file data/irkutsk_full_invite_20260311_223805/batch_400_800_result.json --missing-file data/irkutsk_full_invite_20260311_223805/batch_400_800_still_missing.txt

[dotenv@17.3.1] injecting env (12) from .env -- tip: 🔐 prevent committing .env to code: https://dotenvx.com/precommit
[run] Loading target member snapshot...
[run] Snapshot loaded: 2759 members across 28 pages
[run] Inviting 400 users to chat -71456680806407 in batches of 10 (40 calls)...
[run] Progress: 50/400 users
[run] Progress: 100/400 users
[run] Progress: 150/400 users
[run] Progress: 200/400 users
[run] Progress: 250/400 users
[run] Progress: 300/400 users
[run] Progress: 350/400 users
[run] Progress: 400/400 users
[run] Verifying membership for 400 users...
{
  "ok": true,
  "source_file": "data/irkutsk_all_chats_except_target_member_ids_no_bots_no_admins_not_in_target_live_20260311_223327.txt",
  "target_chat_id": -71456680806407,
  "processed_count": 400,
  "already_in_target_count": 0,
  "attempted_invite_count": 400,
  "invited_without_immediate_failure_count": 400,
  "verified_added_count": 327,
  "still_not_in_target_from_this_chunk_count": 73,
  "before_participants_count": 2759,
  "after_participants_count": 3086,
  "result_file": "data/irkutsk_full_invite_20260311_223805/batch_400_800_result.json",
  "still_missing_file": "data/irkutsk_full_invite_20260311_223805/batch_400_800_still_missing.txt"
}

> max-moderation-bot@1.0.0 members:add
> node scripts/add-chat-members-2026.js --source-file data/irkutsk_all_chats_except_target_member_ids_no_bots_no_admins_not_in_target_live_20260311_223327.txt --target-chat-id -71456680806407 --start 800 --count 400 --invite-batch-size 10 --result-file data/irkutsk_full_invite_20260311_223805/batch_800_1200_result.json --missing-file data/irkutsk_full_invite_20260311_223805/batch_800_1200_still_missing.txt

[dotenv@17.3.1] injecting env (12) from .env -- tip: 🛡️ auth for agents: https://vestauth.com
[run] Loading target member snapshot...
[run] Snapshot loaded: 3086 members across 31 pages
[run] Inviting 400 users to chat -71456680806407 in batches of 10 (40 calls)...
[run] Progress: 50/400 users
[run] Progress: 100/400 users
[run] Progress: 150/400 users
[run] Progress: 200/400 users
[run] Progress: 250/400 users
[run] Progress: 300/400 users
[run] Progress: 350/400 users
[run] Progress: 400/400 users
[run] Verifying membership for 400 users...
{
  "ok": true,
  "source_file": "data/irkutsk_all_chats_except_target_member_ids_no_bots_no_admins_not_in_target_live_20260311_223327.txt",
  "target_chat_id": -71456680806407,
  "processed_count": 400,
  "already_in_target_count": 0,
  "attempted_invite_count": 400,
  "invited_without_immediate_failure_count": 400,
  "verified_added_count": 357,
  "still_not_in_target_from_this_chunk_count": 43,
  "before_participants_count": 3086,
  "after_participants_count": 3442,
  "result_file": "data/irkutsk_full_invite_20260311_223805/batch_800_1200_result.json",
  "still_missing_file": "data/irkutsk_full_invite_20260311_223805/batch_800_1200_still_missing.txt"
}

> max-moderation-bot@1.0.0 members:add
> node scripts/add-chat-members-2026.js --source-file data/irkutsk_all_chats_except_target_member_ids_no_bots_no_admins_not_in_target_live_20260311_223327.txt --target-chat-id -71456680806407 --start 1200 --count 400 --invite-batch-size 10 --result-file data/irkutsk_full_invite_20260311_223805/batch_1200_1600_result.json --missing-file data/irkutsk_full_invite_20260311_223805/batch_1200_1600_still_missing.txt

[dotenv@17.3.1] injecting env (12) from .env -- tip: 🔐 encrypt with Dotenvx: https://dotenvx.com
[run] Loading target member snapshot...
[run] Snapshot loaded: 3442 members across 35 pages
[run] Inviting 400 users to chat -71456680806407 in batches of 10 (40 calls)...
[run] Progress: 50/400 users
[run] Progress: 100/400 users
[run] Progress: 150/400 users
[run] Progress: 200/400 users
[run] Progress: 250/400 users
[run] Progress: 300/400 users
[run] Progress: 350/400 users
[run] Progress: 400/400 users
[run] Verifying membership for 400 users...
{
  "ok": true,
  "source_file": "data/irkutsk_all_chats_except_target_member_ids_no_bots_no_admins_not_in_target_live_20260311_223327.txt",
  "target_chat_id": -71456680806407,
  "processed_count": 400,
  "already_in_target_count": 0,
  "attempted_invite_count": 400,
  "invited_without_immediate_failure_count": 400,
  "verified_added_count": 354,
  "still_not_in_target_from_this_chunk_count": 46,
  "before_participants_count": 3442,
  "after_participants_count": 3795,
  "result_file": "data/irkutsk_full_invite_20260311_223805/batch_1200_1600_result.json",
  "still_missing_file": "data/irkutsk_full_invite_20260311_223805/batch_1200_1600_still_missing.txt"
}

> max-moderation-bot@1.0.0 members:add
> node scripts/add-chat-members-2026.js --source-file data/irkutsk_all_chats_except_target_member_ids_no_bots_no_admins_not_in_target_live_20260311_223327.txt --target-chat-id -71456680806407 --start 1600 --count 400 --invite-batch-size 10 --result-file data/irkutsk_full_invite_20260311_223805/batch_1600_2000_result.json --missing-file data/irkutsk_full_invite_20260311_223805/batch_1600_2000_still_missing.txt

[dotenv@17.3.1] injecting env (12) from .env -- tip: 🛠️  run anywhere with `dotenvx run -- yourcommand`
[run] Loading target member snapshot...
{
  "ok": false,
  "error": "fetch failed",
  "code": "unknown_error",
  "status": null
}
