> npm run members:add -- --source-file /home/denis/maxmanager/data/invite_zarinsk_target_20260314_154000/round2_merged_still_missing.txt --target-chat-id -71972126230535 --start 0 --count 400 --invite-batch-size 10 --result-file /home/denis/maxmanager/data/invite_zarinsk_target_20260314_154000/round3_batch001_1_400_result.json --missing-file /home/denis/maxmanager/data/invite_zarinsk_target_20260314_154000/round3_batch001_1_400_missing.txt


> max-moderation-bot@1.0.0 members:add
> node scripts/add-chat-members-2026.js --source-file /home/denis/maxmanager/data/invite_zarinsk_target_20260314_154000/round2_merged_still_missing.txt --target-chat-id -71972126230535 --start 0 --count 400 --invite-batch-size 10 --result-file /home/denis/maxmanager/data/invite_zarinsk_target_20260314_154000/round3_batch001_1_400_result.json --missing-file /home/denis/maxmanager/data/invite_zarinsk_target_20260314_154000/round3_batch001_1_400_missing.txt

[dotenv@17.3.1] injecting env (12) from .env -- tip: 🔐 encrypt with Dotenvx: https://dotenvx.com
[run] Loading target member snapshot...
[run] Snapshot loaded: 4257 members across 43 pages
[run] Inviting 400 users to chat -71972126230535 in batches of 10 (40 calls)...
[run] Stop triggered: 2 consecutive action_failed (limit 2)
[run] Verifying membership for 400 users...
{
  "ok": true,
  "source_file": "data/invite_zarinsk_target_20260314_154000/round2_merged_still_missing.txt",
  "target_chat_id": -71972126230535,
  "processed_count": 400,
  "already_in_target_count": 0,
  "attempted_invite_count": 20,
  "invited_without_immediate_failure_count": 0,
  "verified_added_count": 0,
  "still_not_in_target_from_this_chunk_count": 400,
  "before_participants_count": 4257,
  "after_participants_count": 4257,
  "result_file": "data/invite_zarinsk_target_20260314_154000/round3_batch001_1_400_result.json",
  "still_missing_file": "data/invite_zarinsk_target_20260314_154000/round3_batch001_1_400_missing.txt"
}


exit_status=0
signal=null
duration_sec=20