
> max-moderation-bot@1.0.0 members:add
> node scripts/add-chat-members-2026.js --source-file /home/denis/maxmanager/data/khakasia_all_chats_except_target_member_ids_no_bots_no_admins_not_in_target_live_20260314_171613.txt --target-chat-id -71975853328391 --start 2400 --count 400 --invite-batch-size 10 --result-file /home/denis/maxmanager/data/invite_khakasia_target_20260314_172358/batch007_2401_2800_result.json --missing-file /home/denis/maxmanager/data/invite_khakasia_target_20260314_172358/batch007_2401_2800_missing.txt

[dotenv@17.3.1] injecting env (12) from .env -- tip: ⚙️  specify custom .env file path with { path: '/custom/path/.env' }
[run] Loading target member snapshot...
[run] Snapshot loaded: 2270 members across 23 pages
[run] Inviting 399 users to chat -71975853328391 in batches of 10 (40 calls)...
[run] Progress: 50/399 users
[run] Progress: 100/399 users
[run] Progress: 150/399 users
[run] Progress: 200/399 users
[run] Progress: 250/399 users
[run] Progress: 300/399 users
[run] Progress: 350/399 users
[run] Progress: 399/399 users
[run] Verifying membership for 400 users...
{
  "ok": true,
  "source_file": "data/khakasia_all_chats_except_target_member_ids_no_bots_no_admins_not_in_target_live_20260314_171613.txt",
  "target_chat_id": -71975853328391,
  "processed_count": 400,
  "already_in_target_count": 1,
  "attempted_invite_count": 399,
  "invited_without_immediate_failure_count": 389,
  "verified_added_count": 386,
  "still_not_in_target_from_this_chunk_count": 13,
  "before_participants_count": 2270,
  "after_participants_count": 2654,
  "result_file": "data/invite_khakasia_target_20260314_172358/batch007_2401_2800_result.json",
  "still_missing_file": "data/invite_khakasia_target_20260314_172358/batch007_2401_2800_missing.txt"
}
