
> max-moderation-bot@1.0.0 members:add
> node scripts/add-chat-members-2026.js --source-file /home/denis/maxmanager/data/khakasia_all_chats_except_target_member_ids_no_bots_no_admins_not_in_target_live_20260314_171613.txt --target-chat-id -71975853328391 --start 3200 --count 400 --invite-batch-size 10 --result-file /home/denis/maxmanager/data/invite_khakasia_target_20260314_172358/batch009_3201_3600_result.json --missing-file /home/denis/maxmanager/data/invite_khakasia_target_20260314_172358/batch009_3201_3600_missing.txt

[dotenv@17.3.1] injecting env (12) from .env -- tip: 🔐 prevent committing .env to code: https://dotenvx.com/precommit
[run] Loading target member snapshot...
[run] Snapshot loaded: 3039 members across 31 pages
[run] Inviting 400 users to chat -71975853328391 in batches of 10 (40 calls)...
[run] Progress: 50/400 users
[run] Progress: 100/400 users
[run] Progress: 150/400 users
[run] Progress: 200/400 users
[run] Progress: 250/400 users
[run] Progress: 300/400 users
[run] Progress: 350/400 users
[run] Progress: 400/400 users
[run] Verifying membership for 400 users...
{
  "ok": true,
  "source_file": "data/khakasia_all_chats_except_target_member_ids_no_bots_no_admins_not_in_target_live_20260314_171613.txt",
  "target_chat_id": -71975853328391,
  "processed_count": 400,
  "already_in_target_count": 0,
  "attempted_invite_count": 400,
  "invited_without_immediate_failure_count": 400,
  "verified_added_count": 397,
  "still_not_in_target_from_this_chunk_count": 3,
  "before_participants_count": 3039,
  "after_participants_count": 3433,
  "result_file": "data/invite_khakasia_target_20260314_172358/batch009_3201_3600_result.json",
  "still_missing_file": "data/invite_khakasia_target_20260314_172358/batch009_3201_3600_missing.txt"
}
