[start] 2026-03-14T17:23:58+03:00 run_dir=/home/denis/maxmanager/data/invite_khakasia_target_20260314_172358
[start] 2026-03-14T17:23:58+03:00 source_file=/home/denis/maxmanager/data/khakasia_all_chats_except_target_member_ids_no_bots_no_admins_not_in_target_live_20260314_171613.txt total_ids=8103 target_chat_id=-71975853328391
[batch] 2026-03-14T17:23:58+03:00 batch001 start=0 count=400 cmd=npm run members:add -- --source-file /home/denis/maxmanager/data/khakasia_all_chats_except_target_member_ids_no_bots_no_admins_not_in_target_live_20260314_171613.txt --target-chat-id -71975853328391 --start 0 --count 400 --invite-batch-size 10 --result-file /home/denis/maxmanager/data/invite_khakasia_target_20260314_172358/batch001_1_400_result.json --missing-file /home/denis/maxmanager/data/invite_khakasia_target_20260314_172358/batch001_1_400_missing.txt
[batch-end] 2026-03-14T17:27:44+03:00 batch001 exit_status=0
[batch] 2026-03-14T17:27:44+03:00 batch002 start=400 count=400 cmd=npm run members:add -- --source-file /home/denis/maxmanager/data/khakasia_all_chats_except_target_member_ids_no_bots_no_admins_not_in_target_live_20260314_171613.txt --target-chat-id -71975853328391 --start 400 --count 400 --invite-batch-size 10 --result-file /home/denis/maxmanager/data/invite_khakasia_target_20260314_172358/batch002_401_800_result.json --missing-file /home/denis/maxmanager/data/invite_khakasia_target_20260314_172358/batch002_401_800_missing.txt
[batch-end] 2026-03-14T17:31:22+03:00 batch002 exit_status=0
[batch] 2026-03-14T17:31:22+03:00 batch003 start=800 count=400 cmd=npm run members:add -- --source-file /home/denis/maxmanager/data/khakasia_all_chats_except_target_member_ids_no_bots_no_admins_not_in_target_live_20260314_171613.txt --target-chat-id -71975853328391 --start 800 --count 400 --invite-batch-size 10 --result-file /home/denis/maxmanager/data/invite_khakasia_target_20260314_172358/batch003_801_1200_result.json --missing-file /home/denis/maxmanager/data/invite_khakasia_target_20260314_172358/batch003_801_1200_missing.txt
[batch-end] 2026-03-14T17:35:08+03:00 batch003 exit_status=0
[batch] 2026-03-14T17:35:08+03:00 batch004 start=1200 count=400 cmd=npm run members:add -- --source-file /home/denis/maxmanager/data/khakasia_all_chats_except_target_member_ids_no_bots_no_admins_not_in_target_live_20260314_171613.txt --target-chat-id -71975853328391 --start 1200 --count 400 --invite-batch-size 10 --result-file /home/denis/maxmanager/data/invite_khakasia_target_20260314_172358/batch004_1201_1600_result.json --missing-file /home/denis/maxmanager/data/invite_khakasia_target_20260314_172358/batch004_1201_1600_missing.txt
[batch-end] 2026-03-14T17:39:07+03:00 batch004 exit_status=0
[batch] 2026-03-14T17:39:07+03:00 batch005 start=1600 count=400 cmd=npm run members:add -- --source-file /home/denis/maxmanager/data/khakasia_all_chats_except_target_member_ids_no_bots_no_admins_not_in_target_live_20260314_171613.txt --target-chat-id -71975853328391 --start 1600 --count 400 --invite-batch-size 10 --result-file /home/denis/maxmanager/data/invite_khakasia_target_20260314_172358/batch005_1601_2000_result.json --missing-file /home/denis/maxmanager/data/invite_khakasia_target_20260314_172358/batch005_1601_2000_missing.txt
[batch-end] 2026-03-14T17:42:48+03:00 batch005 exit_status=0
[batch] 2026-03-14T17:42:48+03:00 batch006 start=2000 count=400 cmd=npm run members:add -- --source-file /home/denis/maxmanager/data/khakasia_all_chats_except_target_member_ids_no_bots_no_admins_not_in_target_live_20260314_171613.txt --target-chat-id -71975853328391 --start 2000 --count 400 --invite-batch-size 10 --result-file /home/denis/maxmanager/data/invite_khakasia_target_20260314_172358/batch006_2001_2400_result.json --missing-file /home/denis/maxmanager/data/invite_khakasia_target_20260314_172358/batch006_2001_2400_missing.txt
[batch-end] 2026-03-14T17:46:29+03:00 batch006 exit_status=0
[batch] 2026-03-14T17:46:29+03:00 batch007 start=2400 count=400 cmd=npm run members:add -- --source-file /home/denis/maxmanager/data/khakasia_all_chats_except_target_member_ids_no_bots_no_admins_not_in_target_live_20260314_171613.txt --target-chat-id -71975853328391 --start 2400 --count 400 --invite-batch-size 10 --result-file /home/denis/maxmanager/data/invite_khakasia_target_20260314_172358/batch007_2401_2800_result.json --missing-file /home/denis/maxmanager/data/invite_khakasia_target_20260314_172358/batch007_2401_2800_missing.txt
[batch-end] 2026-03-14T17:50:20+03:00 batch007 exit_status=0
[batch] 2026-03-14T17:50:20+03:00 batch008 start=2800 count=400 cmd=npm run members:add -- --source-file /home/denis/maxmanager/data/khakasia_all_chats_except_target_member_ids_no_bots_no_admins_not_in_target_live_20260314_171613.txt --target-chat-id -71975853328391 --start 2800 --count 400 --invite-batch-size 10 --result-file /home/denis/maxmanager/data/invite_khakasia_target_20260314_172358/batch008_2801_3200_result.json --missing-file /home/denis/maxmanager/data/invite_khakasia_target_20260314_172358/batch008_2801_3200_missing.txt
[batch-end] 2026-03-14T17:54:12+03:00 batch008 exit_status=0
[batch] 2026-03-14T17:54:12+03:00 batch009 start=3200 count=400 cmd=npm run members:add -- --source-file /home/denis/maxmanager/data/khakasia_all_chats_except_target_member_ids_no_bots_no_admins_not_in_target_live_20260314_171613.txt --target-chat-id -71975853328391 --start 3200 --count 400 --invite-batch-size 10 --result-file /home/denis/maxmanager/data/invite_khakasia_target_20260314_172358/batch009_3201_3600_result.json --missing-file /home/denis/maxmanager/data/invite_khakasia_target_20260314_172358/batch009_3201_3600_missing.txt
[batch-end] 2026-03-14T17:57:57+03:00 batch009 exit_status=0
[batch] 2026-03-14T17:57:57+03:00 batch010 start=3600 count=400 cmd=npm run members:add -- --source-file /home/denis/maxmanager/data/khakasia_all_chats_except_target_member_ids_no_bots_no_admins_not_in_target_live_20260314_171613.txt --target-chat-id -71975853328391 --start 3600 --count 400 --invite-batch-size 10 --result-file /home/denis/maxmanager/data/invite_khakasia_target_20260314_172358/batch010_3601_4000_result.json --missing-file /home/denis/maxmanager/data/invite_khakasia_target_20260314_172358/batch010_3601_4000_missing.txt
[batch-end] 2026-03-14T18:01:41+03:00 batch010 exit_status=0
[batch] 2026-03-14T18:01:41+03:00 batch011 start=4000 count=400 cmd=npm run members:add -- --source-file /home/denis/maxmanager/data/khakasia_all_chats_except_target_member_ids_no_bots_no_admins_not_in_target_live_20260314_171613.txt --target-chat-id -71975853328391 --start 4000 --count 400 --invite-batch-size 10 --result-file /home/denis/maxmanager/data/invite_khakasia_target_20260314_172358/batch011_4001_4400_result.json --missing-file /home/denis/maxmanager/data/invite_khakasia_target_20260314_172358/batch011_4001_4400_missing.txt
[batch-end] 2026-03-14T18:05:26+03:00 batch011 exit_status=0
[batch] 2026-03-14T18:05:26+03:00 batch012 start=4400 count=400 cmd=npm run members:add -- --source-file /home/denis/maxmanager/data/khakasia_all_chats_except_target_member_ids_no_bots_no_admins_not_in_target_live_20260314_171613.txt --target-chat-id -71975853328391 --start 4400 --count 400 --invite-batch-size 10 --result-file /home/denis/maxmanager/data/invite_khakasia_target_20260314_172358/batch012_4401_4800_result.json --missing-file /home/denis/maxmanager/data/invite_khakasia_target_20260314_172358/batch012_4401_4800_missing.txt
[batch-end] 2026-03-14T18:09:14+03:00 batch012 exit_status=0
[batch] 2026-03-14T18:09:14+03:00 batch013 start=4800 count=400 cmd=npm run members:add -- --source-file /home/denis/maxmanager/data/khakasia_all_chats_except_target_member_ids_no_bots_no_admins_not_in_target_live_20260314_171613.txt --target-chat-id -71975853328391 --start 4800 --count 400 --invite-batch-size 10 --result-file /home/denis/maxmanager/data/invite_khakasia_target_20260314_172358/batch013_4801_5200_result.json --missing-file /home/denis/maxmanager/data/invite_khakasia_target_20260314_172358/batch013_4801_5200_missing.txt
[batch-end] 2026-03-14T18:13:01+03:00 batch013 exit_status=0
[batch] 2026-03-14T18:13:01+03:00 batch014 start=5200 count=400 cmd=npm run members:add -- --source-file /home/denis/maxmanager/data/khakasia_all_chats_except_target_member_ids_no_bots_no_admins_not_in_target_live_20260314_171613.txt --target-chat-id -71975853328391 --start 5200 --count 400 --invite-batch-size 10 --result-file /home/denis/maxmanager/data/invite_khakasia_target_20260314_172358/batch014_5201_5600_result.json --missing-file /home/denis/maxmanager/data/invite_khakasia_target_20260314_172358/batch014_5201_5600_missing.txt
[batch-end] 2026-03-14T18:16:53+03:00 batch014 exit_status=0
[batch] 2026-03-14T18:16:53+03:00 batch015 start=5600 count=400 cmd=npm run members:add -- --source-file /home/denis/maxmanager/data/khakasia_all_chats_except_target_member_ids_no_bots_no_admins_not_in_target_live_20260314_171613.txt --target-chat-id -71975853328391 --start 5600 --count 400 --invite-batch-size 10 --result-file /home/denis/maxmanager/data/invite_khakasia_target_20260314_172358/batch015_5601_6000_result.json --missing-file /home/denis/maxmanager/data/invite_khakasia_target_20260314_172358/batch015_5601_6000_missing.txt
[batch-end] 2026-03-14T18:20:45+03:00 batch015 exit_status=0
[batch] 2026-03-14T18:20:45+03:00 batch016 start=6000 count=400 cmd=npm run members:add -- --source-file /home/denis/maxmanager/data/khakasia_all_chats_except_target_member_ids_no_bots_no_admins_not_in_target_live_20260314_171613.txt --target-chat-id -71975853328391 --start 6000 --count 400 --invite-batch-size 10 --result-file /home/denis/maxmanager/data/invite_khakasia_target_20260314_172358/batch016_6001_6400_result.json --missing-file /home/denis/maxmanager/data/invite_khakasia_target_20260314_172358/batch016_6001_6400_missing.txt
[batch-end] 2026-03-14T18:24:34+03:00 batch016 exit_status=0
[batch] 2026-03-14T18:24:34+03:00 batch017 start=6400 count=400 cmd=npm run members:add -- --source-file /home/denis/maxmanager/data/khakasia_all_chats_except_target_member_ids_no_bots_no_admins_not_in_target_live_20260314_171613.txt --target-chat-id -71975853328391 --start 6400 --count 400 --invite-batch-size 10 --result-file /home/denis/maxmanager/data/invite_khakasia_target_20260314_172358/batch017_6401_6800_result.json --missing-file /home/denis/maxmanager/data/invite_khakasia_target_20260314_172358/batch017_6401_6800_missing.txt
[batch-end] 2026-03-14T18:28:29+03:00 batch017 exit_status=0
[batch] 2026-03-14T18:28:29+03:00 batch018 start=6800 count=400 cmd=npm run members:add -- --source-file /home/denis/maxmanager/data/khakasia_all_chats_except_target_member_ids_no_bots_no_admins_not_in_target_live_20260314_171613.txt --target-chat-id -71975853328391 --start 6800 --count 400 --invite-batch-size 10 --result-file /home/denis/maxmanager/data/invite_khakasia_target_20260314_172358/batch018_6801_7200_result.json --missing-file /home/denis/maxmanager/data/invite_khakasia_target_20260314_172358/batch018_6801_7200_missing.txt
[batch-end] 2026-03-14T18:32:19+03:00 batch018 exit_status=0
[batch] 2026-03-14T18:32:19+03:00 batch019 start=7200 count=400 cmd=npm run members:add -- --source-file /home/denis/maxmanager/data/khakasia_all_chats_except_target_member_ids_no_bots_no_admins_not_in_target_live_20260314_171613.txt --target-chat-id -71975853328391 --start 7200 --count 400 --invite-batch-size 10 --result-file /home/denis/maxmanager/data/invite_khakasia_target_20260314_172358/batch019_7201_7600_result.json --missing-file /home/denis/maxmanager/data/invite_khakasia_target_20260314_172358/batch019_7201_7600_missing.txt
[batch-end] 2026-03-14T18:36:10+03:00 batch019 exit_status=0
[batch] 2026-03-14T18:36:10+03:00 batch020 start=7600 count=400 cmd=npm run members:add -- --source-file /home/denis/maxmanager/data/khakasia_all_chats_except_target_member_ids_no_bots_no_admins_not_in_target_live_20260314_171613.txt --target-chat-id -71975853328391 --start 7600 --count 400 --invite-batch-size 10 --result-file /home/denis/maxmanager/data/invite_khakasia_target_20260314_172358/batch020_7601_8000_result.json --missing-file /home/denis/maxmanager/data/invite_khakasia_target_20260314_172358/batch020_7601_8000_missing.txt
[batch-end] 2026-03-14T18:37:24+03:00 batch020 exit_status=0
[batch] 2026-03-14T18:37:24+03:00 batch021 start=8000 count=103 cmd=npm run members:add -- --source-file /home/denis/maxmanager/data/khakasia_all_chats_except_target_member_ids_no_bots_no_admins_not_in_target_live_20260314_171613.txt --target-chat-id -71975853328391 --start 8000 --count 103 --invite-batch-size 10 --result-file /home/denis/maxmanager/data/invite_khakasia_target_20260314_172358/batch021_8001_8103_result.json --missing-file /home/denis/maxmanager/data/invite_khakasia_target_20260314_172358/batch021_8001_8103_missing.txt
[batch-end] 2026-03-14T18:38:09+03:00 batch021 exit_status=0
[done] 2026-03-14T18:38:09+03:00 first_pass_completed batches=21 total_ids=8103
