
> max-moderation-bot@1.0.0 members:add
> node scripts/add-chat-members-2026.js --source-file /home/denis/maxmanager/data/invite_khakasia_target_20260314_172358/first_pass_merged_still_missing.txt --target-chat-id -71975853328391 --start 400 --count 400 --invite-batch-size 10 --stop-on-action-failed 0 --split-action-failed-batch --result-file /home/denis/maxmanager/data/invite_khakasia_target_20260314_172358/retry1/retry1_batch002_401_800_result.json --missing-file /home/denis/maxmanager/data/invite_khakasia_target_20260314_172358/retry1/retry1_batch002_401_800_missing.txt

[dotenv@17.3.1] injecting env (12) from .env -- tip: ⚙️  override existing env vars with { override: true }
[run] Loading target member snapshot...
[run] Snapshot loaded: 6615 members across 67 pages
[run] Inviting 400 users to chat -71975853328391 in batches of 10 (40 calls)...
[run] Progress: 50/400 users
[run] Progress: 100/400 users
[run] Progress: 150/400 users
[run] Progress: 200/400 users
[run] Progress: 250/400 users
[run] Progress: 300/400 users
[run] Progress: 350/400 users
[run] Progress: 400/400 users
[run] Verifying membership for 400 users...
{
  "ok": true,
  "source_file": "data/invite_khakasia_target_20260314_172358/first_pass_merged_still_missing.txt",
  "target_chat_id": -71975853328391,
  "processed_count": 400,
  "already_in_target_count": 0,
  "attempted_invite_count": 400,
  "invited_without_immediate_failure_count": 20,
  "verified_added_count": 1,
  "still_not_in_target_from_this_chunk_count": 399,
  "before_participants_count": 6615,
  "after_participants_count": 6566,
  "result_file": "data/invite_khakasia_target_20260314_172358/retry1/retry1_batch002_401_800_result.json",
  "still_missing_file": "data/invite_khakasia_target_20260314_172358/retry1/retry1_batch002_401_800_missing.txt"
}
