
> max-moderation-bot@1.0.0 members:add
> node scripts/add-chat-members-2026.js --source-file /home/denis/maxmanager/data/invite_khakasia_target_20260314_172358/first_pass_merged_still_missing.txt --target-chat-id -71975853328391 --start 800 --count 391 --invite-batch-size 10 --stop-on-action-failed 0 --split-action-failed-batch --result-file /home/denis/maxmanager/data/invite_khakasia_target_20260314_172358/retry1/retry1_batch003_801_1191_result.json --missing-file /home/denis/maxmanager/data/invite_khakasia_target_20260314_172358/retry1/retry1_batch003_801_1191_missing.txt

[dotenv@17.3.1] injecting env (12) from .env -- tip: 🔐 prevent committing .env to code: https://dotenvx.com/precommit
[run] Loading target member snapshot...
[run] Snapshot loaded: 6565 members across 66 pages
[run] Inviting 391 users to chat -71975853328391 in batches of 10 (40 calls)...
[run] Progress: 50/391 users
[run] Progress: 100/391 users
[run] Progress: 150/391 users
[run] Progress: 200/391 users
[run] Progress: 250/391 users
[run] Progress: 300/391 users
[run] Progress: 350/391 users
[run] Progress: 391/391 users
[run] Verifying membership for 391 users...
{
  "ok": true,
  "source_file": "data/invite_khakasia_target_20260314_172358/first_pass_merged_still_missing.txt",
  "target_chat_id": -71975853328391,
  "processed_count": 391,
  "already_in_target_count": 0,
  "attempted_invite_count": 391,
  "invited_without_immediate_failure_count": 280,
  "verified_added_count": 81,
  "still_not_in_target_from_this_chunk_count": 310,
  "before_participants_count": 6566,
  "after_participants_count": 6636,
  "result_file": "data/invite_khakasia_target_20260314_172358/retry1/retry1_batch003_801_1191_result.json",
  "still_missing_file": "data/invite_khakasia_target_20260314_172358/retry1/retry1_batch003_801_1191_missing.txt"
}
