[2026-02-25 01:10:00] Wave invite started
[2026-02-25 01:10:00] source_file=/home/MaxManager/data/avtorynok_volgogradskaya_oblast_member_ids.json
[2026-02-25 01:10:00] target_chat_id=-71313986483690
[2026-02-25 01:10:00] wave_size=20 wave_pause_sec=5 invite_pause_ms=80 max_retries=1
[2026-02-25 01:10:00] run_dir=/home/MaxManager/data/wave_invite_20260225_011000
[2026-02-25 01:10:07] wave=1 target_members=1804 remaining=2951
[2026-02-25 01:10:07] wave=1 trying wave_count=20
[dotenv@17.3.1] injecting env (11) from .env -- tip: ⚙️  load multiple .env files with { path: ['.env.local', '.env'] }
[run] Inviting 20 users to chat -71313986483690...
[run] Progress: 20/20
[run] Verifying membership for 20 users...
{
  "ok": true,
  "source_file": "data/wave_invite_20260225_011000/wave_1_remaining_shuffled.txt",
  "target_chat_id": -71313986483690,
  "processed_count": 20,
  "already_in_target_count": 0,
  "attempted_invite_count": 20,
  "invited_without_immediate_failure_count": 0,
  "verified_added_count": 0,
  "still_not_in_target_from_this_chunk_count": 20,
  "before_participants_count": 1804,
  "after_participants_count": 1804,
  "result_file": "data/wave_invite_20260225_011000/wave_1_result.json",
  "still_missing_file": "data/wave_invite_20260225_011000/wave_1_missing.txt"
}
[2026-02-25 01:10:18] wave=1 attempted=20 verified_added=0 still_missing_in_chunk=20
[2026-02-25 01:10:18] wave=1 sleeping 5s
[2026-02-25 01:10:23] Reached max_waves=1, stopping
[2026-02-25 01:10:23] Wave invite finished
[2026-02-25 01:10:23] summary_file=/home/MaxManager/data/wave_invite_20260225_011000/summary.jsonl
