[2026-02-25 03:11:18] Wave invite started
[2026-02-25 03:11:18] source_file=data/avtorynok_volgogradskaya_oblast_member_ids.json
[2026-02-25 03:11:18] target_chat_id=-71313986483690
[2026-02-25 03:11:18] wave_size=100 wave_pause_sec=180 invite_pause_ms=260 invite_batch_size=10 max_retries=2
[2026-02-25 03:11:18] run_dir=/home/MaxManager/data/wave_invite_20260225_031118
[dotenv@17.3.1] injecting env (11) from .env -- tip: ⚙️  write to custom object with { processEnv: myObject }
[2026-02-25 03:11:26] wave=1 target_members=3571 remaining=1182
[2026-02-25 03:11:26] wave=1 trying wave_count=100
[dotenv@17.3.1] injecting env (11) from .env -- tip: ⚙️  override existing env vars with { override: true }
[run] Inviting 100 users to chat -71313986483690 in batches of 10 (10 calls)...
[run] Progress: 100/100 users
[run] Verifying membership for 100 users...
{
  "ok": true,
  "source_file": "data/wave_invite_20260225_031118/wave_1_remaining_shuffled.txt",
  "target_chat_id": -71313986483690,
  "processed_count": 100,
  "already_in_target_count": 0,
  "attempted_invite_count": 100,
  "invited_without_immediate_failure_count": 0,
  "verified_added_count": 0,
  "still_not_in_target_from_this_chunk_count": 100,
  "before_participants_count": 3571,
  "after_participants_count": 3571,
  "result_file": "data/wave_invite_20260225_031118/wave_1_result.json",
  "still_missing_file": "data/wave_invite_20260225_031118/wave_1_missing.txt"
}
[2026-02-25 03:11:35] wave=1 attempted=100 verified_added=0 still_missing_in_chunk=100
[2026-02-25 03:11:35] wave=1 sleeping 180s
[dotenv@17.3.1] injecting env (11) from .env -- tip: ⚙️  enable debug logging with { debug: true }
[2026-02-25 03:14:37] wave=2 target_members=3571 remaining=1182
[2026-02-25 03:14:37] wave=2 trying wave_count=100
[dotenv@17.3.1] injecting env (11) from .env -- tip: ⚙️  write to custom object with { processEnv: myObject }
[run] Inviting 100 users to chat -71313986483690 in batches of 10 (10 calls)...
[run] Progress: 100/100 users
[run] Verifying membership for 100 users...
{
  "ok": true,
  "source_file": "data/wave_invite_20260225_031118/wave_2_remaining_shuffled.txt",
  "target_chat_id": -71313986483690,
  "processed_count": 100,
  "already_in_target_count": 0,
  "attempted_invite_count": 100,
  "invited_without_immediate_failure_count": 0,
  "verified_added_count": 0,
  "still_not_in_target_from_this_chunk_count": 100,
  "before_participants_count": 3571,
  "after_participants_count": 3571,
  "result_file": "data/wave_invite_20260225_031118/wave_2_result.json",
  "still_missing_file": "data/wave_invite_20260225_031118/wave_2_missing.txt"
}
[2026-02-25 03:14:45] wave=2 attempted=100 verified_added=0 still_missing_in_chunk=100
[2026-02-25 03:14:45] wave=2 sleeping 180s
