
> max-moderation-bot@1.0.0 members:add
> node scripts/add-chat-members-2026.js --source-file /home/denis/maxmanager/data/krasnoyarsk_all_chats_except_target_member_ids_no_bots_no_admins_not_in_target_live_20260314_205532.txt --target-chat-id -71506932434951 --start 400 --count 400 --invite-batch-size 10 --pause-ms 4200 --retry-action-failed --split-action-failed-batch --result-file /home/denis/maxmanager/data/invite_krasnoyarsk_target_20260314_205853/round1_batch002_401_800_result.json --missing-file /home/denis/maxmanager/data/invite_krasnoyarsk_target_20260314_205853/round1_batch002_401_800_missing.txt

[dotenv@17.3.1] injecting env (12) from .env -- tip: 🔐 prevent committing .env to code: https://dotenvx.com/precommit
[run] Loading target member snapshot...
[run] Snapshot loaded: 2057 members across 21 pages
[run] Inviting 400 users to chat -71506932434951 in batches of 10 (40 calls)...
[run] Progress: 50/400 users
[run] Progress: 100/400 users
[run] Progress: 150/400 users
[run] Progress: 200/400 users
[run] Progress: 250/400 users
[run] Progress: 300/400 users
[run] Progress: 350/400 users
[run] Progress: 400/400 users
[run] Verifying membership for 400 users...
{
  "ok": true,
  "source_file": "data/krasnoyarsk_all_chats_except_target_member_ids_no_bots_no_admins_not_in_target_live_20260314_205532.txt",
  "target_chat_id": -71506932434951,
  "processed_count": 400,
  "already_in_target_count": 0,
  "attempted_invite_count": 400,
  "invited_without_immediate_failure_count": 400,
  "verified_added_count": 295,
  "still_not_in_target_from_this_chunk_count": 105,
  "before_participants_count": 2057,
  "after_participants_count": 2352,
  "result_file": "data/invite_krasnoyarsk_target_20260314_205853/round1_batch002_401_800_result.json",
  "still_missing_file": "data/invite_krasnoyarsk_target_20260314_205853/round1_batch002_401_800_missing.txt"
}
