
> max-moderation-bot@1.0.0 members:add
> node scripts/add-chat-members-2026.js --source-file data/yakutsk_all_chats_except_target_member_ids_no_bots_no_admins_not_in_target_live_20260318_005924.txt --target-chat-id -72155689814023 --start 0 --count 400 --invite-batch-size 10 --max-retries 0 --stop-on-action-failed 0 --result-file data/invite_yakutsk_target_20260318_012434/batch001_1_400_result.json --missing-file data/invite_yakutsk_target_20260318_012434/batch001_1_400_missing.txt

[dotenv@17.3.1] injecting env (12) from .env -- tip: ⚙️  override existing env vars with { override: true }
[run] Loading target member snapshot...
[run] Snapshot loaded: 8 members across 1 pages
[run] Inviting 400 users to chat -72155689814023 in batches of 10 (40 calls)...
[run] Progress: 50/400 users
[run] Progress: 100/400 users
[run] Progress: 150/400 users
[run] Progress: 200/400 users
[run] Progress: 250/400 users
[run] Progress: 300/400 users
[run] Progress: 350/400 users
[run] Progress: 400/400 users
[run] Verifying membership for 400 users...
{
  "ok": true,
  "source_file": "data/yakutsk_all_chats_except_target_member_ids_no_bots_no_admins_not_in_target_live_20260318_005924.txt",
  "target_chat_id": -72155689814023,
  "processed_count": 400,
  "already_in_target_count": 0,
  "attempted_invite_count": 400,
  "invited_without_immediate_failure_count": 400,
  "verified_added_count": 382,
  "still_not_in_target_from_this_chunk_count": 18,
  "before_participants_count": 8,
  "after_participants_count": 389,
  "result_file": "data/invite_yakutsk_target_20260318_012434/batch001_1_400_result.json",
  "still_missing_file": "data/invite_yakutsk_target_20260318_012434/batch001_1_400_missing.txt"
}
