[2026-02-25 03:34:57] Wave invite started
[2026-02-25 03:34:57] source_file=data/avtorynok_volgogradskaya_oblast_member_ids.json
[2026-02-25 03:34:57] target_chat_id=-71313986483690
[2026-02-25 03:34:57] wave_size=120 wave_pause_sec=300 invite_pause_ms=80 invite_batch_size=1 max_retries=1
[2026-02-25 03:34:57] run_dir=/home/MaxManager/data/wave_invite_20260225_033457
[dotenv@17.3.1] injecting env (11) from .env -- tip: ⚙️  suppress all logs with { quiet: true }
[2026-02-25 03:35:05] wave=1 target_members=3572 remaining=1182
[2026-02-25 03:35:05] wave=1 trying wave_count=120
[dotenv@17.3.1] injecting env (11) from .env -- tip: ⚙️  override existing env vars with { override: true }
[run] Inviting 120 users to chat -71313986483690 in batches of 1 (120 calls)...
[run] Progress: 120/120 users
[run] Verifying membership for 120 users...
{
  "ok": true,
  "source_file": "data/wave_invite_20260225_033457/wave_1_remaining_shuffled.txt",
  "target_chat_id": -71313986483690,
  "processed_count": 120,
  "already_in_target_count": 0,
  "attempted_invite_count": 120,
  "invited_without_immediate_failure_count": 0,
  "verified_added_count": 0,
  "still_not_in_target_from_this_chunk_count": 120,
  "before_participants_count": 3572,
  "after_participants_count": 3572,
  "result_file": "data/wave_invite_20260225_033457/wave_1_result.json",
  "still_missing_file": "data/wave_invite_20260225_033457/wave_1_missing.txt"
}
[2026-02-25 03:35:43] wave=1 attempted=120 verified_added=0 still_missing_in_chunk=120
[2026-02-25 03:35:43] wave=1 sleeping 300s
[dotenv@17.3.1] injecting env (11) from .env -- tip: 🛡️ auth for agents: https://vestauth.com
[2026-02-25 11:11:26] wave=2 target_members=3195 remaining=1536
[2026-02-25 11:11:26] wave=2 trying wave_count=120
[dotenv@17.3.1] injecting env (11) from .env -- tip: ⚡️ secrets for agents: https://dotenvx.com/as2
[run] Inviting 120 users to chat -71313986483690 in batches of 1 (120 calls)...
