
> max-moderation-bot@1.0.0 members:add
> node scripts/add-chat-members-2026.js --env-file /tmp/tmp.ueNH8NbwXc --source-file трупы --target-chat-id -73587194528495 --start 9250 --count 1000 --invite-batch-size 10 --pause-ms 3000 --max-retries 0 --stop-on-action-failed 0

[dotenv@17.3.1] injecting env (1) from ../../../../../tmp/tmp.ueNH8NbwXc -- tip: ⚡️ secrets for agents: https://dotenvx.com/as2
[run] Loading target member snapshot...
[run] Snapshot loaded: 3841 members across 39 pages
[run] Inviting 996 users to chat -73587194528495 in batches of 10 (100 calls)...
[run] Progress: 50/996 users
[run] Progress: 100/996 users
[run] Progress: 150/996 users
[run] Progress: 200/996 users
[run] Progress: 250/996 users
[run] Progress: 300/996 users
[run] Progress: 350/996 users
[run] Progress: 400/996 users
[run] Progress: 450/996 users
[run] Progress: 500/996 users
[run] Progress: 550/996 users
[run] Progress: 600/996 users
[run] Progress: 650/996 users
[run] Progress: 700/996 users
[run] Progress: 750/996 users
[run] Progress: 800/996 users
[run] Progress: 850/996 users
[run] Progress: 900/996 users
[run] Progress: 950/996 users
[run] Progress: 996/996 users
[run] Verifying membership for 1000 users...
{
  "ok": true,
  "source_file": "трупы",
  "target_chat_id": -73587194528495,
  "processed_count": 1000,
  "already_in_target_count": 4,
  "attempted_invite_count": 996,
  "invited_without_immediate_failure_count": 976,
  "verified_added_count": 814,
  "still_not_in_target_from_this_chunk_count": 182,
  "before_participants_count": 3841,
  "after_participants_count": 4608,
  "result_file": "data/add_members_to_73587194528495_9251_10250_20260416143846_result.json",
  "still_missing_file": "data/still_missing_members_to_73587194528495_9251_10250_20260416143846.txt"
}
