[2026-04-18 18:23:51] START 1200-run source=6f2a760be0bf877719277827520ceac4.txt
[2026-04-18 18:23:51] RUN chat=-72762661451185 start=0 count=1000

> max-moderation-bot@1.0.0 members:add
> node scripts/add-chat-members-2026.js --env-file /tmp/tmp.E0gBXgJkMq --source-file 6f2a760be0bf877719277827520ceac4.txt --target-chat-id -72762661451185 --start 0 --count 1000 --invite-batch-size 10 --pause-ms 3000 --max-retries 0 --stop-on-action-failed 0

◇ injected env (1) from ../../../../../tmp/tmp.E0gBXgJkMq // tip: ◈ secrets for agents [www.dotenvx.com]
[run] Loading target member snapshot...
[run] Snapshot loaded: 9 members across 1 pages
[run] Inviting 999 users to chat -72762661451185 in batches of 10 (100 calls)...
[run] Progress: 50/999 users
[run] Progress: 100/999 users
[run] Progress: 150/999 users
[run] Progress: 200/999 users
[run] Progress: 250/999 users
[run] Progress: 300/999 users
[run] Progress: 350/999 users
[run] Progress: 400/999 users
[run] Progress: 450/999 users
[run] Progress: 500/999 users
[run] Progress: 550/999 users
[run] Progress: 600/999 users
[run] Progress: 650/999 users
[run] Progress: 700/999 users
[run] Progress: 750/999 users
[run] Progress: 800/999 users
[run] Progress: 850/999 users
[run] Progress: 900/999 users
[run] Progress: 950/999 users
[run] Progress: 999/999 users
[run] Verifying membership for 1000 users...
{
  "ok": true,
  "source_file": "6f2a760be0bf877719277827520ceac4.txt",
  "target_chat_id": -72762661451185,
  "processed_count": 1000,
  "already_in_target_count": 1,
  "attempted_invite_count": 999,
  "invited_without_immediate_failure_count": 999,
  "verified_added_count": 811,
  "still_not_in_target_from_this_chunk_count": 188,
  "before_participants_count": 9,
  "after_participants_count": 820,
  "result_file": "data/add_6f2a760be0bf877719277827520ceac4_to_72762661451185_1_1000_20260418152351_result.json",
  "still_missing_file": "data/still_missing_6f2a760be0bf877719277827520ceac4_to_72762661451185_1_1000_20260418152351.txt"
}
[2026-04-18 18:29:25] PAUSE 60s before next wave
[2026-04-18 18:30:24] RUN chat=-72762661451185 start=1000 count=200

> max-moderation-bot@1.0.0 members:add
> node scripts/add-chat-members-2026.js --env-file /tmp/tmp.E0gBXgJkMq --source-file 6f2a760be0bf877719277827520ceac4.txt --target-chat-id -72762661451185 --start 1000 --count 200 --invite-batch-size 10 --pause-ms 3000 --max-retries 0 --stop-on-action-failed 0

◇ injected env (1) from ../../../../../tmp/tmp.E0gBXgJkMq // tip: ◈ secrets for agents [www.dotenvx.com]
[run] Loading target member snapshot...
[run] Snapshot loaded: 820 members across 9 pages
[run] Inviting 200 users to chat -72762661451185 in batches of 10 (20 calls)...
[run] Progress: 50/200 users
[run] Progress: 100/200 users
[run] Progress: 150/200 users
[run] Progress: 200/200 users
[run] Verifying membership for 200 users...
{
  "ok": true,
  "source_file": "6f2a760be0bf877719277827520ceac4.txt",
  "target_chat_id": -72762661451185,
  "processed_count": 200,
  "already_in_target_count": 0,
  "attempted_invite_count": 200,
  "invited_without_immediate_failure_count": 200,
  "verified_added_count": 180,
  "still_not_in_target_from_this_chunk_count": 20,
  "before_participants_count": 820,
  "after_participants_count": 994,
  "result_file": "data/add_6f2a760be0bf877719277827520ceac4_to_72762661451185_1001_1200_20260418153024_result.json",
  "still_missing_file": "data/still_missing_6f2a760be0bf877719277827520ceac4_to_72762661451185_1001_1200_20260418153024.txt"
}
[2026-04-18 18:31:33] DONE 1200-run
