[run] start=20260414_171918 total=15195 target=-73500089757096 source=Все мясо.txt
[wave] #1 start=0 count=1000
node:internal/modules/cjs/loader:1424
  throw err;
  ^

Error: Cannot find module '/tmp/force-max-api-dns.js'
Require stack:
- internal/preload
    at Module._resolveFilename (node:internal/modules/cjs/loader:1421:15)
    at defaultResolveImpl (node:internal/modules/cjs/loader:1059:19)
    at resolveForCJSWithHooks (node:internal/modules/cjs/loader:1064:22)
    at Module._load (node:internal/modules/cjs/loader:1227:37)
    at TracingChannel.traceSync (node:diagnostics_channel:328:14)
    at wrapModuleLoad (node:internal/modules/cjs/loader:245:24)
    at Module.require (node:internal/modules/cjs/loader:1504:12)
    at node:internal/modules/cjs/loader:2046:12
    at loadPreloadModules (node:internal/process/pre_execution:697:5)
    at initializeModuleLoaders (node:internal/process/pre_execution:238:5) {
  code: 'MODULE_NOT_FOUND',
  requireStack: [ 'internal/preload' ]
}

Node.js v24.11.1
