[2026-04-18 20:44:38] START 1500-run source=трупы
[2026-04-18 20:44:38] RUN chat=-73690462043449 start=0 count=1000

> max-moderation-bot@1.0.0 members:add
> node scripts/add-chat-members-2026.js --env-file /tmp/tmp.JaUf31NuSP --source-file трупы --target-chat-id -73690462043449 --start 0 --count 1000 --invite-batch-size 10 --pause-ms 3000 --max-retries 0 --stop-on-action-failed 0

◇ injected env (1) from ../../../../../tmp/tmp.JaUf31NuSP // tip: ⌘ suppress logs { quiet: true }
[run] Loading target member snapshot...
[run] Snapshot loaded: 3 members across 1 pages
[run] Inviting 1000 users to chat -73690462043449 in batches of 10 (100 calls)...
[run] Progress: 50/1000 users
[run] Progress: 100/1000 users
[run] Progress: 150/1000 users
[run] Progress: 200/1000 users
[run] Progress: 250/1000 users
[run] Progress: 300/1000 users
[run] Progress: 350/1000 users
[run] Progress: 400/1000 users
[run] Progress: 450/1000 users
[run] Progress: 500/1000 users
[run] Progress: 550/1000 users
[run] Progress: 600/1000 users
[run] Progress: 650/1000 users
[run] Progress: 700/1000 users
[run] Progress: 750/1000 users
[run] Progress: 800/1000 users
[run] Progress: 850/1000 users
[run] Progress: 900/1000 users
[run] Progress: 950/1000 users
[run] Progress: 1000/1000 users
[run] Verifying membership for 1000 users...
{
  "ok": true,
  "source_file": "трупы",
  "target_chat_id": -73690462043449,
  "processed_count": 1000,
  "already_in_target_count": 0,
  "attempted_invite_count": 1000,
  "invited_without_immediate_failure_count": 1000,
  "verified_added_count": 802,
  "still_not_in_target_from_this_chunk_count": 198,
  "before_participants_count": 3,
  "after_participants_count": 805,
  "result_file": "data/add_members_to_73690462043449_1_1000_20260418174438_result.json",
  "still_missing_file": "data/still_missing_members_to_73690462043449_1_1000_20260418174438.txt"
}
[2026-04-18 20:50:17] PAUSE 60s before next wave
[2026-04-18 20:51:13] RUN chat=-73690462043449 start=1000 count=500

> max-moderation-bot@1.0.0 members:add
> node scripts/add-chat-members-2026.js --env-file /tmp/tmp.JaUf31NuSP --source-file трупы --target-chat-id -73690462043449 --start 1000 --count 500 --invite-batch-size 10 --pause-ms 3000 --max-retries 0 --stop-on-action-failed 0

◇ injected env (1) from ../../../../../tmp/tmp.JaUf31NuSP // tip: ⌘ enable debugging { debug: true }
[run] Loading target member snapshot...
[run] Snapshot loaded: 805 members across 9 pages
[run] Inviting 500 users to chat -73690462043449 in batches of 10 (50 calls)...
[run] Progress: 50/500 users
[run] Progress: 100/500 users
[run] Progress: 150/500 users
[run] Progress: 200/500 users
[run] Progress: 250/500 users
[run] Progress: 300/500 users
[run] Progress: 350/500 users
[run] Progress: 400/500 users
[run] Progress: 450/500 users
[run] Progress: 500/500 users
[run] Verifying membership for 500 users...
{
  "ok": true,
  "source_file": "трупы",
  "target_chat_id": -73690462043449,
  "processed_count": 500,
  "already_in_target_count": 0,
  "attempted_invite_count": 500,
  "invited_without_immediate_failure_count": 500,
  "verified_added_count": 469,
  "still_not_in_target_from_this_chunk_count": 31,
  "before_participants_count": 805,
  "after_participants_count": 1274,
  "result_file": "data/add_members_to_73690462043449_1001_1500_20260418175114_result.json",
  "still_missing_file": "data/still_missing_members_to_73690462043449_1001_1500_20260418175114.txt"
}
[2026-04-18 20:54:07] DONE 1500-run
