[2026-04-18 20:54:26] START 1500-run source=data/казик
[2026-04-18 20:54:26] RUN chat=-73690462043449 start=0 count=1000 source=data/казик

> max-moderation-bot@1.0.0 members:add
> node scripts/add-chat-members-2026.js --env-file /tmp/tmp.uNWUxksrsb --source-file data/казик --target-chat-id -73690462043449 --start 0 --count 1000 --invite-batch-size 10 --pause-ms 3000 --max-retries 0 --stop-on-action-failed 0

◇ injected env (1) from ../../../../../tmp/tmp.uNWUxksrsb // tip: ⌘ enable debugging { debug: true }
[run] Loading target member snapshot...
[run] Snapshot loaded: 1274 members across 13 pages
[run] Inviting 1000 users to chat -73690462043449 in batches of 10 (100 calls)...
[run] Progress: 50/1000 users
[run] Progress: 100/1000 users
[run] Progress: 150/1000 users
[run] Progress: 200/1000 users
[run] Progress: 250/1000 users
[run] Progress: 300/1000 users
[run] Progress: 350/1000 users
[run] Progress: 400/1000 users
[run] Progress: 450/1000 users
[run] Progress: 500/1000 users
[run] Progress: 550/1000 users
[run] Progress: 600/1000 users
[run] Progress: 650/1000 users
[run] Progress: 700/1000 users
[run] Progress: 750/1000 users
[run] Progress: 800/1000 users
[run] Progress: 850/1000 users
[run] Progress: 900/1000 users
[run] Progress: 950/1000 users
[run] Progress: 1000/1000 users
[run] Verifying membership for 1000 users...
{
  "ok": true,
  "source_file": "data/казик",
  "target_chat_id": -73690462043449,
  "processed_count": 1000,
  "already_in_target_count": 0,
  "attempted_invite_count": 1000,
  "invited_without_immediate_failure_count": 1000,
  "verified_added_count": 936,
  "still_not_in_target_from_this_chunk_count": 64,
  "before_participants_count": 1274,
  "after_participants_count": 2209,
  "result_file": "data/add_members_to_73690462043449_1_1000_20260418175427_result.json",
  "still_missing_file": "data/still_missing_members_to_73690462043449_1_1000_20260418175427.txt"
}
[2026-04-18 21:00:14] PAUSE 60s before next wave
[2026-04-18 21:01:11] RUN chat=-73690462043449 start=1000 count=500 source=data/казик

> max-moderation-bot@1.0.0 members:add
> node scripts/add-chat-members-2026.js --env-file /tmp/tmp.uNWUxksrsb --source-file data/казик --target-chat-id -73690462043449 --start 1000 --count 500 --invite-batch-size 10 --pause-ms 3000 --max-retries 0 --stop-on-action-failed 0

◇ injected env (1) from ../../../../../tmp/tmp.uNWUxksrsb // tip: ⌘ suppress logs { quiet: true }
[run] Loading target member snapshot...
[run] Snapshot loaded: 2208 members across 23 pages
[run] Inviting 500 users to chat -73690462043449 in batches of 10 (50 calls)...
[run] Progress: 50/500 users
[run] Progress: 100/500 users
[run] Progress: 150/500 users
[run] Progress: 200/500 users
[run] Progress: 250/500 users
[run] Progress: 300/500 users
[run] Progress: 350/500 users
[run] Progress: 400/500 users
[run] Progress: 450/500 users
[run] Progress: 500/500 users
[run] Verifying membership for 500 users...
{
  "ok": true,
  "source_file": "data/казик",
  "target_chat_id": -73690462043449,
  "processed_count": 500,
  "already_in_target_count": 0,
  "attempted_invite_count": 500,
  "invited_without_immediate_failure_count": 500,
  "verified_added_count": 463,
  "still_not_in_target_from_this_chunk_count": 37,
  "before_participants_count": 2208,
  "after_participants_count": 2629,
  "result_file": "data/add_members_to_73690462043449_1001_1500_20260418180111_result.json",
  "still_missing_file": "data/still_missing_members_to_73690462043449_1001_1500_20260418180111.txt"
}
[2026-04-18 21:04:10] DONE 1500-run
