[run] log=data/add_token1_3chats_2500_20260415_020252.log
[run] summary=data/add_token1_3chats_2500_summary_20260415_020252.tsv
[run] progress=data/token34_nonlocal_ads_7500_marked_progress_20260415_020252.tsv
[run] (1/9) chat=-73514830535957 wave=1 start=0 count=1000 src=data/token34_nonlocal_ads_73514830535957_2500_20260415_2500_split.txt

> max-moderation-bot@1.0.0 members:add
> node scripts/add-chat-members-2026.js --source-file data/token34_nonlocal_ads_73514830535957_2500_20260415_2500_split.txt --target-chat-id -73514830535957 --start 0 --count 1000 --invite-batch-size 10 --pause-ms 3000

[dotenv@17.3.1] injecting env (15) from .env -- tip: ⚙️  write to custom object with { processEnv: myObject }
[run] Loading target member snapshot...
[run] Snapshot loaded: 3765 members across 38 pages
[run] Inviting 1000 users to chat -73514830535957 in batches of 10 (100 calls)...
[run] Progress: 50/1000 users
[run] Progress: 100/1000 users
[run] Progress: 150/1000 users
[run] Progress: 200/1000 users
[run] Progress: 250/1000 users
[run] Progress: 300/1000 users
[run] Progress: 350/1000 users
[run] Progress: 400/1000 users
[run] Progress: 450/1000 users
[run] Progress: 500/1000 users
[run] Progress: 550/1000 users
[run] Progress: 600/1000 users
[run] Progress: 650/1000 users
[run] Progress: 700/1000 users
[run] Progress: 750/1000 users
[run] Progress: 800/1000 users
[run] Progress: 850/1000 users
[run] Progress: 900/1000 users
[run] Progress: 950/1000 users
[run] Progress: 1000/1000 users
[run] Verifying membership for 1000 users...
{
  "ok": true,
  "source_file": "data/token34_nonlocal_ads_73514830535957_2500_20260415_2500_split.txt",
  "target_chat_id": -73514830535957,
  "processed_count": 1000,
  "already_in_target_count": 0,
  "attempted_invite_count": 1000,
  "invited_without_immediate_failure_count": 1000,
  "verified_added_count": 929,
  "still_not_in_target_from_this_chunk_count": 71,
  "before_participants_count": 3765,
  "after_participants_count": 4655,
  "result_file": "data/add_token34_nonlocal_ads_73514830535957_2500_20260415_2500_split_to_73514830535957_1_1000_20260414230251_result.json",
  "still_missing_file": "data/still_missing_token34_nonlocal_ads_73514830535957_2500_20260415_2500_split_to_73514830535957_1_1000_20260414230251.txt"
}
[run] done (1/9) exit=0 verified_added=929 still_missing=71
[run] sleep 60s between waves
[run] (2/9) chat=-73514830535957 wave=2 start=1000 count=1000 src=data/token34_nonlocal_ads_73514830535957_2500_20260415_2500_split.txt

> max-moderation-bot@1.0.0 members:add
> node scripts/add-chat-members-2026.js --source-file data/token34_nonlocal_ads_73514830535957_2500_20260415_2500_split.txt --target-chat-id -73514830535957 --start 1000 --count 1000 --invite-batch-size 10 --pause-ms 3000

[dotenv@17.3.1] injecting env (15) from .env -- tip: ⚙️  enable debug logging with { debug: true }
[run] Loading target member snapshot...
[run] Snapshot loaded: 4694 members across 47 pages
[run] Inviting 1000 users to chat -73514830535957 in batches of 10 (100 calls)...
[run] Progress: 50/1000 users
[run] Progress: 100/1000 users
[run] Progress: 150/1000 users
[run] Progress: 200/1000 users
[run] Progress: 250/1000 users
[run] Progress: 300/1000 users
[run] Progress: 350/1000 users
[run] Progress: 400/1000 users
[run] Progress: 450/1000 users
[run] Progress: 500/1000 users
[run] Progress: 550/1000 users
[run] Progress: 600/1000 users
[run] Progress: 650/1000 users
[run] Progress: 700/1000 users
[run] Progress: 750/1000 users
[run] Progress: 800/1000 users
[run] Progress: 850/1000 users
[run] Progress: 900/1000 users
[run] Progress: 950/1000 users
[run] Progress: 1000/1000 users
[run] Verifying membership for 1000 users...
{
  "ok": true,
  "source_file": "data/token34_nonlocal_ads_73514830535957_2500_20260415_2500_split.txt",
  "target_chat_id": -73514830535957,
  "processed_count": 1000,
  "already_in_target_count": 0,
  "attempted_invite_count": 1000,
  "invited_without_immediate_failure_count": 1000,
  "verified_added_count": 920,
  "still_not_in_target_from_this_chunk_count": 80,
  "before_participants_count": 4694,
  "after_participants_count": 5580,
  "result_file": "data/add_token34_nonlocal_ads_73514830535957_2500_20260415_2500_split_to_73514830535957_1001_2000_20260414230929_result.json",
  "still_missing_file": "data/still_missing_token34_nonlocal_ads_73514830535957_2500_20260415_2500_split_to_73514830535957_1001_2000_20260414230929.txt"
}
[run] done (2/9) exit=0 verified_added=920 still_missing=80
[run] sleep 60s between waves
[run] (3/9) chat=-73514830535957 wave=3 start=2000 count=500 src=data/token34_nonlocal_ads_73514830535957_2500_20260415_2500_split.txt

> max-moderation-bot@1.0.0 members:add
> node scripts/add-chat-members-2026.js --source-file data/token34_nonlocal_ads_73514830535957_2500_20260415_2500_split.txt --target-chat-id -73514830535957 --start 2000 --count 500 --invite-batch-size 10 --pause-ms 3000

[dotenv@17.3.1] injecting env (15) from .env -- tip: 🔐 prevent building .env in docker: https://dotenvx.com/prebuild
[run] Loading target member snapshot...
[run] Snapshot loaded: 5613 members across 57 pages
[run] Inviting 500 users to chat -73514830535957 in batches of 10 (50 calls)...
[run] Progress: 50/500 users
[run] Progress: 100/500 users
[run] Progress: 150/500 users
[run] Progress: 200/500 users
[run] Progress: 250/500 users
[run] Progress: 300/500 users
[run] Progress: 350/500 users
[run] Progress: 400/500 users
[run] Progress: 450/500 users
[run] Progress: 500/500 users
[run] Verifying membership for 500 users...
{
  "ok": true,
  "source_file": "data/token34_nonlocal_ads_73514830535957_2500_20260415_2500_split.txt",
  "target_chat_id": -73514830535957,
  "processed_count": 500,
  "already_in_target_count": 0,
  "attempted_invite_count": 500,
  "invited_without_immediate_failure_count": 500,
  "verified_added_count": 466,
  "still_not_in_target_from_this_chunk_count": 34,
  "before_participants_count": 5613,
  "after_participants_count": 6015,
  "result_file": "data/add_token34_nonlocal_ads_73514830535957_2500_20260415_2500_split_to_73514830535957_2001_2500_20260414231606_result.json",
  "still_missing_file": "data/still_missing_token34_nonlocal_ads_73514830535957_2500_20260415_2500_split_to_73514830535957_2001_2500_20260414231606.txt"
}
[run] done (3/9) exit=0 verified_added=466 still_missing=34
[run] sleep 60s between waves
[run] (4/9) chat=-73514823458069 wave=1 start=0 count=1000 src=data/token34_nonlocal_ads_73514823458069_2500_20260415_2500_split.txt

> max-moderation-bot@1.0.0 members:add
> node scripts/add-chat-members-2026.js --source-file data/token34_nonlocal_ads_73514823458069_2500_20260415_2500_split.txt --target-chat-id -73514823458069 --start 0 --count 1000 --invite-batch-size 10 --pause-ms 3000

[dotenv@17.3.1] injecting env (15) from .env -- tip: ⚙️  override existing env vars with { override: true }
[run] Loading target member snapshot...
[run] Snapshot loaded: 4275 members across 43 pages
[run] Inviting 1000 users to chat -73514823458069 in batches of 10 (100 calls)...
[run] Progress: 50/1000 users
[run] Progress: 100/1000 users
[run] Progress: 150/1000 users
[run] Progress: 200/1000 users
[run] Progress: 250/1000 users
[run] Progress: 300/1000 users
[run] Progress: 350/1000 users
[run] Progress: 400/1000 users
[run] Progress: 450/1000 users
[run] Progress: 500/1000 users
[run] Progress: 550/1000 users
[run] Progress: 600/1000 users
[run] Progress: 650/1000 users
[run] Progress: 700/1000 users
[run] Progress: 750/1000 users
[run] Progress: 800/1000 users
[run] Progress: 850/1000 users
[run] Progress: 900/1000 users
[run] Progress: 950/1000 users
[run] Progress: 1000/1000 users
[run] Verifying membership for 1000 users...
{
  "ok": true,
  "source_file": "data/token34_nonlocal_ads_73514823458069_2500_20260415_2500_split.txt",
  "target_chat_id": -73514823458069,
  "processed_count": 1000,
  "already_in_target_count": 0,
  "attempted_invite_count": 1000,
  "invited_without_immediate_failure_count": 1000,
  "verified_added_count": 920,
  "still_not_in_target_from_this_chunk_count": 80,
  "before_participants_count": 4276,
  "after_participants_count": 5175,
  "result_file": "data/add_token34_nonlocal_ads_73514823458069_2500_20260415_2500_split_to_73514823458069_1_1000_20260414232002_result.json",
  "still_missing_file": "data/still_missing_token34_nonlocal_ads_73514823458069_2500_20260415_2500_split_to_73514823458069_1_1000_20260414232002.txt"
}
[run] done (4/9) exit=0 verified_added=920 still_missing=80
[run] sleep 60s between waves
[run] (5/9) chat=-73514823458069 wave=2 start=1000 count=1000 src=data/token34_nonlocal_ads_73514823458069_2500_20260415_2500_split.txt

> max-moderation-bot@1.0.0 members:add
> node scripts/add-chat-members-2026.js --source-file data/token34_nonlocal_ads_73514823458069_2500_20260415_2500_split.txt --target-chat-id -73514823458069 --start 1000 --count 1000 --invite-batch-size 10 --pause-ms 3000

[dotenv@17.3.1] injecting env (15) from .env -- tip: 🔐 encrypt with Dotenvx: https://dotenvx.com
[run] Loading target member snapshot...
[run] Snapshot loaded: 5193 members across 52 pages
[run] Inviting 1000 users to chat -73514823458069 in batches of 10 (100 calls)...
[run] Progress: 50/1000 users
[run] Progress: 100/1000 users
[run] Progress: 150/1000 users
[run] Progress: 200/1000 users
[run] Progress: 250/1000 users
[run] Progress: 300/1000 users
[run] Progress: 350/1000 users
[run] Progress: 400/1000 users
[run] Progress: 450/1000 users
[run] Progress: 500/1000 users
[run] Progress: 550/1000 users
[run] Progress: 600/1000 users
[run] Progress: 650/1000 users
[run] Progress: 700/1000 users
[run] Progress: 750/1000 users
[run] Progress: 800/1000 users
[run] Progress: 850/1000 users
[run] Progress: 900/1000 users
[run] Progress: 950/1000 users
[run] Progress: 1000/1000 users
[run] Verifying membership for 1000 users...
{
  "ok": true,
  "source_file": "data/token34_nonlocal_ads_73514823458069_2500_20260415_2500_split.txt",
  "target_chat_id": -73514823458069,
  "processed_count": 1000,
  "already_in_target_count": 0,
  "attempted_invite_count": 1000,
  "invited_without_immediate_failure_count": 1000,
  "verified_added_count": 936,
  "still_not_in_target_from_this_chunk_count": 64,
  "before_participants_count": 5193,
  "after_participants_count": 6098,
  "result_file": "data/add_token34_nonlocal_ads_73514823458069_2500_20260415_2500_split_to_73514823458069_1001_2000_20260414232655_result.json",
  "still_missing_file": "data/still_missing_token34_nonlocal_ads_73514823458069_2500_20260415_2500_split_to_73514823458069_1001_2000_20260414232655.txt"
}
[run] done (5/9) exit=0 verified_added=936 still_missing=64
[run] sleep 60s between waves
[run] (6/9) chat=-73514823458069 wave=3 start=2000 count=500 src=data/token34_nonlocal_ads_73514823458069_2500_20260415_2500_split.txt

> max-moderation-bot@1.0.0 members:add
> node scripts/add-chat-members-2026.js --source-file data/token34_nonlocal_ads_73514823458069_2500_20260415_2500_split.txt --target-chat-id -73514823458069 --start 2000 --count 500 --invite-batch-size 10 --pause-ms 3000

[dotenv@17.3.1] injecting env (15) from .env -- tip: 🛡️ auth for agents: https://vestauth.com
[run] Loading target member snapshot...
[run] Snapshot loaded: 6123 members across 62 pages
[run] Inviting 500 users to chat -73514823458069 in batches of 10 (50 calls)...
[run] Progress: 50/500 users
[run] Progress: 100/500 users
[run] Progress: 150/500 users
[run] Progress: 200/500 users
[run] Progress: 250/500 users
[run] Progress: 300/500 users
[run] Progress: 350/500 users
[run] Progress: 400/500 users
[run] Progress: 450/500 users
[run] Progress: 500/500 users
[run] Verifying membership for 500 users...
{
  "ok": true,
  "source_file": "data/token34_nonlocal_ads_73514823458069_2500_20260415_2500_split.txt",
  "target_chat_id": -73514823458069,
  "processed_count": 500,
  "already_in_target_count": 0,
  "attempted_invite_count": 500,
  "invited_without_immediate_failure_count": 500,
  "verified_added_count": 473,
  "still_not_in_target_from_this_chunk_count": 27,
  "before_participants_count": 6123,
  "after_participants_count": 6572,
  "result_file": "data/add_token34_nonlocal_ads_73514823458069_2500_20260415_2500_split_to_73514823458069_2001_2500_20260414233356_result.json",
  "still_missing_file": "data/still_missing_token34_nonlocal_ads_73514823458069_2500_20260415_2500_split_to_73514823458069_2001_2500_20260414233356.txt"
}
[run] done (6/9) exit=0 verified_added=473 still_missing=27
[run] sleep 60s between waves
[run] (7/9) chat=-73514810350869 wave=1 start=0 count=1000 src=data/token34_nonlocal_ads_73514810350869_2500_20260415_2500_split.txt

> max-moderation-bot@1.0.0 members:add
> node scripts/add-chat-members-2026.js --source-file data/token34_nonlocal_ads_73514810350869_2500_20260415_2500_split.txt --target-chat-id -73514810350869 --start 0 --count 1000 --invite-batch-size 10 --pause-ms 3000

[dotenv@17.3.1] injecting env (15) from .env -- tip: ⚙️  load multiple .env files with { path: ['.env.local', '.env'] }
[run] Loading target member snapshot...
[run] Snapshot loaded: 4532 members across 46 pages
[run] Inviting 1000 users to chat -73514810350869 in batches of 10 (100 calls)...
[run] Progress: 50/1000 users
[run] Progress: 100/1000 users
[run] Progress: 150/1000 users
[run] Progress: 200/1000 users
[run] Progress: 250/1000 users
[run] Progress: 300/1000 users
[run] Progress: 350/1000 users
[run] Progress: 400/1000 users
[run] Progress: 450/1000 users
[run] Progress: 500/1000 users
[run] Progress: 550/1000 users
[run] Progress: 600/1000 users
[run] Progress: 650/1000 users
[run] Progress: 700/1000 users
[run] Progress: 750/1000 users
[run] Progress: 800/1000 users
[run] Progress: 850/1000 users
[run] Progress: 900/1000 users
[run] Progress: 950/1000 users
[run] Progress: 1000/1000 users
[run] Verifying membership for 1000 users...
{
  "ok": true,
  "source_file": "data/token34_nonlocal_ads_73514810350869_2500_20260415_2500_split.txt",
  "target_chat_id": -73514810350869,
  "processed_count": 1000,
  "already_in_target_count": 0,
  "attempted_invite_count": 1000,
  "invited_without_immediate_failure_count": 1000,
  "verified_added_count": 916,
  "still_not_in_target_from_this_chunk_count": 84,
  "before_participants_count": 4532,
  "after_participants_count": 5424,
  "result_file": "data/add_token34_nonlocal_ads_73514810350869_2500_20260415_2500_split_to_73514810350869_1_1000_20260414233805_result.json",
  "still_missing_file": "data/still_missing_token34_nonlocal_ads_73514810350869_2500_20260415_2500_split_to_73514810350869_1_1000_20260414233805.txt"
}
[run] done (7/9) exit=0 verified_added=916 still_missing=84
[run] sleep 60s between waves
[run] (8/9) chat=-73514810350869 wave=2 start=1000 count=1000 src=data/token34_nonlocal_ads_73514810350869_2500_20260415_2500_split.txt

> max-moderation-bot@1.0.0 members:add
> node scripts/add-chat-members-2026.js --source-file data/token34_nonlocal_ads_73514810350869_2500_20260415_2500_split.txt --target-chat-id -73514810350869 --start 1000 --count 1000 --invite-batch-size 10 --pause-ms 3000

[dotenv@17.3.1] injecting env (15) from .env -- tip: ⚙️  override existing env vars with { override: true }
[run] Loading target member snapshot...
[run] Snapshot loaded: 5439 members across 55 pages
[run] Inviting 1000 users to chat -73514810350869 in batches of 10 (100 calls)...
[run] Progress: 50/1000 users
[run] Progress: 100/1000 users
[run] Progress: 150/1000 users
[run] Progress: 200/1000 users
[run] Progress: 250/1000 users
[run] Progress: 300/1000 users
[run] Progress: 350/1000 users
[run] Progress: 400/1000 users
[run] Progress: 450/1000 users
[run] Progress: 500/1000 users
[run] Progress: 550/1000 users
[run] Progress: 600/1000 users
[run] Progress: 650/1000 users
[run] Progress: 700/1000 users
[run] Progress: 750/1000 users
[run] Progress: 800/1000 users
[run] Progress: 850/1000 users
[run] Progress: 900/1000 users
[run] Progress: 950/1000 users
[run] Progress: 1000/1000 users
[run] Verifying membership for 1000 users...
{
  "ok": true,
  "source_file": "data/token34_nonlocal_ads_73514810350869_2500_20260415_2500_split.txt",
  "target_chat_id": -73514810350869,
  "processed_count": 1000,
  "already_in_target_count": 0,
  "attempted_invite_count": 1000,
  "invited_without_immediate_failure_count": 1000,
  "verified_added_count": 910,
  "still_not_in_target_from_this_chunk_count": 90,
  "before_participants_count": 5415,
  "after_participants_count": 6312,
  "result_file": "data/add_token34_nonlocal_ads_73514810350869_2500_20260415_2500_split_to_73514810350869_1001_2000_20260414234502_result.json",
  "still_missing_file": "data/still_missing_token34_nonlocal_ads_73514810350869_2500_20260415_2500_split_to_73514810350869_1001_2000_20260414234502.txt"
}
[run] done (8/9) exit=0 verified_added=910 still_missing=90
[run] sleep 60s between waves
[run] (9/9) chat=-73514810350869 wave=3 start=2000 count=500 src=data/token34_nonlocal_ads_73514810350869_2500_20260415_2500_split.txt

> max-moderation-bot@1.0.0 members:add
> node scripts/add-chat-members-2026.js --source-file data/token34_nonlocal_ads_73514810350869_2500_20260415_2500_split.txt --target-chat-id -73514810350869 --start 2000 --count 500 --invite-batch-size 10 --pause-ms 3000

[dotenv@17.3.1] injecting env (15) from .env -- tip: 🔐 prevent committing .env to code: https://dotenvx.com/precommit
[run] Loading target member snapshot...
[run] Snapshot loaded: 6339 members across 64 pages
[run] Inviting 500 users to chat -73514810350869 in batches of 10 (50 calls)...
[run] Progress: 50/500 users
[run] Progress: 100/500 users
[run] Progress: 150/500 users
[run] Progress: 200/500 users
[run] Progress: 250/500 users
[run] Progress: 300/500 users
[run] Progress: 350/500 users
[run] Progress: 400/500 users
[run] Progress: 450/500 users
[run] Progress: 500/500 users
[run] Verifying membership for 500 users...
{
  "ok": true,
  "source_file": "data/token34_nonlocal_ads_73514810350869_2500_20260415_2500_split.txt",
  "target_chat_id": -73514810350869,
  "processed_count": 500,
  "already_in_target_count": 0,
  "attempted_invite_count": 500,
  "invited_without_immediate_failure_count": 500,
  "verified_added_count": 469,
  "still_not_in_target_from_this_chunk_count": 31,
  "before_participants_count": 6339,
  "after_participants_count": 6738,
  "result_file": "data/add_token34_nonlocal_ads_73514810350869_2500_20260415_2500_split_to_73514810350869_2001_2500_20260414235200_result.json",
  "still_missing_file": "data/still_missing_token34_nonlocal_ads_73514810350869_2500_20260415_2500_split_to_73514810350869_2001_2500_20260414235200.txt"
}
[run] done (9/9) exit=0 verified_added=469 still_missing=31
[done] summary=data/add_token1_3chats_2500_summary_20260415_020252.tsv
[done] progress=data/token34_nonlocal_ads_7500_marked_progress_20260415_020252.tsv
[done] log=data/add_token1_3chats_2500_20260415_020252.log
