
> max-moderation-bot@1.0.0 members:add
> node scripts/add-chat-members-2026.js --source-file пак1-5931.txt --target-chat-id -72669169736293 --start 4965 --count 964 --invite-batch-size 10 --pause-ms 3000

[dotenv@17.3.1] injecting env (15) from .env -- tip: 🔐 encrypt with Dotenvx: https://dotenvx.com
[run] Loading target member snapshot...
[run] Snapshot loaded: 3701 members across 38 pages
[run] Inviting 964 users to chat -72669169736293 in batches of 10 (97 calls)...
[run] Progress: 50/964 users
[run] Progress: 100/964 users
[run] Progress: 150/964 users
[run] Progress: 200/964 users
[run] Progress: 250/964 users
[run] Progress: 300/964 users
[run] Progress: 350/964 users
[run] Progress: 400/964 users
[run] Progress: 450/964 users
[run] Progress: 500/964 users
[run] Progress: 550/964 users
[run] Progress: 600/964 users
[run] Progress: 650/964 users
[run] Progress: 700/964 users
[run] Progress: 750/964 users
[run] Progress: 800/964 users
[run] Progress: 850/964 users
[run] Progress: 900/964 users
[run] Progress: 950/964 users
[run] Progress: 964/964 users
[run] Verifying membership for 964 users...
{
  "ok": true,
  "source_file": "пак1-5931.txt",
  "target_chat_id": -72669169736293,
  "processed_count": 964,
  "already_in_target_count": 0,
  "attempted_invite_count": 964,
  "invited_without_immediate_failure_count": 964,
  "verified_added_count": 920,
  "still_not_in_target_from_this_chunk_count": 44,
  "before_participants_count": 3703,
  "after_participants_count": 4569,
  "result_file": "data/add_1_5931_to_72669169736293_4966_5929_20260416082850_result.json",
  "still_missing_file": "data/still_missing_1_5931_to_72669169736293_4966_5929_20260416082850.txt"
}
