[2026-04-19 12:29:11] ===== run 1/12 chat=-73479063303535 start=0 count=1000 =====

> max-moderation-bot@1.0.0 members:add
> node scripts/add-chat-members-2026.js --source-file пак1-10200.txt --target-chat-id -73479063303535 --start 0 --count 1000 --invite-batch-size 10 --pause-ms 3000

◇ injected env (0) from .env // tip: ⌘ enable debugging { debug: true }
[run] Loading target member snapshot...
[run] Snapshot loaded: 6189 members across 62 pages
[run] Inviting 991 users to chat -73479063303535 in batches of 10 (100 calls)...
[run] Progress: 50/991 users
[run] Progress: 100/991 users
[run] Progress: 150/991 users
[run] Progress: 200/991 users
[run] Progress: 250/991 users
[run] Progress: 300/991 users
[run] Progress: 350/991 users
[run] Progress: 400/991 users
[run] Progress: 450/991 users
[run] Progress: 500/991 users
[run] Progress: 550/991 users
[run] Progress: 600/991 users
[run] Progress: 650/991 users
[run] Progress: 700/991 users
[run] Progress: 750/991 users
[run] Progress: 800/991 users
[run] Progress: 850/991 users
[run] Progress: 900/991 users
[run] Progress: 950/991 users
[run] Progress: 991/991 users
[run] Verifying membership for 1000 users...
{
  "ok": true,
  "source_file": "пак1-10200.txt",
  "target_chat_id": -73479063303535,
  "processed_count": 1000,
  "already_in_target_count": 9,
  "attempted_invite_count": 991,
  "invited_without_immediate_failure_count": 991,
  "verified_added_count": 953,
  "still_not_in_target_from_this_chunk_count": 38,
  "before_participants_count": 6189,
  "after_participants_count": 7133,
  "result_file": "data/add_1_10200_to_73479063303535_1_1000_20260419092911_result.json",
  "still_missing_file": "data/still_missing_1_10200_to_73479063303535_1_1000_20260419092911.txt"
}
[2026-04-19 12:35:05] ===== done run 1/12 chat=-73479063303535 start=0 count=1000 rc=0 =====
