[start] 2026-04-14T21:02:19+03:00 source=трупы.txt target=-73509988855274 total=3000

[wave 1] 2026-04-14T21:02:19+03:00 start=0 count=1000

> max-moderation-bot@1.0.0 members:add
> node scripts/add-chat-members-2026.js --source-file трупы.txt --target-chat-id -73509988855274 --start 0 --count 1000 --invite-batch-size 10 --pause-ms 3000 --progress-every 100

[dotenv@17.3.1] injecting env (15) from .env -- tip: 🔐 encrypt with Dotenvx: https://dotenvx.com
[run] Loading target member snapshot...
[run] Snapshot loaded: 5 members across 1 pages
[run] Inviting 1000 users to chat -73509988855274 in batches of 10 (100 calls)...
[run] Progress: 100/1000 users
[run] Progress: 200/1000 users
[run] Progress: 300/1000 users
[run] Progress: 400/1000 users
[run] Progress: 500/1000 users
[run] Progress: 600/1000 users
[run] Progress: 700/1000 users
[run] Progress: 800/1000 users
[run] Progress: 900/1000 users
[run] Progress: 1000/1000 users
[run] Verifying membership for 1000 users...
{
  "ok": true,
  "source_file": "трупы.txt",
  "target_chat_id": -73509988855274,
  "processed_count": 1000,
  "already_in_target_count": 0,
  "attempted_invite_count": 1000,
  "invited_without_immediate_failure_count": 1000,
  "verified_added_count": 986,
  "still_not_in_target_from_this_chunk_count": 14,
  "before_participants_count": 5,
  "after_participants_count": 990,
  "result_file": "data/add_members_to_73509988855274_1_1000_20260414180220_result.json",
  "still_missing_file": "data/still_missing_members_to_73509988855274_1_1000_20260414180220.txt"
}
[pause] 2026-04-14T21:08:02+03:00 sleeping 60s before next wave

[wave 2] 2026-04-14T21:08:59+03:00 start=1000 count=1000

> max-moderation-bot@1.0.0 members:add
> node scripts/add-chat-members-2026.js --source-file трупы.txt --target-chat-id -73509988855274 --start 1000 --count 1000 --invite-batch-size 10 --pause-ms 3000 --progress-every 100

[dotenv@17.3.1] injecting env (15) from .env -- tip: 🔐 prevent building .env in docker: https://dotenvx.com/prebuild
[run] Loading target member snapshot...
[run] Snapshot loaded: 990 members across 10 pages
[run] Inviting 1000 users to chat -73509988855274 in batches of 10 (100 calls)...
[run] Progress: 100/1000 users
[run] Progress: 200/1000 users
[run] Progress: 300/1000 users
[run] Progress: 400/1000 users
[run] Progress: 500/1000 users
[run] Progress: 600/1000 users
[run] Progress: 700/1000 users
[run] Progress: 800/1000 users
[run] Progress: 900/1000 users
[run] Progress: 1000/1000 users
[run] Verifying membership for 1000 users...
{
  "ok": true,
  "source_file": "трупы.txt",
  "target_chat_id": -73509988855274,
  "processed_count": 1000,
  "already_in_target_count": 0,
  "attempted_invite_count": 1000,
  "invited_without_immediate_failure_count": 1000,
  "verified_added_count": 981,
  "still_not_in_target_from_this_chunk_count": 19,
  "before_participants_count": 990,
  "after_participants_count": 1901,
  "result_file": "data/add_members_to_73509988855274_1001_2000_20260414180859_result.json",
  "still_missing_file": "data/still_missing_members_to_73509988855274_1001_2000_20260414180859.txt"
}
[pause] 2026-04-14T21:14:42+03:00 sleeping 60s before next wave

[wave 3] 2026-04-14T21:15:39+03:00 start=2000 count=1000

> max-moderation-bot@1.0.0 members:add
> node scripts/add-chat-members-2026.js --source-file трупы.txt --target-chat-id -73509988855274 --start 2000 --count 1000 --invite-batch-size 10 --pause-ms 3000 --progress-every 100

[dotenv@17.3.1] injecting env (15) from .env -- tip: 🔐 encrypt with Dotenvx: https://dotenvx.com
[run] Loading target member snapshot...
[run] Snapshot loaded: 1971 members across 20 pages
[run] Inviting 1000 users to chat -73509988855274 in batches of 10 (100 calls)...
[run] Progress: 100/1000 users
[run] Progress: 200/1000 users
[run] Progress: 300/1000 users
[run] Progress: 400/1000 users
[run] Progress: 500/1000 users
[run] Progress: 600/1000 users
[run] Progress: 700/1000 users
[run] Progress: 800/1000 users
[run] Progress: 900/1000 users
[run] Progress: 1000/1000 users
[run] Verifying membership for 1000 users...
{
  "ok": true,
  "source_file": "трупы.txt",
  "target_chat_id": -73509988855274,
  "processed_count": 1000,
  "already_in_target_count": 0,
  "attempted_invite_count": 1000,
  "invited_without_immediate_failure_count": 1000,
  "verified_added_count": 985,
  "still_not_in_target_from_this_chunk_count": 15,
  "before_participants_count": 1971,
  "after_participants_count": 2897,
  "result_file": "data/add_members_to_73509988855274_2001_3000_20260414181539_result.json",
  "still_missing_file": "data/still_missing_members_to_73509988855274_2001_3000_20260414181539.txt"
}

[done] 2026-04-14T21:21:30+03:00 completed log=data/add_trupy_3k_token1_20260414_210219.log
