
> max-moderation-bot@1.0.0 members:add
> node scripts/add-chat-members-2026.js --env-file /tmp/tmp.LXPLRiAJPN --source-file data/labinsk_mostovskoy_selected_chats_member_ids_no_bots_no_admins_token1_20260416_161134.txt --target-chat-id -73587194528495 --start 5170 --count 437 --invite-batch-size 10 --pause-ms 3000 --max-retries 0 --stop-on-action-failed 0

[dotenv@17.3.1] injecting env (1) from ../../../../../tmp/tmp.LXPLRiAJPN -- tip: 🛡️ auth for agents: https://vestauth.com
[run] Loading target member snapshot...
[run] Snapshot loaded: 2859 members across 29 pages
[run] Inviting 437 users to chat -73587194528495 in batches of 10 (44 calls)...
[run] Progress: 50/437 users
[run] Progress: 100/437 users
[run] Progress: 150/437 users
[run] Progress: 200/437 users
[run] Progress: 250/437 users
[run] Progress: 300/437 users
[run] Progress: 350/437 users
[run] Progress: 400/437 users
[run] Progress: 437/437 users
[run] Verifying membership for 437 users...
{
  "ok": true,
  "source_file": "data/labinsk_mostovskoy_selected_chats_member_ids_no_bots_no_admins_token1_20260416_161134.txt",
  "target_chat_id": -73587194528495,
  "processed_count": 437,
  "already_in_target_count": 0,
  "attempted_invite_count": 437,
  "invited_without_immediate_failure_count": 327,
  "verified_added_count": 78,
  "still_not_in_target_from_this_chunk_count": 359,
  "before_participants_count": 2862,
  "after_participants_count": 2921,
  "result_file": "data/add_labinsk_mostovskoy_selected_chats_member_ids_no_bots_no_admins_token1_20260416_161134_to_73587194528495_5171_5607_20260416142644_result.json",
  "still_missing_file": "data/still_missing_labinsk_mostovskoy_selected_chats_member_ids_no_bots_no_admins_token1_20260416_161134_to_73587194528495_5171_5607_20260416142644.txt"
}
