[2026-04-19 14:26:20] ===== run 1/8 chat=-73655615503048 start=0 count=1000 =====

> max-moderation-bot@1.0.0 members:add
> node scripts/add-chat-members-2026.js --source-file пак2-6260.txt --target-chat-id -73655615503048 --start 0 --count 1000 --invite-batch-size 10 --pause-ms 3000

◇ injected env (0) from .env // tip: ⌘ enable debugging { debug: true }
[run] Loading target member snapshot...
[run] Snapshot loaded: 5 members across 1 pages
[run] Inviting 1000 users to chat -73655615503048 in batches of 10 (100 calls)...
[run] Progress: 50/1000 users
[run] Progress: 100/1000 users
[run] Progress: 150/1000 users
[run] Progress: 200/1000 users
[run] Progress: 250/1000 users
[run] Progress: 300/1000 users
[run] Progress: 350/1000 users
[run] Progress: 400/1000 users
[run] Progress: 450/1000 users
[run] Progress: 500/1000 users
[run] Progress: 550/1000 users
[run] Progress: 600/1000 users
[run] Progress: 650/1000 users
[run] Progress: 700/1000 users
[run] Progress: 750/1000 users
[run] Progress: 800/1000 users
[run] Progress: 850/1000 users
[run] Progress: 900/1000 users
[run] Progress: 950/1000 users
[run] Progress: 1000/1000 users
[run] Verifying membership for 1000 users...
{
  "ok": true,
  "source_file": "пак2-6260.txt",
  "target_chat_id": -73655615503048,
  "processed_count": 1000,
  "already_in_target_count": 0,
  "attempted_invite_count": 1000,
  "invited_without_immediate_failure_count": 1000,
  "verified_added_count": 948,
  "still_not_in_target_from_this_chunk_count": 52,
  "before_participants_count": 5,
  "after_participants_count": 953,
  "result_file": "data/add_2_6260_to_73655615503048_1_1000_20260419112620_result.json",
  "still_missing_file": "data/still_missing_2_6260_to_73655615503048_1_1000_20260419112620.txt"
}
[2026-04-19 14:31:57] ===== done run 1/8 chat=-73655615503048 start=0 count=1000 rc=0 =====
[2026-04-19 14:32:55] ===== run 2/8 chat=-73655615503048 start=1000 count=1000 =====

> max-moderation-bot@1.0.0 members:add
> node scripts/add-chat-members-2026.js --source-file пак2-6260.txt --target-chat-id -73655615503048 --start 1000 --count 1000 --invite-batch-size 10 --pause-ms 3000

◇ injected env (0) from .env // tip: ◈ encrypted .env [www.dotenvx.com]
[run] Loading target member snapshot...
[run] Snapshot loaded: 945 members across 10 pages
[run] Inviting 1000 users to chat -73655615503048 in batches of 10 (100 calls)...
[run] Progress: 50/1000 users
[run] Progress: 100/1000 users
[run] Progress: 150/1000 users
[run] Progress: 200/1000 users
[run] Progress: 250/1000 users
[run] Progress: 300/1000 users
[run] Progress: 350/1000 users
[run] Progress: 400/1000 users
[run] Progress: 450/1000 users
[run] Progress: 500/1000 users
[run] Progress: 550/1000 users
[run] Progress: 600/1000 users
[run] Progress: 650/1000 users
[run] Progress: 700/1000 users
[run] Progress: 750/1000 users
[run] Progress: 800/1000 users
[run] Progress: 850/1000 users
[run] Progress: 900/1000 users
[run] Progress: 950/1000 users
[run] Progress: 1000/1000 users
[run] Verifying membership for 1000 users...
{
  "ok": true,
  "source_file": "пак2-6260.txt",
  "target_chat_id": -73655615503048,
  "processed_count": 1000,
  "already_in_target_count": 0,
  "attempted_invite_count": 1000,
  "invited_without_immediate_failure_count": 1000,
  "verified_added_count": 963,
  "still_not_in_target_from_this_chunk_count": 37,
  "before_participants_count": 945,
  "after_participants_count": 1891,
  "result_file": "data/add_2_6260_to_73655615503048_1001_2000_20260419113256_result.json",
  "still_missing_file": "data/still_missing_2_6260_to_73655615503048_1001_2000_20260419113256.txt"
}
[2026-04-19 14:38:35] ===== done run 2/8 chat=-73655615503048 start=1000 count=1000 rc=0 =====
[2026-04-19 14:39:33] ===== run 3/8 chat=-73655615503048 start=2000 count=1000 =====

> max-moderation-bot@1.0.0 members:add
> node scripts/add-chat-members-2026.js --source-file пак2-6260.txt --target-chat-id -73655615503048 --start 2000 --count 1000 --invite-batch-size 10 --pause-ms 3000

◇ injected env (0) from .env // tip: ◈ encrypted .env [www.dotenvx.com]
[run] Loading target member snapshot...
[run] Snapshot loaded: 1885 members across 19 pages
[run] Inviting 1000 users to chat -73655615503048 in batches of 10 (100 calls)...
[run] Progress: 50/1000 users
[run] Progress: 100/1000 users
[run] Progress: 150/1000 users
[run] Progress: 200/1000 users
[run] Progress: 250/1000 users
[run] Progress: 300/1000 users
[run] Progress: 350/1000 users
[run] Progress: 400/1000 users
[run] Progress: 450/1000 users
[run] Progress: 500/1000 users
[run] Progress: 550/1000 users
[run] Progress: 600/1000 users
[run] Progress: 650/1000 users
[run] Progress: 700/1000 users
[run] Progress: 750/1000 users
[run] Progress: 800/1000 users
[run] Progress: 850/1000 users
[run] Progress: 900/1000 users
[run] Progress: 950/1000 users
[run] Progress: 1000/1000 users
[run] Verifying membership for 1000 users...
{
  "ok": true,
  "source_file": "пак2-6260.txt",
  "target_chat_id": -73655615503048,
  "processed_count": 1000,
  "already_in_target_count": 0,
  "attempted_invite_count": 1000,
  "invited_without_immediate_failure_count": 1000,
  "verified_added_count": 960,
  "still_not_in_target_from_this_chunk_count": 40,
  "before_participants_count": 1841,
  "after_participants_count": 2816,
  "result_file": "data/add_2_6260_to_73655615503048_2001_3000_20260419113933_result.json",
  "still_missing_file": "data/still_missing_2_6260_to_73655615503048_2001_3000_20260419113933.txt"
}
[2026-04-19 14:45:16] ===== done run 3/8 chat=-73655615503048 start=2000 count=1000 rc=0 =====
[2026-04-19 14:46:14] ===== run 4/8 chat=-73655615503048 start=3000 count=130 =====

> max-moderation-bot@1.0.0 members:add
> node scripts/add-chat-members-2026.js --source-file пак2-6260.txt --target-chat-id -73655615503048 --start 3000 --count 130 --invite-batch-size 10 --pause-ms 3000

◇ injected env (0) from .env // tip: ⌘ multiple files { path: ['.env.local', '.env'] }
[run] Loading target member snapshot...
[run] Snapshot loaded: 2809 members across 29 pages
[run] Inviting 130 users to chat -73655615503048 in batches of 10 (13 calls)...
[run] Progress: 50/130 users
[run] Progress: 100/130 users
[run] Progress: 130/130 users
[run] Verifying membership for 130 users...
{
  "ok": true,
  "source_file": "пак2-6260.txt",
  "target_chat_id": -73655615503048,
  "processed_count": 130,
  "already_in_target_count": 0,
  "attempted_invite_count": 130,
  "invited_without_immediate_failure_count": 130,
  "verified_added_count": 123,
  "still_not_in_target_from_this_chunk_count": 7,
  "before_participants_count": 2809,
  "after_participants_count": 2922,
  "result_file": "data/add_2_6260_to_73655615503048_3001_3130_20260419114614_result.json",
  "still_missing_file": "data/still_missing_2_6260_to_73655615503048_3001_3130_20260419114614.txt"
}
[2026-04-19 14:47:06] ===== done run 4/8 chat=-73655615503048 start=3000 count=130 rc=0 =====
[2026-04-19 14:48:04] ===== run 5/8 chat=-73656838451423 start=3130 count=1000 =====

> max-moderation-bot@1.0.0 members:add
> node scripts/add-chat-members-2026.js --source-file пак2-6260.txt --target-chat-id -73656838451423 --start 3130 --count 1000 --invite-batch-size 10 --pause-ms 3000

◇ injected env (0) from .env // tip: ⌘ enable debugging { debug: true }
[run] Loading target member snapshot...
[run] Snapshot loaded: 5 members across 1 pages
[run] Inviting 1000 users to chat -73656838451423 in batches of 10 (100 calls)...
[run] Progress: 50/1000 users
[run] Progress: 100/1000 users
[run] Progress: 150/1000 users
[run] Progress: 200/1000 users
[run] Progress: 250/1000 users
[run] Progress: 300/1000 users
[run] Progress: 350/1000 users
[run] Progress: 400/1000 users
[run] Progress: 450/1000 users
[run] Progress: 500/1000 users
[run] Progress: 550/1000 users
[run] Progress: 600/1000 users
[run] Progress: 650/1000 users
[run] Progress: 700/1000 users
[run] Progress: 750/1000 users
[run] Progress: 800/1000 users
[run] Progress: 850/1000 users
[run] Progress: 900/1000 users
[run] Progress: 950/1000 users
[run] Progress: 1000/1000 users
[run] Verifying membership for 1000 users...
{
  "ok": true,
  "source_file": "пак2-6260.txt",
  "target_chat_id": -73656838451423,
  "processed_count": 1000,
  "already_in_target_count": 0,
  "attempted_invite_count": 1000,
  "invited_without_immediate_failure_count": 1000,
  "verified_added_count": 954,
  "still_not_in_target_from_this_chunk_count": 46,
  "before_participants_count": 5,
  "after_participants_count": 959,
  "result_file": "data/add_2_6260_to_73656838451423_3131_4130_20260419114805_result.json",
  "still_missing_file": "data/still_missing_2_6260_to_73656838451423_3131_4130_20260419114805.txt"
}
[2026-04-19 14:53:40] ===== done run 5/8 chat=-73656838451423 start=3130 count=1000 rc=0 =====
[2026-04-19 14:54:39] ===== run 6/8 chat=-73656838451423 start=4130 count=1000 =====

> max-moderation-bot@1.0.0 members:add
> node scripts/add-chat-members-2026.js --source-file пак2-6260.txt --target-chat-id -73656838451423 --start 4130 --count 1000 --invite-batch-size 10 --pause-ms 3000

◇ injected env (0) from .env // tip: ◈ secrets for agents [www.dotenvx.com]
[run] Loading target member snapshot...
[run] Snapshot loaded: 954 members across 10 pages
[run] Inviting 1000 users to chat -73656838451423 in batches of 10 (100 calls)...
[run] Progress: 50/1000 users
[run] Progress: 100/1000 users
[run] Progress: 150/1000 users
[run] Progress: 200/1000 users
[run] Progress: 250/1000 users
[run] Progress: 300/1000 users
[run] Progress: 350/1000 users
[run] Progress: 400/1000 users
[run] Progress: 450/1000 users
[run] Progress: 500/1000 users
[run] Progress: 550/1000 users
[run] Progress: 600/1000 users
[run] Progress: 650/1000 users
[run] Progress: 700/1000 users
[run] Progress: 750/1000 users
[run] Progress: 800/1000 users
[run] Progress: 850/1000 users
[run] Progress: 900/1000 users
[run] Progress: 950/1000 users
[run] Progress: 1000/1000 users
[run] Verifying membership for 1000 users...
{
  "ok": true,
  "source_file": "пак2-6260.txt",
  "target_chat_id": -73656838451423,
  "processed_count": 1000,
  "already_in_target_count": 0,
  "attempted_invite_count": 1000,
  "invited_without_immediate_failure_count": 1000,
  "verified_added_count": 967,
  "still_not_in_target_from_this_chunk_count": 33,
  "before_participants_count": 954,
  "after_participants_count": 1907,
  "result_file": "data/add_2_6260_to_73656838451423_4131_5130_20260419115439_result.json",
  "still_missing_file": "data/still_missing_2_6260_to_73656838451423_4131_5130_20260419115439.txt"
}
[2026-04-19 15:00:18] ===== done run 6/8 chat=-73656838451423 start=4130 count=1000 rc=0 =====
[2026-04-19 15:01:16] ===== run 7/8 chat=-73656838451423 start=5130 count=1000 =====

> max-moderation-bot@1.0.0 members:add
> node scripts/add-chat-members-2026.js --source-file пак2-6260.txt --target-chat-id -73656838451423 --start 5130 --count 1000 --invite-batch-size 10 --pause-ms 3000

◇ injected env (0) from .env // tip: ⌘ enable debugging { debug: true }
[run] Loading target member snapshot...
[run] Snapshot loaded: 1901 members across 20 pages
[run] Inviting 1000 users to chat -73656838451423 in batches of 10 (100 calls)...
[run] Progress: 50/1000 users
[run] Progress: 100/1000 users
[run] Progress: 150/1000 users
[run] Progress: 200/1000 users
[run] Progress: 250/1000 users
[run] Progress: 300/1000 users
[run] Progress: 350/1000 users
[run] Progress: 400/1000 users
[run] Progress: 450/1000 users
[run] Progress: 500/1000 users
[run] Progress: 550/1000 users
[run] Progress: 600/1000 users
[run] Progress: 650/1000 users
[run] Progress: 700/1000 users
[run] Progress: 750/1000 users
[run] Progress: 800/1000 users
[run] Progress: 850/1000 users
[run] Progress: 900/1000 users
[run] Progress: 950/1000 users
[run] Progress: 1000/1000 users
[run] Verifying membership for 1000 users...
{
  "ok": true,
  "source_file": "пак2-6260.txt",
  "target_chat_id": -73656838451423,
  "processed_count": 1000,
  "already_in_target_count": 0,
  "attempted_invite_count": 1000,
  "invited_without_immediate_failure_count": 1000,
  "verified_added_count": 970,
  "still_not_in_target_from_this_chunk_count": 30,
  "before_participants_count": 1901,
  "after_participants_count": 2779,
  "result_file": "data/add_2_6260_to_73656838451423_5131_6130_20260419120116_result.json",
  "still_missing_file": "data/still_missing_2_6260_to_73656838451423_5131_6130_20260419120116.txt"
}
[2026-04-19 15:06:59] ===== done run 7/8 chat=-73656838451423 start=5130 count=1000 rc=0 =====
[2026-04-19 15:07:57] ===== run 8/8 chat=-73656838451423 start=6130 count=130 =====

> max-moderation-bot@1.0.0 members:add
> node scripts/add-chat-members-2026.js --source-file пак2-6260.txt --target-chat-id -73656838451423 --start 6130 --count 130 --invite-batch-size 10 --pause-ms 3000

◇ injected env (0) from .env // tip: ◈ secrets for agents [www.dotenvx.com]
[run] Loading target member snapshot...
[run] Snapshot loaded: 2823 members across 29 pages
[run] Inviting 130 users to chat -73656838451423 in batches of 10 (13 calls)...
[run] Progress: 50/130 users
[run] Progress: 100/130 users
[run] Progress: 130/130 users
[run] Verifying membership for 130 users...
{
  "ok": true,
  "source_file": "пак2-6260.txt",
  "target_chat_id": -73656838451423,
  "processed_count": 130,
  "already_in_target_count": 0,
  "attempted_invite_count": 130,
  "invited_without_immediate_failure_count": 130,
  "verified_added_count": 128,
  "still_not_in_target_from_this_chunk_count": 2,
  "before_participants_count": 2825,
  "after_participants_count": 2880,
  "result_file": "data/add_2_6260_to_73656838451423_6131_6260_20260419120757_result.json",
  "still_missing_file": "data/still_missing_2_6260_to_73656838451423_6131_6260_20260419120757.txt"
}
[2026-04-19 15:08:48] ===== done run 8/8 chat=-73656838451423 start=6130 count=130 rc=0 =====
