[start] 2026-04-14T21:36:01+03:00 source=Вся рыба (1).txt target=-73509988855274 total=2000

[wave 1] 2026-04-14T21:36:01+03:00 start=0 count=1000

> max-moderation-bot@1.0.0 members:add
> node scripts/add-chat-members-2026.js --source-file Вся рыба (1).txt --target-chat-id -73509988855274 --start 0 --count 1000 --invite-batch-size 10 --pause-ms 3000 --progress-every 100

[dotenv@17.3.1] injecting env (15) from .env -- tip: ⚙️  override existing env vars with { override: true }
[run] Loading target member snapshot...
[run] Snapshot loaded: 2957 members across 30 pages
[run] Inviting 1000 users to chat -73509988855274 in batches of 10 (100 calls)...
[run] Progress: 100/1000 users
[run] Progress: 200/1000 users
[run] Progress: 300/1000 users
[run] Progress: 400/1000 users
[run] Progress: 500/1000 users
[run] Progress: 600/1000 users
[run] Progress: 700/1000 users
[run] Progress: 800/1000 users
[run] Progress: 900/1000 users
[run] Progress: 1000/1000 users
[run] Verifying membership for 1000 users...
{
  "ok": true,
  "source_file": "Вся рыба (1).txt",
  "target_chat_id": -73509988855274,
  "processed_count": 1000,
  "already_in_target_count": 0,
  "attempted_invite_count": 1000,
  "invited_without_immediate_failure_count": 1000,
  "verified_added_count": 941,
  "still_not_in_target_from_this_chunk_count": 59,
  "before_participants_count": 2957,
  "after_participants_count": 3861,
  "result_file": "data/add_1_to_73509988855274_1_1000_20260414183601_result.json",
  "still_missing_file": "data/still_missing_1_to_73509988855274_1_1000_20260414183601.txt"
}
[pause] 2026-04-14T21:41:50+03:00 sleeping 60s before next wave

[wave 2] 2026-04-14T21:42:48+03:00 start=1000 count=1000

> max-moderation-bot@1.0.0 members:add
> node scripts/add-chat-members-2026.js --source-file Вся рыба (1).txt --target-chat-id -73509988855274 --start 1000 --count 1000 --invite-batch-size 10 --pause-ms 3000 --progress-every 100

[dotenv@17.3.1] injecting env (15) from .env -- tip: ⚙️  enable debug logging with { debug: true }
[run] Loading target member snapshot...
[run] Snapshot loaded: 3897 members across 39 pages
[run] Inviting 999 users to chat -73509988855274 in batches of 10 (100 calls)...
[run] Progress: 100/999 users
[run] Progress: 200/999 users
[run] Progress: 300/999 users
[run] Progress: 400/999 users
[run] Progress: 500/999 users
[run] Progress: 600/999 users
[run] Progress: 700/999 users
[run] Progress: 800/999 users
[run] Progress: 900/999 users
[run] Progress: 999/999 users
[run] Verifying membership for 1000 users...
{
  "ok": true,
  "source_file": "Вся рыба (1).txt",
  "target_chat_id": -73509988855274,
  "processed_count": 1000,
  "already_in_target_count": 1,
  "attempted_invite_count": 999,
  "invited_without_immediate_failure_count": 999,
  "verified_added_count": 945,
  "still_not_in_target_from_this_chunk_count": 54,
  "before_participants_count": 3861,
  "after_participants_count": 4806,
  "result_file": "data/add_1_to_73509988855274_1001_2000_20260414184249_result.json",
  "still_missing_file": "data/still_missing_1_to_73509988855274_1001_2000_20260414184249.txt"
}

[done] 2026-04-14T21:49:04+03:00 completed log=data/add_vsya_ryba1_2k_token1_20260414_213601.log
