
> max-moderation-bot@1.0.0 members:add
> node scripts/add-chat-members-2026.js --env-file /tmp/tmp.RujIQ4J0ZZ --source-file data/telefony_plus7_member_ids_from_xlsx.txt --target-chat-id -73293622623545 --start 2000 --count 1000 --invite-batch-size 10 --pause-ms 3000 --max-retries 0 --stop-on-action-failed 0

[dotenv@17.3.1] injecting env (1) from ../../../../../tmp/tmp.RujIQ4J0ZZ -- tip: ⚙️  write to custom object with { processEnv: myObject }
[run] Loading target member snapshot...
[run] Snapshot loaded: 11423 members across 115 pages
[run] Inviting 949 users to chat -73293622623545 in batches of 10 (95 calls)...
[run] Progress: 50/949 users
[run] Progress: 100/949 users
[run] Progress: 150/949 users
[run] Progress: 200/949 users
[run] Progress: 250/949 users
[run] Progress: 300/949 users
[run] Progress: 350/949 users
[run] Progress: 400/949 users
[run] Progress: 450/949 users
[run] Progress: 500/949 users
[run] Progress: 550/949 users
[run] Progress: 600/949 users
[run] Progress: 650/949 users
[run] Progress: 700/949 users
[run] Progress: 750/949 users
[run] Progress: 800/949 users
[run] Progress: 850/949 users
[run] Progress: 900/949 users
[run] Progress: 949/949 users
[run] Verifying membership for 1000 users...
{
  "ok": true,
  "source_file": "data/telefony_plus7_member_ids_from_xlsx.txt",
  "target_chat_id": -73293622623545,
  "processed_count": 1000,
  "already_in_target_count": 51,
  "attempted_invite_count": 949,
  "invited_without_immediate_failure_count": 949,
  "verified_added_count": 890,
  "still_not_in_target_from_this_chunk_count": 59,
  "before_participants_count": 11423,
  "after_participants_count": 12265,
  "result_file": "data/add_telefony_plus7_member_ids_from_xlsx_to_73293622623545_2001_3000_20260416155316_result.json",
  "still_missing_file": "data/still_missing_telefony_plus7_member_ids_from_xlsx_to_73293622623545_2001_3000_20260416155316.txt"
}
