
> max-moderation-bot@1.0.0 members:add
> node scripts/add-chat-members-2026.js --env-file /tmp/tmp.ueNH8NbwXc --source-file трупы --target-chat-id -73587194528495 --start 10250 --count 1000 --invite-batch-size 10 --pause-ms 3000 --max-retries 0 --stop-on-action-failed 0

[dotenv@17.3.1] injecting env (1) from ../../../../../tmp/tmp.ueNH8NbwXc -- tip: 🔐 prevent committing .env to code: https://dotenvx.com/precommit
[run] Loading target member snapshot...
[run] Snapshot loaded: 4646 members across 47 pages
[run] Inviting 1000 users to chat -73587194528495 in batches of 10 (100 calls)...
[run] Progress: 50/1000 users
[run] Progress: 100/1000 users
[run] Progress: 150/1000 users
[run] Progress: 200/1000 users
[run] Progress: 250/1000 users
[run] Progress: 300/1000 users
[run] Progress: 350/1000 users
[run] Progress: 400/1000 users
[run] Progress: 450/1000 users
[run] Progress: 500/1000 users
[run] Progress: 550/1000 users
[run] Progress: 600/1000 users
[run] Progress: 650/1000 users
[run] Progress: 700/1000 users
[run] Progress: 750/1000 users
[run] Progress: 800/1000 users
[run] Progress: 850/1000 users
[run] Progress: 900/1000 users
[run] Progress: 950/1000 users
[run] Progress: 1000/1000 users
[run] Verifying membership for 1000 users...
{
  "ok": true,
  "source_file": "трупы",
  "target_chat_id": -73587194528495,
  "processed_count": 1000,
  "already_in_target_count": 0,
  "attempted_invite_count": 1000,
  "invited_without_immediate_failure_count": 1000,
  "verified_added_count": 880,
  "still_not_in_target_from_this_chunk_count": 120,
  "before_participants_count": 4646,
  "after_participants_count": 5458,
  "result_file": "data/add_members_to_73587194528495_10251_11250_20260416144526_result.json",
  "still_missing_file": "data/still_missing_members_to_73587194528495_10251_11250_20260416144526.txt"
}
