[2026-04-18 16:47:48] START split-run source=пак1-11514.txt first_half=5756 second_half=5757
[2026-04-18 16:47:48] RUN chat=-73543575285031 start=0 count=1000

> max-moderation-bot@1.0.0 members:add
> node scripts/add-chat-members-2026.js --env-file /tmp/tmp.NTDU8QFSGE --source-file пак1-11514.txt --target-chat-id -73543575285031 --start 0 --count 1000 --invite-batch-size 10 --pause-ms 3000 --max-retries 0 --stop-on-action-failed 0

◇ injected env (1) from ../../../../../tmp/tmp.NTDU8QFSGE // tip: ⌘ enable debugging { debug: true }
[run] Loading target member snapshot...
[run] Snapshot loaded: 4 members across 1 pages
[run] Inviting 1000 users to chat -73543575285031 in batches of 10 (100 calls)...
[run] Progress: 50/1000 users
[run] Progress: 100/1000 users
[run] Progress: 150/1000 users
[run] Progress: 200/1000 users
[run] Progress: 250/1000 users
[run] Progress: 300/1000 users
[run] Progress: 350/1000 users
[run] Progress: 400/1000 users
[run] Progress: 450/1000 users
[run] Progress: 500/1000 users
[run] Progress: 550/1000 users
[run] Progress: 600/1000 users
[run] Progress: 650/1000 users
[run] Progress: 700/1000 users
[run] Progress: 750/1000 users
[run] Progress: 800/1000 users
[run] Progress: 850/1000 users
[run] Progress: 900/1000 users
[run] Progress: 950/1000 users
[run] Progress: 1000/1000 users
[run] Verifying membership for 1000 users...
{
  "ok": true,
  "source_file": "пак1-11514.txt",
  "target_chat_id": -73543575285031,
  "processed_count": 1000,
  "already_in_target_count": 0,
  "attempted_invite_count": 1000,
  "invited_without_immediate_failure_count": 1000,
  "verified_added_count": 957,
  "still_not_in_target_from_this_chunk_count": 43,
  "before_participants_count": 4,
  "after_participants_count": 961,
  "result_file": "data/add_1_11514_to_73543575285031_1_1000_20260418134748_result.json",
  "still_missing_file": "data/still_missing_1_11514_to_73543575285031_1_1000_20260418134748.txt"
}
[2026-04-18 16:53:27] PAUSE 60s before next wave (chat=-73543575285031)
[2026-04-18 16:54:27] RUN chat=-73543575285031 start=1000 count=1000

> max-moderation-bot@1.0.0 members:add
> node scripts/add-chat-members-2026.js --env-file /tmp/tmp.NTDU8QFSGE --source-file пак1-11514.txt --target-chat-id -73543575285031 --start 1000 --count 1000 --invite-batch-size 10 --pause-ms 3000 --max-retries 0 --stop-on-action-failed 0

◇ injected env (1) from ../../../../../tmp/tmp.NTDU8QFSGE // tip: ⌁ auth for agents [www.vestauth.com]
[run] Loading target member snapshot...
[run] Snapshot loaded: 956 members across 10 pages
[run] Inviting 1000 users to chat -73543575285031 in batches of 10 (100 calls)...
[run] Progress: 50/1000 users
[run] Progress: 100/1000 users
[run] Progress: 150/1000 users
[run] Progress: 200/1000 users
[run] Progress: 250/1000 users
[run] Progress: 300/1000 users
[run] Progress: 350/1000 users
[run] Progress: 400/1000 users
[run] Progress: 450/1000 users
[run] Progress: 500/1000 users
[run] Progress: 550/1000 users
[run] Progress: 600/1000 users
[run] Progress: 650/1000 users
[run] Progress: 700/1000 users
[run] Progress: 750/1000 users
[run] Progress: 800/1000 users
[run] Progress: 850/1000 users
[run] Progress: 900/1000 users
[run] Progress: 950/1000 users
[run] Progress: 1000/1000 users
[run] Verifying membership for 1000 users...
{
  "ok": true,
  "source_file": "пак1-11514.txt",
  "target_chat_id": -73543575285031,
  "processed_count": 1000,
  "already_in_target_count": 0,
  "attempted_invite_count": 1000,
  "invited_without_immediate_failure_count": 1000,
  "verified_added_count": 961,
  "still_not_in_target_from_this_chunk_count": 39,
  "before_participants_count": 956,
  "after_participants_count": 1892,
  "result_file": "data/add_1_11514_to_73543575285031_1001_2000_20260418135428_result.json",
  "still_missing_file": "data/still_missing_1_11514_to_73543575285031_1001_2000_20260418135428.txt"
}
[2026-04-18 17:00:11] PAUSE 60s before next wave (chat=-73543575285031)
[2026-04-18 17:01:11] RUN chat=-73543575285031 start=2000 count=1000

> max-moderation-bot@1.0.0 members:add
> node scripts/add-chat-members-2026.js --env-file /tmp/tmp.NTDU8QFSGE --source-file пак1-11514.txt --target-chat-id -73543575285031 --start 2000 --count 1000 --invite-batch-size 10 --pause-ms 3000 --max-retries 0 --stop-on-action-failed 0

◇ injected env (1) from ../../../../../tmp/tmp.NTDU8QFSGE // tip: ⌘ suppress logs { quiet: true }
[run] Loading target member snapshot...
[run] Snapshot loaded: 1890 members across 19 pages
[run] Inviting 1000 users to chat -73543575285031 in batches of 10 (100 calls)...
[run] Progress: 50/1000 users
[run] Progress: 100/1000 users
[run] Progress: 150/1000 users
[run] Progress: 200/1000 users
[run] Progress: 250/1000 users
[run] Progress: 300/1000 users
[run] Progress: 350/1000 users
[run] Progress: 400/1000 users
[run] Progress: 450/1000 users
[run] Progress: 500/1000 users
[run] Progress: 550/1000 users
[run] Progress: 600/1000 users
[run] Progress: 650/1000 users
[run] Progress: 700/1000 users
[run] Progress: 750/1000 users
[run] Progress: 800/1000 users
[run] Progress: 850/1000 users
[run] Progress: 900/1000 users
[run] Progress: 950/1000 users
[run] Progress: 1000/1000 users
[run] Verifying membership for 1000 users...
{
  "ok": true,
  "source_file": "пак1-11514.txt",
  "target_chat_id": -73543575285031,
  "processed_count": 1000,
  "already_in_target_count": 0,
  "attempted_invite_count": 1000,
  "invited_without_immediate_failure_count": 1000,
  "verified_added_count": 960,
  "still_not_in_target_from_this_chunk_count": 40,
  "before_participants_count": 1890,
  "after_participants_count": 2801,
  "result_file": "data/add_1_11514_to_73543575285031_2001_3000_20260418140111_result.json",
  "still_missing_file": "data/still_missing_1_11514_to_73543575285031_2001_3000_20260418140111.txt"
}
[2026-04-18 17:06:59] PAUSE 60s before next wave (chat=-73543575285031)
[2026-04-18 17:07:59] RUN chat=-73543575285031 start=3000 count=1000

> max-moderation-bot@1.0.0 members:add
> node scripts/add-chat-members-2026.js --env-file /tmp/tmp.NTDU8QFSGE --source-file пак1-11514.txt --target-chat-id -73543575285031 --start 3000 --count 1000 --invite-batch-size 10 --pause-ms 3000 --max-retries 0 --stop-on-action-failed 0

◇ injected env (1) from ../../../../../tmp/tmp.NTDU8QFSGE // tip: ◈ secrets for agents [www.dotenvx.com]
[run] Loading target member snapshot...
[run] Snapshot loaded: 2788 members across 28 pages
[run] Inviting 1000 users to chat -73543575285031 in batches of 10 (100 calls)...
[run] Progress: 50/1000 users
[run] Progress: 100/1000 users
[run] Progress: 150/1000 users
[run] Progress: 200/1000 users
[run] Progress: 250/1000 users
[run] Progress: 300/1000 users
[run] Progress: 350/1000 users
[run] Progress: 400/1000 users
[run] Progress: 450/1000 users
[run] Progress: 500/1000 users
[run] Progress: 550/1000 users
[run] Progress: 600/1000 users
[run] Progress: 650/1000 users
[run] Progress: 700/1000 users
[run] Progress: 750/1000 users
[run] Progress: 800/1000 users
[run] Progress: 850/1000 users
[run] Progress: 900/1000 users
[run] Progress: 950/1000 users
[run] Progress: 1000/1000 users
[run] Verifying membership for 1000 users...
{
  "ok": true,
  "source_file": "пак1-11514.txt",
  "target_chat_id": -73543575285031,
  "processed_count": 1000,
  "already_in_target_count": 0,
  "attempted_invite_count": 1000,
  "invited_without_immediate_failure_count": 1000,
  "verified_added_count": 953,
  "still_not_in_target_from_this_chunk_count": 47,
  "before_participants_count": 2793,
  "after_participants_count": 3698,
  "result_file": "data/add_1_11514_to_73543575285031_3001_4000_20260418140759_result.json",
  "still_missing_file": "data/still_missing_1_11514_to_73543575285031_3001_4000_20260418140759.txt"
}
[2026-04-18 17:13:51] PAUSE 60s before next wave (chat=-73543575285031)
[2026-04-18 17:14:51] RUN chat=-73543575285031 start=4000 count=1000

> max-moderation-bot@1.0.0 members:add
> node scripts/add-chat-members-2026.js --env-file /tmp/tmp.NTDU8QFSGE --source-file пак1-11514.txt --target-chat-id -73543575285031 --start 4000 --count 1000 --invite-batch-size 10 --pause-ms 3000 --max-retries 0 --stop-on-action-failed 0

◇ injected env (1) from ../../../../../tmp/tmp.NTDU8QFSGE // tip: ⌘ override existing { override: true }
[run] Loading target member snapshot...
[run] Snapshot loaded: 3686 members across 37 pages
[run] Inviting 1000 users to chat -73543575285031 in batches of 10 (100 calls)...
[run] Progress: 50/1000 users
[run] Progress: 100/1000 users
[run] Progress: 150/1000 users
[run] Progress: 200/1000 users
[run] Progress: 250/1000 users
[run] Progress: 300/1000 users
[run] Progress: 350/1000 users
[run] Progress: 400/1000 users
[run] Progress: 450/1000 users
[run] Progress: 500/1000 users
[run] Progress: 550/1000 users
[run] Progress: 600/1000 users
[run] Progress: 650/1000 users
[run] Progress: 700/1000 users
[run] Progress: 750/1000 users
[run] Progress: 800/1000 users
[run] Progress: 850/1000 users
[run] Progress: 900/1000 users
[run] Progress: 950/1000 users
[run] Progress: 1000/1000 users
[run] Verifying membership for 1000 users...
{
  "ok": true,
  "source_file": "пак1-11514.txt",
  "target_chat_id": -73543575285031,
  "processed_count": 1000,
  "already_in_target_count": 0,
  "attempted_invite_count": 1000,
  "invited_without_immediate_failure_count": 990,
  "verified_added_count": 952,
  "still_not_in_target_from_this_chunk_count": 48,
  "before_participants_count": 3695,
  "after_participants_count": 4587,
  "result_file": "data/add_1_11514_to_73543575285031_4001_5000_20260418141451_result.json",
  "still_missing_file": "data/still_missing_1_11514_to_73543575285031_4001_5000_20260418141451.txt"
}
[2026-04-18 17:22:58] PAUSE 60s before next wave (chat=-73543575285031)
[2026-04-18 17:23:58] RUN chat=-73543575285031 start=5000 count=756

> max-moderation-bot@1.0.0 members:add
> node scripts/add-chat-members-2026.js --env-file /tmp/tmp.NTDU8QFSGE --source-file пак1-11514.txt --target-chat-id -73543575285031 --start 5000 --count 756 --invite-batch-size 10 --pause-ms 3000 --max-retries 0 --stop-on-action-failed 0

◇ injected env (1) from ../../../../../tmp/tmp.NTDU8QFSGE // tip: ◈ encrypted .env [www.dotenvx.com]
[run] Loading target member snapshot...
[run] Snapshot loaded: 4576 members across 46 pages
[run] Inviting 756 users to chat -73543575285031 in batches of 10 (76 calls)...
[run] Progress: 50/756 users
[run] Progress: 100/756 users
[run] Progress: 150/756 users
[run] Progress: 200/756 users
[run] Progress: 250/756 users
[run] Progress: 300/756 users
[run] Progress: 350/756 users
[run] Progress: 400/756 users
[run] Progress: 450/756 users
[run] Progress: 500/756 users
[run] Progress: 550/756 users
[run] Progress: 600/756 users
[run] Progress: 650/756 users
[run] Progress: 700/756 users
[run] Progress: 750/756 users
[run] Progress: 756/756 users
[run] Verifying membership for 756 users...
{
  "ok": true,
  "source_file": "пак1-11514.txt",
  "target_chat_id": -73543575285031,
  "processed_count": 756,
  "already_in_target_count": 0,
  "attempted_invite_count": 756,
  "invited_without_immediate_failure_count": 756,
  "verified_added_count": 726,
  "still_not_in_target_from_this_chunk_count": 30,
  "before_participants_count": 4580,
  "after_participants_count": 5248,
  "result_file": "data/add_1_11514_to_73543575285031_5001_5756_20260418142358_result.json",
  "still_missing_file": "data/still_missing_1_11514_to_73543575285031_5001_5756_20260418142358.txt"
}
[2026-04-18 17:28:31] RUN chat=-73548651704408 start=5756 count=1000

> max-moderation-bot@1.0.0 members:add
> node scripts/add-chat-members-2026.js --env-file /tmp/tmp.NTDU8QFSGE --source-file пак1-11514.txt --target-chat-id -73548651704408 --start 5756 --count 1000 --invite-batch-size 10 --pause-ms 3000 --max-retries 0 --stop-on-action-failed 0

◇ injected env (1) from ../../../../../tmp/tmp.NTDU8QFSGE // tip: ⌁ auth for agents [www.vestauth.com]
[run] Loading target member snapshot...
[run] Snapshot loaded: 4 members across 1 pages
[run] Inviting 1000 users to chat -73548651704408 in batches of 10 (100 calls)...
[run] Progress: 50/1000 users
[run] Progress: 100/1000 users
[run] Progress: 150/1000 users
[run] Progress: 200/1000 users
[run] Progress: 250/1000 users
[run] Progress: 300/1000 users
[run] Progress: 350/1000 users
[run] Progress: 400/1000 users
[run] Progress: 450/1000 users
[run] Progress: 500/1000 users
[run] Progress: 550/1000 users
[run] Progress: 600/1000 users
[run] Progress: 650/1000 users
[run] Progress: 700/1000 users
[run] Progress: 750/1000 users
[run] Progress: 800/1000 users
[run] Progress: 850/1000 users
[run] Progress: 900/1000 users
[run] Progress: 950/1000 users
[run] Progress: 1000/1000 users
[run] Verifying membership for 1000 users...
{
  "ok": true,
  "source_file": "пак1-11514.txt",
  "target_chat_id": -73548651704408,
  "processed_count": 1000,
  "already_in_target_count": 0,
  "attempted_invite_count": 1000,
  "invited_without_immediate_failure_count": 1000,
  "verified_added_count": 955,
  "still_not_in_target_from_this_chunk_count": 45,
  "before_participants_count": 4,
  "after_participants_count": 966,
  "result_file": "data/add_1_11514_to_73548651704408_5757_6756_20260418142831_result.json",
  "still_missing_file": "data/still_missing_1_11514_to_73548651704408_5757_6756_20260418142831.txt"
}
[2026-04-18 17:34:14] PAUSE 60s before next wave (chat=-73548651704408)
[2026-04-18 17:35:14] RUN chat=-73548651704408 start=6756 count=1000

> max-moderation-bot@1.0.0 members:add
> node scripts/add-chat-members-2026.js --env-file /tmp/tmp.NTDU8QFSGE --source-file пак1-11514.txt --target-chat-id -73548651704408 --start 6756 --count 1000 --invite-batch-size 10 --pause-ms 3000 --max-retries 0 --stop-on-action-failed 0

◇ injected env (1) from ../../../../../tmp/tmp.NTDU8QFSGE // tip: ⌘ override existing { override: true }
[run] Loading target member snapshot...
[run] Snapshot loaded: 955 members across 10 pages
[run] Inviting 1000 users to chat -73548651704408 in batches of 10 (100 calls)...
[run] Progress: 50/1000 users
[run] Progress: 100/1000 users
[run] Progress: 150/1000 users
[run] Progress: 200/1000 users
[run] Progress: 250/1000 users
[run] Progress: 300/1000 users
[run] Progress: 350/1000 users
[run] Progress: 400/1000 users
[run] Progress: 450/1000 users
[run] Progress: 500/1000 users
[run] Progress: 550/1000 users
[run] Progress: 600/1000 users
[run] Progress: 650/1000 users
[run] Progress: 700/1000 users
[run] Progress: 750/1000 users
[run] Progress: 800/1000 users
[run] Progress: 850/1000 users
[run] Progress: 900/1000 users
[run] Progress: 950/1000 users
[run] Progress: 1000/1000 users
[run] Verifying membership for 1000 users...
{
  "ok": true,
  "source_file": "пак1-11514.txt",
  "target_chat_id": -73548651704408,
  "processed_count": 1000,
  "already_in_target_count": 0,
  "attempted_invite_count": 1000,
  "invited_without_immediate_failure_count": 1000,
  "verified_added_count": 957,
  "still_not_in_target_from_this_chunk_count": 43,
  "before_participants_count": 962,
  "after_participants_count": 1890,
  "result_file": "data/add_1_11514_to_73548651704408_6757_7756_20260418143514_result.json",
  "still_missing_file": "data/still_missing_1_11514_to_73548651704408_6757_7756_20260418143514.txt"
}
[2026-04-18 17:40:58] PAUSE 60s before next wave (chat=-73548651704408)
[2026-04-18 17:41:58] RUN chat=-73548651704408 start=7756 count=1000

> max-moderation-bot@1.0.0 members:add
> node scripts/add-chat-members-2026.js --env-file /tmp/tmp.NTDU8QFSGE --source-file пак1-11514.txt --target-chat-id -73548651704408 --start 7756 --count 1000 --invite-batch-size 10 --pause-ms 3000 --max-retries 0 --stop-on-action-failed 0

◇ injected env (1) from ../../../../../tmp/tmp.NTDU8QFSGE // tip: ⌘ multiple files { path: ['.env.local', '.env'] }
[run] Loading target member snapshot...
[run] Snapshot loaded: 1883 members across 19 pages
[run] Inviting 1000 users to chat -73548651704408 in batches of 10 (100 calls)...
[run] Progress: 50/1000 users
[run] Progress: 100/1000 users
[run] Progress: 150/1000 users
[run] Progress: 200/1000 users
[run] Progress: 250/1000 users
[run] Progress: 300/1000 users
[run] Progress: 350/1000 users
[run] Progress: 400/1000 users
[run] Progress: 450/1000 users
[run] Progress: 500/1000 users
[run] Progress: 550/1000 users
[run] Progress: 600/1000 users
[run] Progress: 650/1000 users
[run] Progress: 700/1000 users
[run] Progress: 750/1000 users
[run] Progress: 800/1000 users
[run] Progress: 850/1000 users
[run] Progress: 900/1000 users
[run] Progress: 950/1000 users
[run] Progress: 1000/1000 users
[run] Verifying membership for 1000 users...
{
  "ok": true,
  "source_file": "пак1-11514.txt",
  "target_chat_id": -73548651704408,
  "processed_count": 1000,
  "already_in_target_count": 0,
  "attempted_invite_count": 1000,
  "invited_without_immediate_failure_count": 1000,
  "verified_added_count": 952,
  "still_not_in_target_from_this_chunk_count": 48,
  "before_participants_count": 1890,
  "after_participants_count": 2794,
  "result_file": "data/add_1_11514_to_73548651704408_7757_8756_20260418144158_result.json",
  "still_missing_file": "data/still_missing_1_11514_to_73548651704408_7757_8756_20260418144158.txt"
}
[2026-04-18 17:47:43] PAUSE 60s before next wave (chat=-73548651704408)
[2026-04-18 17:48:42] RUN chat=-73548651704408 start=8756 count=1000

> max-moderation-bot@1.0.0 members:add
> node scripts/add-chat-members-2026.js --env-file /tmp/tmp.NTDU8QFSGE --source-file пак1-11514.txt --target-chat-id -73548651704408 --start 8756 --count 1000 --invite-batch-size 10 --pause-ms 3000 --max-retries 0 --stop-on-action-failed 0

◇ injected env (1) from ../../../../../tmp/tmp.NTDU8QFSGE // tip: ⌘ enable debugging { debug: true }
[run] Loading target member snapshot...
[run] Snapshot loaded: 2769 members across 28 pages
[run] Inviting 1000 users to chat -73548651704408 in batches of 10 (100 calls)...
[run] Progress: 50/1000 users
[run] Progress: 100/1000 users
[run] Progress: 150/1000 users
[run] Progress: 200/1000 users
[run] Progress: 250/1000 users
[run] Progress: 300/1000 users
[run] Progress: 350/1000 users
[run] Progress: 400/1000 users
[run] Progress: 450/1000 users
[run] Progress: 500/1000 users
[run] Progress: 550/1000 users
[run] Progress: 600/1000 users
[run] Progress: 650/1000 users
[run] Progress: 700/1000 users
[run] Progress: 750/1000 users
[run] Progress: 800/1000 users
[run] Progress: 850/1000 users
[run] Progress: 900/1000 users
[run] Progress: 950/1000 users
[run] Progress: 1000/1000 users
[run] Verifying membership for 1000 users...
{
  "ok": true,
  "source_file": "пак1-11514.txt",
  "target_chat_id": -73548651704408,
  "processed_count": 1000,
  "already_in_target_count": 0,
  "attempted_invite_count": 1000,
  "invited_without_immediate_failure_count": 1000,
  "verified_added_count": 960,
  "still_not_in_target_from_this_chunk_count": 40,
  "before_participants_count": 2788,
  "after_participants_count": 3633,
  "result_file": "data/add_1_11514_to_73548651704408_8757_9756_20260418144842_result.json",
  "still_missing_file": "data/still_missing_1_11514_to_73548651704408_8757_9756_20260418144842.txt"
}
[2026-04-18 17:54:27] PAUSE 60s before next wave (chat=-73548651704408)
[2026-04-18 17:55:26] RUN chat=-73548651704408 start=9756 count=1000

> max-moderation-bot@1.0.0 members:add
> node scripts/add-chat-members-2026.js --env-file /tmp/tmp.NTDU8QFSGE --source-file пак1-11514.txt --target-chat-id -73548651704408 --start 9756 --count 1000 --invite-batch-size 10 --pause-ms 3000 --max-retries 0 --stop-on-action-failed 0

◇ injected env (1) from ../../../../../tmp/tmp.NTDU8QFSGE // tip: ⌘ suppress logs { quiet: true }
[run] Loading target member snapshot...
[run] Snapshot loaded: 3651 members across 37 pages
[run] Inviting 1000 users to chat -73548651704408 in batches of 10 (100 calls)...
[run] Progress: 50/1000 users
[run] Progress: 100/1000 users
[run] Progress: 150/1000 users
[run] Progress: 200/1000 users
[run] Progress: 250/1000 users
[run] Progress: 300/1000 users
[run] Progress: 350/1000 users
[run] Progress: 400/1000 users
[run] Progress: 450/1000 users
[run] Progress: 500/1000 users
[run] Progress: 550/1000 users
[run] Progress: 600/1000 users
[run] Progress: 650/1000 users
[run] Progress: 700/1000 users
[run] Progress: 750/1000 users
[run] Progress: 800/1000 users
[run] Progress: 850/1000 users
[run] Progress: 900/1000 users
[run] Progress: 950/1000 users
[run] Progress: 1000/1000 users
[run] Verifying membership for 1000 users...
{
  "ok": true,
  "source_file": "пак1-11514.txt",
  "target_chat_id": -73548651704408,
  "processed_count": 1000,
  "already_in_target_count": 0,
  "attempted_invite_count": 1000,
  "invited_without_immediate_failure_count": 1000,
  "verified_added_count": 950,
  "still_not_in_target_from_this_chunk_count": 50,
  "before_participants_count": 3663,
  "after_participants_count": 4489,
  "result_file": "data/add_1_11514_to_73548651704408_9757_10756_20260418145526_result.json",
  "still_missing_file": "data/still_missing_1_11514_to_73548651704408_9757_10756_20260418145526.txt"
}
[2026-04-18 18:01:13] PAUSE 60s before next wave (chat=-73548651704408)
[2026-04-18 18:02:12] RUN chat=-73548651704408 start=10756 count=757

> max-moderation-bot@1.0.0 members:add
> node scripts/add-chat-members-2026.js --env-file /tmp/tmp.NTDU8QFSGE --source-file пак1-11514.txt --target-chat-id -73548651704408 --start 10756 --count 757 --invite-batch-size 10 --pause-ms 3000 --max-retries 0 --stop-on-action-failed 0

◇ injected env (1) from ../../../../../tmp/tmp.NTDU8QFSGE // tip: ⌘ override existing { override: true }
[run] Loading target member snapshot...
[run] Snapshot loaded: 4489 members across 45 pages
[run] Inviting 757 users to chat -73548651704408 in batches of 10 (76 calls)...
[run] Progress: 50/757 users
[run] Progress: 100/757 users
[run] Progress: 150/757 users
[run] Progress: 200/757 users
[run] Progress: 250/757 users
[run] Progress: 300/757 users
[run] Progress: 350/757 users
[run] Progress: 400/757 users
[run] Progress: 450/757 users
[run] Progress: 500/757 users
[run] Progress: 550/757 users
[run] Progress: 600/757 users
[run] Progress: 650/757 users
[run] Progress: 700/757 users
[run] Progress: 750/757 users
[run] Progress: 757/757 users
[run] Verifying membership for 757 users...
{
  "ok": true,
  "source_file": "пак1-11514.txt",
  "target_chat_id": -73548651704408,
  "processed_count": 757,
  "already_in_target_count": 0,
  "attempted_invite_count": 757,
  "invited_without_immediate_failure_count": 757,
  "verified_added_count": 733,
  "still_not_in_target_from_this_chunk_count": 24,
  "before_participants_count": 4499,
  "after_participants_count": 5133,
  "result_file": "data/add_1_11514_to_73548651704408_10757_11513_20260418150212_result.json",
  "still_missing_file": "data/still_missing_1_11514_to_73548651704408_10757_11513_20260418150212.txt"
}
[2026-04-18 18:06:45] DONE split-run
