[run] start=20260414_155952 total=4164 target=-73168390835654
[wave] #1 start=0 count=1000

> max-moderation-bot@1.0.0 members:add
> node scripts/add-chat-members-2026.js --source-file maxid.txt --target-chat-id -73168390835654 --start 0 --count 1000 --invite-batch-size 10 --pause-ms 1000

[dotenv@17.3.1] injecting env (0) from .env -- tip: 🤖 agentic secret storage: https://dotenvx.com/as2
[run] Loading target member snapshot...
[run] Snapshot loaded: 99 members across 1 pages
[run] Inviting 910 users to chat -73168390835654 in batches of 10 (91 calls)...
[run] Progress: 50/910 users
[run] Progress: 100/910 users
[run] Progress: 150/910 users
[run] Progress: 200/910 users
[run] Progress: 250/910 users
[run] Progress: 300/910 users
[run] Progress: 350/910 users
[run] Progress: 400/910 users
[run] Progress: 450/910 users
[run] Progress: 500/910 users
[run] Progress: 550/910 users
[run] Progress: 600/910 users
[run] Progress: 650/910 users
[run] Progress: 700/910 users
[run] Progress: 750/910 users
[run] Progress: 800/910 users
[run] Progress: 850/910 users
[run] Progress: 900/910 users
[run] Progress: 910/910 users
[run] Verifying membership for 1000 users...
{
  "ok": true,
  "source_file": "maxid.txt",
  "target_chat_id": -73168390835654,
  "processed_count": 1000,
  "already_in_target_count": 90,
  "attempted_invite_count": 910,
  "invited_without_immediate_failure_count": 910,
  "verified_added_count": 863,
  "still_not_in_target_from_this_chunk_count": 47,
  "before_participants_count": 99,
  "after_participants_count": 962,
  "result_file": "data/add_maxid_to_73168390835654_1_1000_20260414125952_result.json",
  "still_missing_file": "data/still_missing_maxid_to_73168390835654_1_1000_20260414125952.txt"
}
[wave] pause 60s before next wave
[wave] #2 start=1000 count=1000

> max-moderation-bot@1.0.0 members:add
> node scripts/add-chat-members-2026.js --source-file maxid.txt --target-chat-id -73168390835654 --start 1000 --count 1000 --invite-batch-size 10 --pause-ms 1000

[dotenv@17.3.1] injecting env (0) from .env -- tip: 🛠️  run anywhere with `dotenvx run -- yourcommand`
[run] Loading target member snapshot...
[run] Snapshot loaded: 953 members across 10 pages
[run] Inviting 1000 users to chat -73168390835654 in batches of 10 (100 calls)...
[run] Progress: 50/1000 users
[run] Progress: 100/1000 users
[run] Progress: 150/1000 users
[run] Progress: 200/1000 users
[run] Progress: 250/1000 users
[run] Progress: 300/1000 users
[run] Progress: 350/1000 users
[run] Progress: 400/1000 users
[run] Progress: 450/1000 users
[run] Progress: 500/1000 users
[run] Progress: 550/1000 users
[run] Progress: 600/1000 users
[run] Progress: 650/1000 users
[run] Progress: 700/1000 users
[run] Progress: 750/1000 users
[run] Progress: 800/1000 users
[run] Progress: 850/1000 users
[run] Progress: 900/1000 users
[run] Progress: 950/1000 users
[run] Progress: 1000/1000 users
[run] Verifying membership for 1000 users...
{
  "ok": true,
  "source_file": "maxid.txt",
  "target_chat_id": -73168390835654,
  "processed_count": 1000,
  "already_in_target_count": 0,
  "attempted_invite_count": 1000,
  "invited_without_immediate_failure_count": 1000,
  "verified_added_count": 956,
  "still_not_in_target_from_this_chunk_count": 44,
  "before_participants_count": 953,
  "after_participants_count": 1904,
  "result_file": "data/add_maxid_to_73168390835654_1001_2000_20260414130303_result.json",
  "still_missing_file": "data/still_missing_maxid_to_73168390835654_1001_2000_20260414130303.txt"
}
[wave] pause 60s before next wave
[wave] #3 start=2000 count=1000

> max-moderation-bot@1.0.0 members:add
> node scripts/add-chat-members-2026.js --source-file maxid.txt --target-chat-id -73168390835654 --start 2000 --count 1000 --invite-batch-size 10 --pause-ms 1000

[dotenv@17.3.1] injecting env (0) from .env -- tip: 🔐 prevent committing .env to code: https://dotenvx.com/precommit
[run] Loading target member snapshot...
[run] Snapshot loaded: 1899 members across 19 pages
[run] Inviting 1000 users to chat -73168390835654 in batches of 10 (100 calls)...
[run] Progress: 50/1000 users
[run] Progress: 100/1000 users
[run] Progress: 150/1000 users
[run] Progress: 200/1000 users
[run] Progress: 250/1000 users
[run] Progress: 300/1000 users
[run] Progress: 350/1000 users
[run] Progress: 400/1000 users
[run] Progress: 450/1000 users
[run] Progress: 500/1000 users
[run] Progress: 550/1000 users
[run] Progress: 600/1000 users
[run] Progress: 650/1000 users
[run] Progress: 700/1000 users
[run] Progress: 750/1000 users
[run] Progress: 800/1000 users
[run] Progress: 850/1000 users
[run] Progress: 900/1000 users
[run] Progress: 950/1000 users
[run] Progress: 1000/1000 users
[run] Verifying membership for 1000 users...
{
  "ok": true,
  "source_file": "maxid.txt",
  "target_chat_id": -73168390835654,
  "processed_count": 1000,
  "already_in_target_count": 0,
  "attempted_invite_count": 1000,
  "invited_without_immediate_failure_count": 1000,
  "verified_added_count": 958,
  "still_not_in_target_from_this_chunk_count": 42,
  "before_participants_count": 1899,
  "after_participants_count": 2756,
  "result_file": "data/add_maxid_to_73168390835654_2001_3000_20260414130645_result.json",
  "still_missing_file": "data/still_missing_maxid_to_73168390835654_2001_3000_20260414130645.txt"
}
[wave] pause 60s before next wave
[wave] #4 start=3000 count=1000

> max-moderation-bot@1.0.0 members:add
> node scripts/add-chat-members-2026.js --source-file maxid.txt --target-chat-id -73168390835654 --start 3000 --count 1000 --invite-batch-size 10 --pause-ms 1000

[dotenv@17.3.1] injecting env (0) from .env -- tip: 🔐 prevent building .env in docker: https://dotenvx.com/prebuild
[run] Loading target member snapshot...
[run] Snapshot loaded: 2831 members across 29 pages
[run] Inviting 1000 users to chat -73168390835654 in batches of 10 (100 calls)...
[run] Progress: 50/1000 users
[run] Progress: 100/1000 users
[run] Progress: 150/1000 users
[run] Progress: 200/1000 users
[run] Progress: 250/1000 users
[run] Progress: 300/1000 users
[run] Progress: 350/1000 users
[run] Progress: 400/1000 users
[run] Progress: 450/1000 users
[run] Progress: 500/1000 users
[run] Progress: 550/1000 users
[run] Progress: 600/1000 users
[run] Progress: 650/1000 users
[run] Progress: 700/1000 users
[run] Progress: 750/1000 users
[run] Progress: 800/1000 users
[run] Progress: 850/1000 users
[run] Progress: 900/1000 users
[run] Progress: 950/1000 users
[run] Progress: 1000/1000 users
[run] Verifying membership for 1000 users...
{
  "ok": true,
  "source_file": "maxid.txt",
  "target_chat_id": -73168390835654,
  "processed_count": 1000,
  "already_in_target_count": 0,
  "attempted_invite_count": 1000,
  "invited_without_immediate_failure_count": 1000,
  "verified_added_count": 959,
  "still_not_in_target_from_this_chunk_count": 41,
  "before_participants_count": 2831,
  "after_participants_count": 3740,
  "result_file": "data/add_maxid_to_73168390835654_3001_4000_20260414131014_result.json",
  "still_missing_file": "data/still_missing_maxid_to_73168390835654_3001_4000_20260414131014.txt"
}
[wave] pause 60s before next wave
[wave] #5 start=4000 count=164

> max-moderation-bot@1.0.0 members:add
> node scripts/add-chat-members-2026.js --source-file maxid.txt --target-chat-id -73168390835654 --start 4000 --count 164 --invite-batch-size 10 --pause-ms 1000

[dotenv@17.3.1] injecting env (0) from .env -- tip: ⚙️  enable debug logging with { debug: true }
[run] Loading target member snapshot...
[run] Snapshot loaded: 3759 members across 38 pages
[run] Inviting 164 users to chat -73168390835654 in batches of 10 (17 calls)...
[run] Progress: 50/164 users
[run] Progress: 100/164 users
[run] Progress: 150/164 users
[run] Progress: 164/164 users
[run] Verifying membership for 164 users...
{
  "ok": true,
  "source_file": "maxid.txt",
  "target_chat_id": -73168390835654,
  "processed_count": 164,
  "already_in_target_count": 0,
  "attempted_invite_count": 164,
  "invited_without_immediate_failure_count": 164,
  "verified_added_count": 158,
  "still_not_in_target_from_this_chunk_count": 6,
  "before_participants_count": 3760,
  "after_participants_count": 3883,
  "result_file": "data/add_maxid_to_73168390835654_4001_4164_20260414131342_result.json",
  "still_missing_file": "data/still_missing_maxid_to_73168390835654_4001_4164_20260414131342.txt"
}
[run] completed at 20260414_161415
