
> max-moderation-bot@1.0.0 members:add
> node scripts/add-chat-members-2026.js --env-file /tmp/tmp.ueNH8NbwXc --source-file трупы --target-chat-id -73587194528495 --start 8250 --count 1000 --invite-batch-size 10 --pause-ms 3000 --max-retries 0 --stop-on-action-failed 0

[dotenv@17.3.1] injecting env (1) from ../../../../../tmp/tmp.ueNH8NbwXc -- tip: ⚙️  enable debug logging with { debug: true }
[run] Loading target member snapshot...
[run] Snapshot loaded: 2934 members across 30 pages
[run] Inviting 992 users to chat -73587194528495 in batches of 10 (100 calls)...
[run] Progress: 50/992 users
[run] Progress: 100/992 users
[run] Progress: 150/992 users
[run] Progress: 200/992 users
[run] Progress: 250/992 users
[run] Progress: 300/992 users
[run] Progress: 350/992 users
[run] Progress: 400/992 users
[run] Progress: 450/992 users
[run] Progress: 500/992 users
[run] Progress: 550/992 users
[run] Progress: 600/992 users
[run] Progress: 650/992 users
[run] Progress: 700/992 users
[run] Progress: 750/992 users
[run] Progress: 800/992 users
[run] Progress: 850/992 users
[run] Progress: 900/992 users
[run] Progress: 950/992 users
[run] Progress: 992/992 users
[run] Verifying membership for 1000 users...
{
  "ok": true,
  "source_file": "трупы",
  "target_chat_id": -73587194528495,
  "processed_count": 1000,
  "already_in_target_count": 8,
  "attempted_invite_count": 992,
  "invited_without_immediate_failure_count": 992,
  "verified_added_count": 912,
  "still_not_in_target_from_this_chunk_count": 80,
  "before_participants_count": 2934,
  "after_participants_count": 3781,
  "result_file": "data/add_members_to_73587194528495_8251_9250_20260416143206_result.json",
  "still_missing_file": "data/still_missing_members_to_73587194528495_8251_9250_20260416143206.txt"
}
