
> max-moderation-bot@1.0.0 members:add
> node scripts/add-chat-members-2026.js --source-file пак1-5931.txt --target-chat-id -73479063303535 --start 0 --count 1000 --invite-batch-size 10 --pause-ms 3000

[dotenv@17.3.1] injecting env (15) from .env -- tip: 🔐 encrypt with Dotenvx: https://dotenvx.com
[run] Loading target member snapshot...
[run] Snapshot loaded: 3605 members across 37 pages
[run] Inviting 1000 users to chat -73479063303535 in batches of 10 (100 calls)...
[run] Progress: 50/1000 users
[run] Progress: 100/1000 users
[run] Progress: 150/1000 users
[run] Progress: 200/1000 users
[run] Progress: 250/1000 users
[run] Progress: 300/1000 users
[run] Progress: 350/1000 users
[run] Progress: 400/1000 users
[run] Progress: 450/1000 users
[run] Progress: 500/1000 users
[run] Progress: 550/1000 users
[run] Progress: 600/1000 users
[run] Progress: 650/1000 users
[run] Progress: 700/1000 users
[run] Progress: 750/1000 users
[run] Progress: 800/1000 users
[run] Progress: 850/1000 users
[run] Progress: 900/1000 users
[run] Progress: 950/1000 users
[run] Progress: 1000/1000 users
[run] Verifying membership for 1000 users...
{
  "ok": true,
  "source_file": "пак1-5931.txt",
  "target_chat_id": -73479063303535,
  "processed_count": 1000,
  "already_in_target_count": 0,
  "attempted_invite_count": 1000,
  "invited_without_immediate_failure_count": 1000,
  "verified_added_count": 957,
  "still_not_in_target_from_this_chunk_count": 43,
  "before_participants_count": 3605,
  "after_participants_count": 4530,
  "result_file": "data/add_1_5931_to_73479063303535_1_1000_20260416075408_result.json",
  "still_missing_file": "data/still_missing_1_5931_to_73479063303535_1_1000_20260416075408.txt"
}
