[2026-04-17 19:34:34] RUN START log=data/add_pak1_5970_split_2chats_token1_20260417_193434.log
[2026-04-17 19:34:34] FILE lines=5968
[2026-04-17 19:34:34] START chat1_wave1: chat=-72669169736293 start=0 count=1000

> max-moderation-bot@1.0.0 members:add
> node scripts/add-chat-members-2026.js --source-file data/пак1-5970.txt --target-chat-id -72669169736293 --start 0 --count 1000 --invite-batch-size 10 --pause-ms 3000 --max-retries 0 --stop-on-action-failed 0

◇ injected env (15) from .env // tip: ⌘ custom filepath { path: '/custom/path/.env' }
[run] Loading target member snapshot...
[run] Snapshot loaded: 3189 members across 32 pages
[run] Inviting 1000 users to chat -72669169736293 in batches of 10 (100 calls)...
[run] Progress: 50/1000 users
[run] Progress: 100/1000 users
[run] Progress: 150/1000 users
[run] Progress: 200/1000 users
[run] Progress: 250/1000 users
[run] Progress: 300/1000 users
[run] Progress: 350/1000 users
[run] Progress: 400/1000 users
[run] Progress: 450/1000 users
[run] Progress: 500/1000 users
[run] Progress: 550/1000 users
[run] Progress: 600/1000 users
[run] Progress: 650/1000 users
[run] Progress: 700/1000 users
[run] Progress: 750/1000 users
[run] Progress: 800/1000 users
[run] Progress: 850/1000 users
[run] Progress: 900/1000 users
[run] Progress: 950/1000 users
[run] Progress: 1000/1000 users
[run] Verifying membership for 1000 users...
{
  "ok": true,
  "source_file": "data/пак1-5970.txt",
  "target_chat_id": -72669169736293,
  "processed_count": 1000,
  "already_in_target_count": 0,
  "attempted_invite_count": 1000,
  "invited_without_immediate_failure_count": 1000,
  "verified_added_count": 973,
  "still_not_in_target_from_this_chunk_count": 27,
  "before_participants_count": 3190,
  "after_participants_count": 4112,
  "result_file": "data/add_1_5970_to_72669169736293_1_1000_20260417163435_result.json",
  "still_missing_file": "data/still_missing_1_5970_to_72669169736293_1_1000_20260417163435.txt"
}
[2026-04-17 19:40:31] END chat1_wave1: rc=0
[2026-04-17 19:40:31] PAUSE 60s after chat1_wave1
[2026-04-17 19:41:31] START chat1_wave2: chat=-72669169736293 start=1000 count=1000

> max-moderation-bot@1.0.0 members:add
> node scripts/add-chat-members-2026.js --source-file data/пак1-5970.txt --target-chat-id -72669169736293 --start 1000 --count 1000 --invite-batch-size 10 --pause-ms 3000 --max-retries 0 --stop-on-action-failed 0

◇ injected env (15) from .env // tip: ◈ secrets for agents [www.dotenvx.com]
[run] Loading target member snapshot...
[run] Snapshot loaded: 4158 members across 42 pages
[run] Inviting 1000 users to chat -72669169736293 in batches of 10 (100 calls)...
[run] Progress: 50/1000 users
[run] Progress: 100/1000 users
[run] Progress: 150/1000 users
[run] Progress: 200/1000 users
[run] Progress: 250/1000 users
[run] Progress: 300/1000 users
[run] Progress: 350/1000 users
[run] Progress: 400/1000 users
[run] Progress: 450/1000 users
[run] Progress: 500/1000 users
[run] Progress: 550/1000 users
[run] Progress: 600/1000 users
[run] Progress: 650/1000 users
[run] Progress: 700/1000 users
[run] Progress: 750/1000 users
[run] Progress: 800/1000 users
[run] Progress: 850/1000 users
[run] Progress: 900/1000 users
[run] Progress: 950/1000 users
[run] Progress: 1000/1000 users
[run] Verifying membership for 1000 users...
{
  "ok": true,
  "source_file": "data/пак1-5970.txt",
  "target_chat_id": -72669169736293,
  "processed_count": 1000,
  "already_in_target_count": 0,
  "attempted_invite_count": 1000,
  "invited_without_immediate_failure_count": 1000,
  "verified_added_count": 965,
  "still_not_in_target_from_this_chunk_count": 35,
  "before_participants_count": 4159,
  "after_participants_count": 5062,
  "result_file": "data/add_1_5970_to_72669169736293_1001_2000_20260417164132_result.json",
  "still_missing_file": "data/still_missing_1_5970_to_72669169736293_1001_2000_20260417164132.txt"
}
[2026-04-17 19:47:33] END chat1_wave2: rc=0
[2026-04-17 19:47:33] PAUSE 60s after chat1_wave2
[2026-04-17 19:48:33] START chat1_wave3: chat=-72669169736293 start=2000 count=984

> max-moderation-bot@1.0.0 members:add
> node scripts/add-chat-members-2026.js --source-file data/пак1-5970.txt --target-chat-id -72669169736293 --start 2000 --count 984 --invite-batch-size 10 --pause-ms 3000 --max-retries 0 --stop-on-action-failed 0

◇ injected env (15) from .env // tip: ⌘ multiple files { path: ['.env.local', '.env'] }
[run] Loading target member snapshot...
[run] Snapshot loaded: 5101 members across 52 pages
[run] Inviting 984 users to chat -72669169736293 in batches of 10 (99 calls)...
[run] Progress: 50/984 users
[run] Progress: 100/984 users
[run] Progress: 150/984 users
[run] Progress: 200/984 users
[run] Progress: 250/984 users
[run] Progress: 300/984 users
[run] Progress: 350/984 users
[run] Progress: 400/984 users
[run] Progress: 450/984 users
[run] Progress: 500/984 users
[run] Progress: 550/984 users
[run] Progress: 600/984 users
[run] Progress: 650/984 users
[run] Progress: 700/984 users
[run] Progress: 750/984 users
[run] Progress: 800/984 users
[run] Progress: 850/984 users
[run] Progress: 900/984 users
[run] Progress: 950/984 users
[run] Progress: 984/984 users
[run] Verifying membership for 984 users...
{
  "ok": true,
  "source_file": "data/пак1-5970.txt",
  "target_chat_id": -72669169736293,
  "processed_count": 984,
  "already_in_target_count": 0,
  "attempted_invite_count": 984,
  "invited_without_immediate_failure_count": 984,
  "verified_added_count": 952,
  "still_not_in_target_from_this_chunk_count": 32,
  "before_participants_count": 5103,
  "after_participants_count": 5976,
  "result_file": "data/add_1_5970_to_72669169736293_2001_2984_20260417164833_result.json",
  "still_missing_file": "data/still_missing_1_5970_to_72669169736293_2001_2984_20260417164833.txt"
}
[2026-04-17 19:54:30] END chat1_wave3: rc=0
[2026-04-17 19:54:30] PAUSE 60s after chat1_wave3
[2026-04-17 19:55:30] START chat2_wave1: chat=-73479063303535 start=2984 count=1000

> max-moderation-bot@1.0.0 members:add
> node scripts/add-chat-members-2026.js --source-file data/пак1-5970.txt --target-chat-id -73479063303535 --start 2984 --count 1000 --invite-batch-size 10 --pause-ms 3000 --max-retries 0 --stop-on-action-failed 0

◇ injected env (15) from .env // tip: ◈ secrets for agents [www.dotenvx.com]
[run] Loading target member snapshot...
[run] Snapshot loaded: 4838 members across 49 pages
[run] Inviting 1000 users to chat -73479063303535 in batches of 10 (100 calls)...
[run] Progress: 50/1000 users
[run] Progress: 100/1000 users
[run] Progress: 150/1000 users
[run] Progress: 200/1000 users
[run] Progress: 250/1000 users
[run] Progress: 300/1000 users
[run] Progress: 350/1000 users
[run] Progress: 400/1000 users
[run] Progress: 450/1000 users
[run] Progress: 500/1000 users
[run] Progress: 550/1000 users
[run] Progress: 600/1000 users
[run] Progress: 650/1000 users
[run] Progress: 700/1000 users
[run] Progress: 750/1000 users
[run] Progress: 800/1000 users
[run] Progress: 850/1000 users
[run] Progress: 900/1000 users
[run] Progress: 950/1000 users
[run] Progress: 1000/1000 users
[run] Verifying membership for 1000 users...
{
  "ok": true,
  "source_file": "data/пак1-5970.txt",
  "target_chat_id": -73479063303535,
  "processed_count": 1000,
  "already_in_target_count": 0,
  "attempted_invite_count": 1000,
  "invited_without_immediate_failure_count": 1000,
  "verified_added_count": 971,
  "still_not_in_target_from_this_chunk_count": 29,
  "before_participants_count": 4838,
  "after_participants_count": 5771,
  "result_file": "data/add_1_5970_to_73479063303535_2985_3984_20260417165530_result.json",
  "still_missing_file": "data/still_missing_1_5970_to_73479063303535_2985_3984_20260417165530.txt"
}
[2026-04-17 20:01:28] END chat2_wave1: rc=0
[2026-04-17 20:01:28] PAUSE 60s after chat2_wave1
[2026-04-17 20:02:28] START chat2_wave2: chat=-73479063303535 start=3984 count=1000

> max-moderation-bot@1.0.0 members:add
> node scripts/add-chat-members-2026.js --source-file data/пак1-5970.txt --target-chat-id -73479063303535 --start 3984 --count 1000 --invite-batch-size 10 --pause-ms 3000 --max-retries 0 --stop-on-action-failed 0

◇ injected env (15) from .env // tip: ⌘ suppress logs { quiet: true }
[run] Loading target member snapshot...
[run] Snapshot loaded: 5799 members across 58 pages
[run] Inviting 1000 users to chat -73479063303535 in batches of 10 (100 calls)...
[run] Progress: 50/1000 users
[run] Progress: 100/1000 users
[run] Progress: 150/1000 users
[run] Progress: 200/1000 users
[run] Progress: 250/1000 users
[run] Progress: 300/1000 users
[run] Progress: 350/1000 users
[run] Progress: 400/1000 users
[run] Progress: 450/1000 users
[run] Progress: 500/1000 users
[run] Progress: 550/1000 users
[run] Progress: 600/1000 users
[run] Progress: 650/1000 users
[run] Progress: 700/1000 users
[run] Progress: 750/1000 users
[run] Progress: 800/1000 users
[run] Progress: 850/1000 users
[run] Progress: 900/1000 users
[run] Progress: 950/1000 users
[run] Progress: 1000/1000 users
[run] Verifying membership for 1000 users...
{
  "ok": true,
  "source_file": "data/пак1-5970.txt",
  "target_chat_id": -73479063303535,
  "processed_count": 1000,
  "already_in_target_count": 0,
  "attempted_invite_count": 1000,
  "invited_without_immediate_failure_count": 1000,
  "verified_added_count": 953,
  "still_not_in_target_from_this_chunk_count": 47,
  "before_participants_count": 5803,
  "after_participants_count": 6674,
  "result_file": "data/add_1_5970_to_73479063303535_3985_4984_20260417170229_result.json",
  "still_missing_file": "data/still_missing_1_5970_to_73479063303535_3985_4984_20260417170229.txt"
}
[2026-04-17 20:08:38] END chat2_wave2: rc=0
[2026-04-17 20:08:38] PAUSE 60s after chat2_wave2
[2026-04-17 20:09:38] START chat2_wave3: chat=-73479063303535 start=4984 count=984

> max-moderation-bot@1.0.0 members:add
> node scripts/add-chat-members-2026.js --source-file data/пак1-5970.txt --target-chat-id -73479063303535 --start 4984 --count 984 --invite-batch-size 10 --pause-ms 3000 --max-retries 0 --stop-on-action-failed 0

◇ injected env (15) from .env // tip: ⌘ enable debugging { debug: true }
[run] Loading target member snapshot...
[run] Snapshot loaded: 6726 members across 68 pages
[run] Inviting 984 users to chat -73479063303535 in batches of 10 (99 calls)...
[run] Progress: 50/984 users
[run] Progress: 100/984 users
[run] Progress: 150/984 users
[run] Progress: 200/984 users
[run] Progress: 250/984 users
[run] Progress: 300/984 users
[run] Progress: 350/984 users
[run] Progress: 400/984 users
[run] Progress: 450/984 users
[run] Progress: 500/984 users
[run] Progress: 550/984 users
[run] Progress: 600/984 users
[run] Progress: 650/984 users
[run] Progress: 700/984 users
[run] Progress: 750/984 users
[run] Progress: 800/984 users
[run] Progress: 850/984 users
[run] Progress: 900/984 users
[run] Progress: 950/984 users
[run] Progress: 984/984 users
[run] Verifying membership for 984 users...
{
  "ok": true,
  "source_file": "data/пак1-5970.txt",
  "target_chat_id": -73479063303535,
  "processed_count": 984,
  "already_in_target_count": 0,
  "attempted_invite_count": 984,
  "invited_without_immediate_failure_count": 984,
  "verified_added_count": 946,
  "still_not_in_target_from_this_chunk_count": 38,
  "before_participants_count": 6727,
  "after_participants_count": 7600,
  "result_file": "data/add_1_5970_to_73479063303535_4985_5968_20260417170938_result.json",
  "still_missing_file": "data/still_missing_1_5970_to_73479063303535_4985_5968_20260417170938.txt"
}
[2026-04-17 20:15:53] END chat2_wave3: rc=0
[2026-04-17 20:15:53] RUN FINISHED SUCCESS
