[run] start 2026-04-15T23:06:33+03:00

> max-moderation-bot@1.0.0 members:add
> node scripts/add-chat-members-2026.js --source-file data/single_247153292.txt --target-chat-id -73509988855274 --start 0 --count 1 --invite-batch-size 1 --pause-ms 3000 --result-file data/add_single_247153292_to_73509988855274_20260415_230633_result.json --missing-file data/still_missing_single_247153292_to_73509988855274_20260415_230633.txt

[dotenv@17.3.1] injecting env (15) from .env -- tip: ⚙️  specify custom .env file path with { path: '/custom/path/.env' }
[run] Loading target member snapshot...
[run] Snapshot loaded: 7017 members across 71 pages
[run] Inviting 1 users to chat -73509988855274 in batches of 1 (1 calls)...
[run] Progress: 1/1 users
[run] Verifying membership for 1 users...
{
  "ok": true,
  "source_file": "data/single_247153292.txt",
  "target_chat_id": -73509988855274,
  "processed_count": 1,
  "already_in_target_count": 0,
  "attempted_invite_count": 1,
  "invited_without_immediate_failure_count": 1,
  "verified_added_count": 1,
  "still_not_in_target_from_this_chunk_count": 0,
  "before_participants_count": 7016,
  "after_participants_count": 7017,
  "result_file": "data/add_single_247153292_to_73509988855274_20260415_230633_result.json",
  "still_missing_file": "data/still_missing_single_247153292_to_73509988855274_20260415_230633.txt"
}

> max-moderation-bot@1.0.0 members:add
> node scripts/add-chat-members-2026.js --source-file data/single_247153292.txt --target-chat-id -73511362489834 --start 0 --count 1 --invite-batch-size 1 --pause-ms 3000 --result-file data/add_single_247153292_to_73511362489834_20260415_230633_result.json --missing-file data/still_missing_single_247153292_to_73511362489834_20260415_230633.txt

[dotenv@17.3.1] injecting env (15) from .env -- tip: ⚙️  load multiple .env files with { path: ['.env.local', '.env'] }
[run] Loading target member snapshot...
[run] Snapshot loaded: 3147 members across 32 pages
[run] Inviting 1 users to chat -73511362489834 in batches of 1 (1 calls)...
[run] Progress: 1/1 users
[run] Verifying membership for 1 users...
{
  "ok": true,
  "source_file": "data/single_247153292.txt",
  "target_chat_id": -73511362489834,
  "processed_count": 1,
  "already_in_target_count": 0,
  "attempted_invite_count": 1,
  "invited_without_immediate_failure_count": 1,
  "verified_added_count": 1,
  "still_not_in_target_from_this_chunk_count": 0,
  "before_participants_count": 3150,
  "after_participants_count": 3147,
  "result_file": "data/add_single_247153292_to_73511362489834_20260415_230633_result.json",
  "still_missing_file": "data/still_missing_single_247153292_to_73511362489834_20260415_230633.txt"
}
[run] done 2026-04-15T23:07:04+03:00
