
> max-moderation-bot@1.0.0 members:add
> node scripts/add-chat-members-2026.js --env-file /tmp/tmp.ueNH8NbwXc --source-file трупы --target-chat-id -73587194528495 --start 11250 --count 500 --invite-batch-size 10 --pause-ms 3000 --max-retries 0 --stop-on-action-failed 0

[dotenv@17.3.1] injecting env (1) from ../../../../../tmp/tmp.ueNH8NbwXc -- tip: 🔐 encrypt with Dotenvx: https://dotenvx.com
[run] Loading target member snapshot...
[run] Snapshot loaded: 5518 members across 56 pages
[run] Inviting 500 users to chat -73587194528495 in batches of 10 (50 calls)...
[run] Progress: 50/500 users
[run] Progress: 100/500 users
[run] Progress: 150/500 users
[run] Progress: 200/500 users
[run] Progress: 250/500 users
[run] Progress: 300/500 users
[run] Progress: 350/500 users
[run] Progress: 400/500 users
[run] Progress: 450/500 users
[run] Progress: 500/500 users
[run] Verifying membership for 500 users...
{
  "ok": true,
  "source_file": "трупы",
  "target_chat_id": -73587194528495,
  "processed_count": 500,
  "already_in_target_count": 0,
  "attempted_invite_count": 500,
  "invited_without_immediate_failure_count": 500,
  "verified_added_count": 465,
  "still_not_in_target_from_this_chunk_count": 35,
  "before_participants_count": 5518,
  "after_participants_count": 5971,
  "result_file": "data/add_members_to_73587194528495_11251_11750_20260416145205_result.json",
  "still_missing_file": "data/still_missing_members_to_73587194528495_11251_11750_20260416145205.txt"
}
