
> max-moderation-bot@1.0.0 members:add
> node scripts/add-chat-members-2026.js --env-file /tmp/tmp.0lSQ1Ds13m --source-file data/b2b_2024_unused_3k_for_73557708909196_token1_20260416_191929.txt --target-chat-id -73557708909196 --start 1000 --count 1000 --invite-batch-size 10 --pause-ms 3000 --max-retries 0 --stop-on-action-failed 0

◇ injected env (1) from ../../../../../tmp/tmp.0lSQ1Ds13m // tip: ⌘ multiple files { path: ['.env.local', '.env'] }
[run] Loading target member snapshot...
[run] Snapshot loaded: 3552 members across 36 pages
[run] Inviting 1000 users to chat -73557708909196 in batches of 10 (100 calls)...
[run] Progress: 50/1000 users
[run] Progress: 100/1000 users
[run] Progress: 150/1000 users
[run] Progress: 200/1000 users
[run] Progress: 250/1000 users
[run] Progress: 300/1000 users
[run] Progress: 350/1000 users
[run] Progress: 400/1000 users
[run] Progress: 450/1000 users
[run] Progress: 500/1000 users
[run] Progress: 550/1000 users
[run] Progress: 600/1000 users
[run] Progress: 650/1000 users
[run] Progress: 700/1000 users
[run] Progress: 750/1000 users
[run] Progress: 800/1000 users
[run] Progress: 850/1000 users
[run] Progress: 900/1000 users
[run] Progress: 950/1000 users
[run] Progress: 1000/1000 users
[run] Verifying membership for 1000 users...
{
  "ok": true,
  "source_file": "data/b2b_2024_unused_3k_for_73557708909196_token1_20260416_191929.txt",
  "target_chat_id": -73557708909196,
  "processed_count": 1000,
  "already_in_target_count": 0,
  "attempted_invite_count": 1000,
  "invited_without_immediate_failure_count": 1000,
  "verified_added_count": 926,
  "still_not_in_target_from_this_chunk_count": 74,
  "before_participants_count": 3553,
  "after_participants_count": 4439,
  "result_file": "data/add_b2b_2024_unused_3k_for_73557708909196_token1_20260416_191929_to_73557708909196_1001_2000_20260416162629_result.json",
  "still_missing_file": "data/still_missing_b2b_2024_unused_3k_for_73557708909196_token1_20260416_191929_to_73557708909196_1001_2000_20260416162629.txt"
}
