[2026-04-17 20:29:10] RUN START log=data/add_est_v_MAX_chatid_9_ids_token1_to_73636328675365_20260417_202910.log
[2026-04-17 20:29:10] source=data/est_v_MAX_chatid_9_member_ids.txt total_ids=4106 target=-73636328675365
[2026-04-17 20:29:10] START wave=1 start=0 count=1000 range=1-1000

> max-moderation-bot@1.0.0 members:add
> node scripts/add-chat-members-2026.js --source-file data/est_v_MAX_chatid_9_member_ids.txt --target-chat-id -73636328675365 --start 0 --count 1000 --invite-batch-size 10 --pause-ms 3000 --stop-on-action-failed 0

◇ injected env (15) from .env // tip: ◈ encrypted .env [www.dotenvx.com]
[run] Loading target member snapshot...
[run] Snapshot loaded: 5 members across 1 pages
[run] Inviting 1000 users to chat -73636328675365 in batches of 10 (100 calls)...
[run] Progress: 50/1000 users
[run] Progress: 100/1000 users
[run] Progress: 150/1000 users
[run] Progress: 200/1000 users
[run] Progress: 250/1000 users
[run] Progress: 300/1000 users
[run] Progress: 350/1000 users
[run] Progress: 400/1000 users
[run] Progress: 450/1000 users
[run] Progress: 500/1000 users
[run] Progress: 550/1000 users
[run] Progress: 600/1000 users
[run] Progress: 650/1000 users
[run] Progress: 700/1000 users
[run] Progress: 750/1000 users
[run] Progress: 800/1000 users
[run] Progress: 850/1000 users
[run] Progress: 900/1000 users
[run] Progress: 950/1000 users
[run] Progress: 1000/1000 users
[run] Verifying membership for 1000 users...
{
  "ok": true,
  "source_file": "data/est_v_MAX_chatid_9_member_ids.txt",
  "target_chat_id": -73636328675365,
  "processed_count": 1000,
  "already_in_target_count": 0,
  "attempted_invite_count": 1000,
  "invited_without_immediate_failure_count": 1000,
  "verified_added_count": 906,
  "still_not_in_target_from_this_chunk_count": 94,
  "before_participants_count": 5,
  "after_participants_count": 912,
  "result_file": "data/add_est_v_max_chatid_9_member_ids_to_73636328675365_1_1000_20260417172910_result.json",
  "still_missing_file": "data/still_missing_est_v_max_chatid_9_member_ids_to_73636328675365_1_1000_20260417172910.txt"
}
[2026-04-17 20:35:05] END wave=1 rc=0
[2026-04-17 20:35:05] PAUSE 60s between waves
[2026-04-17 20:36:05] START wave=2 start=1000 count=1000 range=1001-2000

> max-moderation-bot@1.0.0 members:add
> node scripts/add-chat-members-2026.js --source-file data/est_v_MAX_chatid_9_member_ids.txt --target-chat-id -73636328675365 --start 1000 --count 1000 --invite-batch-size 10 --pause-ms 3000 --stop-on-action-failed 0

◇ injected env (15) from .env // tip: ◈ encrypted .env [www.dotenvx.com]
[run] Loading target member snapshot...
[run] Snapshot loaded: 912 members across 10 pages
[run] Inviting 1000 users to chat -73636328675365 in batches of 10 (100 calls)...
[run] Progress: 50/1000 users
[run] Progress: 100/1000 users
[run] Progress: 150/1000 users
[run] Progress: 200/1000 users
[run] Progress: 250/1000 users
[run] Progress: 300/1000 users
[run] Progress: 350/1000 users
[run] Progress: 400/1000 users
[run] Progress: 450/1000 users
[run] Progress: 500/1000 users
[run] Progress: 550/1000 users
[run] Progress: 600/1000 users
[run] Progress: 650/1000 users
[run] Progress: 700/1000 users
[run] Progress: 750/1000 users
[run] Progress: 800/1000 users
[run] Progress: 850/1000 users
[run] Progress: 900/1000 users
[run] Progress: 950/1000 users
[run] Progress: 1000/1000 users
[run] Verifying membership for 1000 users...
{
  "ok": true,
  "source_file": "data/est_v_MAX_chatid_9_member_ids.txt",
  "target_chat_id": -73636328675365,
  "processed_count": 1000,
  "already_in_target_count": 0,
  "attempted_invite_count": 1000,
  "invited_without_immediate_failure_count": 1000,
  "verified_added_count": 899,
  "still_not_in_target_from_this_chunk_count": 101,
  "before_participants_count": 912,
  "after_participants_count": 1808,
  "result_file": "data/add_est_v_max_chatid_9_member_ids_to_73636328675365_1001_2000_20260417173606_result.json",
  "still_missing_file": "data/still_missing_est_v_max_chatid_9_member_ids_to_73636328675365_1001_2000_20260417173606.txt"
}
[2026-04-17 20:42:04] END wave=2 rc=0
[2026-04-17 20:42:04] PAUSE 60s between waves
[2026-04-17 20:43:04] START wave=3 start=2000 count=1000 range=2001-3000

> max-moderation-bot@1.0.0 members:add
> node scripts/add-chat-members-2026.js --source-file data/est_v_MAX_chatid_9_member_ids.txt --target-chat-id -73636328675365 --start 2000 --count 1000 --invite-batch-size 10 --pause-ms 3000 --stop-on-action-failed 0

◇ injected env (15) from .env // tip: ⌘ override existing { override: true }
[run] Loading target member snapshot...
[run] Snapshot loaded: 1808 members across 19 pages
[run] Inviting 1000 users to chat -73636328675365 in batches of 10 (100 calls)...
[run] Progress: 50/1000 users
[run] Progress: 100/1000 users
[run] Progress: 150/1000 users
[run] Progress: 200/1000 users
[run] Progress: 250/1000 users
[run] Progress: 300/1000 users
[run] Progress: 350/1000 users
[run] Progress: 400/1000 users
[run] Progress: 450/1000 users
[run] Progress: 500/1000 users
[run] Progress: 550/1000 users
[run] Progress: 600/1000 users
[run] Progress: 650/1000 users
[run] Progress: 700/1000 users
[run] Progress: 750/1000 users
[run] Progress: 800/1000 users
[run] Progress: 850/1000 users
[run] Progress: 900/1000 users
[run] Progress: 950/1000 users
[run] Progress: 1000/1000 users
[run] Verifying membership for 1000 users...
{
  "ok": true,
  "source_file": "data/est_v_MAX_chatid_9_member_ids.txt",
  "target_chat_id": -73636328675365,
  "processed_count": 1000,
  "already_in_target_count": 0,
  "attempted_invite_count": 1000,
  "invited_without_immediate_failure_count": 1000,
  "verified_added_count": 914,
  "still_not_in_target_from_this_chunk_count": 86,
  "before_participants_count": 1808,
  "after_participants_count": 2689,
  "result_file": "data/add_est_v_max_chatid_9_member_ids_to_73636328675365_2001_3000_20260417174304_result.json",
  "still_missing_file": "data/still_missing_est_v_max_chatid_9_member_ids_to_73636328675365_2001_3000_20260417174304.txt"
}
[2026-04-17 20:49:07] END wave=3 rc=0
[2026-04-17 20:49:07] PAUSE 60s between waves
[2026-04-17 20:50:07] START wave=4 start=3000 count=1000 range=3001-4000

> max-moderation-bot@1.0.0 members:add
> node scripts/add-chat-members-2026.js --source-file data/est_v_MAX_chatid_9_member_ids.txt --target-chat-id -73636328675365 --start 3000 --count 1000 --invite-batch-size 10 --pause-ms 3000 --stop-on-action-failed 0

◇ injected env (15) from .env // tip: ⌘ override existing { override: true }
[run] Loading target member snapshot...
[run] Snapshot loaded: 2715 members across 28 pages
[run] Inviting 1000 users to chat -73636328675365 in batches of 10 (100 calls)...
[run] Progress: 50/1000 users
[run] Progress: 100/1000 users
[run] Progress: 150/1000 users
[run] Progress: 200/1000 users
[run] Progress: 250/1000 users
[run] Progress: 300/1000 users
[run] Progress: 350/1000 users
[run] Progress: 400/1000 users
[run] Progress: 450/1000 users
[run] Progress: 500/1000 users
[run] Progress: 550/1000 users
[run] Progress: 600/1000 users
[run] Progress: 650/1000 users
[run] Progress: 700/1000 users
[run] Progress: 750/1000 users
[run] Progress: 800/1000 users
[run] Progress: 850/1000 users
[run] Progress: 900/1000 users
[run] Progress: 950/1000 users
[run] Progress: 1000/1000 users
[run] Verifying membership for 1000 users...
{
  "ok": true,
  "source_file": "data/est_v_MAX_chatid_9_member_ids.txt",
  "target_chat_id": -73636328675365,
  "processed_count": 1000,
  "already_in_target_count": 0,
  "attempted_invite_count": 1000,
  "invited_without_immediate_failure_count": 1000,
  "verified_added_count": 897,
  "still_not_in_target_from_this_chunk_count": 103,
  "before_participants_count": 2716,
  "after_participants_count": 3574,
  "result_file": "data/add_est_v_max_chatid_9_member_ids_to_73636328675365_3001_4000_20260417175007_result.json",
  "still_missing_file": "data/still_missing_est_v_max_chatid_9_member_ids_to_73636328675365_3001_4000_20260417175007.txt"
}
[2026-04-17 20:56:09] END wave=4 rc=0
[2026-04-17 20:56:09] PAUSE 60s between waves
[2026-04-17 20:57:08] START wave=5 start=4000 count=106 range=4001-4106

> max-moderation-bot@1.0.0 members:add
> node scripts/add-chat-members-2026.js --source-file data/est_v_MAX_chatid_9_member_ids.txt --target-chat-id -73636328675365 --start 4000 --count 106 --invite-batch-size 10 --pause-ms 3000 --stop-on-action-failed 0

◇ injected env (15) from .env // tip: ◈ encrypted .env [www.dotenvx.com]
[run] Loading target member snapshot...
[run] Snapshot loaded: 3601 members across 37 pages
[run] Inviting 106 users to chat -73636328675365 in batches of 10 (11 calls)...
[run] Progress: 50/106 users
[run] Progress: 100/106 users
[run] Progress: 106/106 users
[run] Verifying membership for 106 users...
{
  "ok": true,
  "source_file": "data/est_v_MAX_chatid_9_member_ids.txt",
  "target_chat_id": -73636328675365,
  "processed_count": 106,
  "already_in_target_count": 0,
  "attempted_invite_count": 106,
  "invited_without_immediate_failure_count": 106,
  "verified_added_count": 92,
  "still_not_in_target_from_this_chunk_count": 14,
  "before_participants_count": 3602,
  "after_participants_count": 3685,
  "result_file": "data/add_est_v_max_chatid_9_member_ids_to_73636328675365_4001_4106_20260417175708_result.json",
  "still_missing_file": "data/still_missing_est_v_max_chatid_9_member_ids_to_73636328675365_4001_4106_20260417175708.txt"
}
[2026-04-17 20:57:57] END wave=5 rc=0
[2026-04-17 20:57:57] RUN FINISHED SUCCESS
