[run] start=20260414_162154 total=5199 target=-73479063303535 source=пак2-5200.txt
[wave] #1 start=0 count=1000

> max-moderation-bot@1.0.0 members:add
> node scripts/add-chat-members-2026.js --source-file пак2-5200.txt --target-chat-id -73479063303535 --start 0 --count 1000 --invite-batch-size 10 --pause-ms 1000

[dotenv@17.3.1] injecting env (0) from .env -- tip: 🤖 agentic secret storage: https://dotenvx.com/as2
[run] Loading target member snapshot...
[run] Snapshot loaded: 5 members across 1 pages
[run] Inviting 1000 users to chat -73479063303535 in batches of 10 (100 calls)...
[run] Progress: 50/1000 users
[run] Progress: 100/1000 users
[run] Progress: 150/1000 users
[run] Progress: 200/1000 users
[run] Progress: 250/1000 users
[run] Progress: 300/1000 users
[run] Progress: 350/1000 users
[run] Progress: 400/1000 users
[run] Progress: 450/1000 users
[run] Progress: 500/1000 users
[run] Progress: 550/1000 users
[run] Progress: 600/1000 users
[run] Progress: 650/1000 users
[run] Progress: 700/1000 users
[run] Progress: 750/1000 users
[run] Progress: 800/1000 users
[run] Progress: 850/1000 users
[run] Progress: 900/1000 users
[run] Progress: 950/1000 users
[run] Progress: 1000/1000 users
[run] Verifying membership for 1000 users...
{
  "ok": true,
  "source_file": "пак2-5200.txt",
  "target_chat_id": -73479063303535,
  "processed_count": 1000,
  "already_in_target_count": 0,
  "attempted_invite_count": 1000,
  "invited_without_immediate_failure_count": 1000,
  "verified_added_count": 942,
  "still_not_in_target_from_this_chunk_count": 58,
  "before_participants_count": 5,
  "after_participants_count": 947,
  "result_file": "data/add_2_5200_to_73479063303535_1_1000_20260414132154_result.json",
  "still_missing_file": "data/still_missing_2_5200_to_73479063303535_1_1000_20260414132154.txt"
}
[wave] pause 60s before next wave
[wave] #2 start=1000 count=1000

> max-moderation-bot@1.0.0 members:add
> node scripts/add-chat-members-2026.js --source-file пак2-5200.txt --target-chat-id -73479063303535 --start 1000 --count 1000 --invite-batch-size 10 --pause-ms 1000

[dotenv@17.3.1] injecting env (0) from .env -- tip: 🔐 prevent building .env in docker: https://dotenvx.com/prebuild
[run] Loading target member snapshot...
[run] Snapshot loaded: 942 members across 10 pages
[run] Inviting 1000 users to chat -73479063303535 in batches of 10 (100 calls)...
[run] Progress: 50/1000 users
[run] Progress: 100/1000 users
[run] Progress: 150/1000 users
[run] Progress: 200/1000 users
[run] Progress: 250/1000 users
[run] Progress: 300/1000 users
[run] Progress: 350/1000 users
[run] Progress: 400/1000 users
[run] Progress: 450/1000 users
[run] Progress: 500/1000 users
[run] Progress: 550/1000 users
[run] Progress: 600/1000 users
[run] Progress: 650/1000 users
[run] Progress: 700/1000 users
[run] Progress: 750/1000 users
[run] Progress: 800/1000 users
[run] Progress: 850/1000 users
[run] Progress: 900/1000 users
[run] Progress: 950/1000 users
[run] Progress: 1000/1000 users
[run] Verifying membership for 1000 users...
{
  "ok": true,
  "source_file": "пак2-5200.txt",
  "target_chat_id": -73479063303535,
  "processed_count": 1000,
  "already_in_target_count": 0,
  "attempted_invite_count": 1000,
  "invited_without_immediate_failure_count": 1000,
  "verified_added_count": 926,
  "still_not_in_target_from_this_chunk_count": 74,
  "before_participants_count": 942,
  "after_participants_count": 1848,
  "result_file": "data/add_2_5200_to_73479063303535_1001_2000_20260414132519_result.json",
  "still_missing_file": "data/still_missing_2_5200_to_73479063303535_1001_2000_20260414132519.txt"
}
[wave] pause 60s before next wave
[wave] #3 start=2000 count=1000

> max-moderation-bot@1.0.0 members:add
> node scripts/add-chat-members-2026.js --source-file пак2-5200.txt --target-chat-id -73479063303535 --start 2000 --count 1000 --invite-batch-size 10 --pause-ms 1000

[dotenv@17.3.1] injecting env (0) from .env -- tip: ⚙️  override existing env vars with { override: true }
[run] Loading target member snapshot...
[run] Snapshot loaded: 1839 members across 19 pages
[run] Inviting 1000 users to chat -73479063303535 in batches of 10 (100 calls)...
[run] Progress: 50/1000 users
[run] Progress: 100/1000 users
[run] Progress: 150/1000 users
[run] Progress: 200/1000 users
[run] Progress: 250/1000 users
[run] Progress: 300/1000 users
[run] Progress: 350/1000 users
[run] Progress: 400/1000 users
[run] Progress: 450/1000 users
[run] Progress: 500/1000 users
[run] Progress: 550/1000 users
[run] Progress: 600/1000 users
[run] Progress: 650/1000 users
[run] Progress: 700/1000 users
[run] Progress: 750/1000 users
[run] Progress: 800/1000 users
[run] Progress: 850/1000 users
[run] Progress: 900/1000 users
[run] Progress: 950/1000 users
[run] Progress: 1000/1000 users
[run] Verifying membership for 1000 users...
{
  "ok": true,
  "source_file": "пак2-5200.txt",
  "target_chat_id": -73479063303535,
  "processed_count": 1000,
  "already_in_target_count": 0,
  "attempted_invite_count": 1000,
  "invited_without_immediate_failure_count": 1000,
  "verified_added_count": 939,
  "still_not_in_target_from_this_chunk_count": 61,
  "before_participants_count": 1839,
  "after_participants_count": 2750,
  "result_file": "data/add_2_5200_to_73479063303535_2001_3000_20260414132847_result.json",
  "still_missing_file": "data/still_missing_2_5200_to_73479063303535_2001_3000_20260414132847.txt"
}
[wave] pause 60s before next wave
[wave] #4 start=3000 count=1000

> max-moderation-bot@1.0.0 members:add
> node scripts/add-chat-members-2026.js --source-file пак2-5200.txt --target-chat-id -73479063303535 --start 3000 --count 1000 --invite-batch-size 10 --pause-ms 1000

[dotenv@17.3.1] injecting env (0) from .env -- tip: 🤖 agentic secret storage: https://dotenvx.com/as2
[run] Loading target member snapshot...
[run] Snapshot loaded: 2713 members across 28 pages
[run] Inviting 1000 users to chat -73479063303535 in batches of 10 (100 calls)...
[run] Progress: 50/1000 users
[run] Progress: 100/1000 users
[run] Progress: 150/1000 users
[run] Progress: 200/1000 users
[run] Progress: 250/1000 users
[run] Progress: 300/1000 users
[run] Progress: 350/1000 users
[run] Progress: 400/1000 users
[run] Progress: 450/1000 users
[run] Progress: 500/1000 users
[run] Progress: 550/1000 users
[run] Progress: 600/1000 users
[run] Progress: 650/1000 users
[run] Progress: 700/1000 users
[run] Progress: 750/1000 users
[run] Progress: 800/1000 users
[run] Progress: 850/1000 users
[run] Progress: 900/1000 users
[run] Progress: 950/1000 users
[run] Progress: 1000/1000 users
[run] Verifying membership for 1000 users...
{
  "ok": true,
  "source_file": "пак2-5200.txt",
  "target_chat_id": -73479063303535,
  "processed_count": 1000,
  "already_in_target_count": 0,
  "attempted_invite_count": 1000,
  "invited_without_immediate_failure_count": 1000,
  "verified_added_count": 949,
  "still_not_in_target_from_this_chunk_count": 51,
  "before_participants_count": 2722,
  "after_participants_count": 3601,
  "result_file": "data/add_2_5200_to_73479063303535_3001_4000_20260414133215_result.json",
  "still_missing_file": "data/still_missing_2_5200_to_73479063303535_3001_4000_20260414133215.txt"
}
[wave] pause 60s before next wave
[wave] #5 start=4000 count=1000

> max-moderation-bot@1.0.0 members:add
> node scripts/add-chat-members-2026.js --source-file пак2-5200.txt --target-chat-id -73479063303535 --start 4000 --count 1000 --invite-batch-size 10 --pause-ms 1000

[dotenv@17.3.1] injecting env (0) from .env -- tip: 🛡️ auth for agents: https://vestauth.com
[run] Loading target member snapshot...
[run] Snapshot loaded: 3559 members across 36 pages
[run] Inviting 1000 users to chat -73479063303535 in batches of 10 (100 calls)...
[run] Progress: 50/1000 users
[run] Progress: 100/1000 users
[run] Progress: 150/1000 users
[run] Progress: 200/1000 users
[run] Progress: 250/1000 users
[run] Progress: 300/1000 users
[run] Progress: 350/1000 users
[run] Progress: 400/1000 users
[run] Progress: 450/1000 users
[run] Progress: 500/1000 users
[run] Progress: 550/1000 users
[run] Progress: 600/1000 users
[run] Progress: 650/1000 users
[run] Progress: 700/1000 users
[run] Progress: 750/1000 users
[run] Progress: 800/1000 users
[run] Progress: 850/1000 users
[run] Progress: 900/1000 users
[run] Progress: 950/1000 users
[run] Progress: 1000/1000 users
[run] Verifying membership for 1000 users...
{
  "ok": true,
  "source_file": "пак2-5200.txt",
  "target_chat_id": -73479063303535,
  "processed_count": 1000,
  "already_in_target_count": 0,
  "attempted_invite_count": 1000,
  "invited_without_immediate_failure_count": 1000,
  "verified_added_count": 942,
  "still_not_in_target_from_this_chunk_count": 58,
  "before_participants_count": 3568,
  "after_participants_count": 4435,
  "result_file": "data/add_2_5200_to_73479063303535_4001_5000_20260414133546_result.json",
  "still_missing_file": "data/still_missing_2_5200_to_73479063303535_4001_5000_20260414133546.txt"
}
[wave] pause 60s before next wave
[wave] #6 start=5000 count=199

> max-moderation-bot@1.0.0 members:add
> node scripts/add-chat-members-2026.js --source-file пак2-5200.txt --target-chat-id -73479063303535 --start 5000 --count 199 --invite-batch-size 10 --pause-ms 1000

[dotenv@17.3.1] injecting env (0) from .env -- tip: ⚡️ secrets for agents: https://dotenvx.com/as2
[run] Loading target member snapshot...
[run] Snapshot loaded: 4393 members across 44 pages
[run] Inviting 199 users to chat -73479063303535 in batches of 10 (20 calls)...
[run] Progress: 50/199 users
[run] Progress: 100/199 users
[run] Progress: 150/199 users
[run] Progress: 199/199 users
[run] Verifying membership for 199 users...
{
  "ok": true,
  "source_file": "пак2-5200.txt",
  "target_chat_id": -73479063303535,
  "processed_count": 199,
  "already_in_target_count": 0,
  "attempted_invite_count": 199,
  "invited_without_immediate_failure_count": 199,
  "verified_added_count": 189,
  "still_not_in_target_from_this_chunk_count": 10,
  "before_participants_count": 4399,
  "after_participants_count": 4562,
  "result_file": "data/add_2_5200_to_73479063303535_5001_5199_20260414133920_result.json",
  "still_missing_file": "data/still_missing_2_5200_to_73479063303535_5001_5199_20260414133920.txt"
}
[run] completed at 20260414_164000
