
> max-moderation-bot@1.0.0 members:add
> node scripts/add-chat-members-2026.js --source-file пак1-5931.txt --target-chat-id -73479063303535 --start 2000 --count 965 --invite-batch-size 10 --pause-ms 3000

[dotenv@17.3.1] injecting env (15) from .env -- tip: ⚙️  enable debug logging with { debug: true }
[run] Loading target member snapshot...
[run] Snapshot loaded: 5484 members across 55 pages
[run] Inviting 965 users to chat -73479063303535 in batches of 10 (97 calls)...
[run] Progress: 50/965 users
[run] Progress: 100/965 users
[run] Progress: 150/965 users
[run] Progress: 200/965 users
[run] Progress: 250/965 users
[run] Progress: 300/965 users
[run] Progress: 350/965 users
[run] Progress: 400/965 users
[run] Progress: 450/965 users
[run] Progress: 500/965 users
[run] Progress: 550/965 users
[run] Progress: 600/965 users
[run] Progress: 650/965 users
[run] Progress: 700/965 users
[run] Progress: 750/965 users
[run] Progress: 800/965 users
[run] Progress: 850/965 users
[run] Progress: 900/965 users
[run] Progress: 950/965 users
[run] Progress: 965/965 users
[run] Verifying membership for 965 users...
{
  "ok": true,
  "source_file": "пак1-5931.txt",
  "target_chat_id": -73479063303535,
  "processed_count": 965,
  "already_in_target_count": 0,
  "attempted_invite_count": 965,
  "invited_without_immediate_failure_count": 965,
  "verified_added_count": 936,
  "still_not_in_target_from_this_chunk_count": 29,
  "before_participants_count": 5485,
  "after_participants_count": 6354,
  "result_file": "data/add_1_5931_to_73479063303535_2001_2965_20260416080803_result.json",
  "still_missing_file": "data/still_missing_1_5931_to_73479063303535_2001_2965_20260416080803.txt"
}
