
> max-moderation-bot@1.0.0 members:add
> node scripts/add-chat-members-2026.js --env-file /tmp/tmp.RujIQ4J0ZZ --source-file data/telefony_plus7_member_ids_from_xlsx.txt --target-chat-id -73293622623545 --start 1000 --count 1000 --invite-batch-size 10 --pause-ms 3000 --max-retries 0 --stop-on-action-failed 0

[dotenv@17.3.1] injecting env (1) from ../../../../../tmp/tmp.RujIQ4J0ZZ -- tip: ⚙️  enable debug logging with { debug: true }
[run] Loading target member snapshot...
[run] Snapshot loaded: 10544 members across 106 pages
[run] Inviting 943 users to chat -73293622623545 in batches of 10 (95 calls)...
[run] Progress: 50/943 users
[run] Progress: 100/943 users
[run] Progress: 150/943 users
[run] Progress: 200/943 users
[run] Progress: 250/943 users
[run] Progress: 300/943 users
[run] Progress: 350/943 users
[run] Progress: 400/943 users
[run] Progress: 450/943 users
[run] Progress: 500/943 users
[run] Progress: 550/943 users
[run] Progress: 600/943 users
[run] Progress: 650/943 users
[run] Progress: 700/943 users
[run] Progress: 750/943 users
[run] Progress: 800/943 users
[run] Progress: 850/943 users
[run] Progress: 900/943 users
[run] Progress: 943/943 users
[run] Verifying membership for 1000 users...
{
  "ok": true,
  "source_file": "data/telefony_plus7_member_ids_from_xlsx.txt",
  "target_chat_id": -73293622623545,
  "processed_count": 1000,
  "already_in_target_count": 57,
  "attempted_invite_count": 943,
  "invited_without_immediate_failure_count": 943,
  "verified_added_count": 890,
  "still_not_in_target_from_this_chunk_count": 53,
  "before_participants_count": 10543,
  "after_participants_count": 11423,
  "result_file": "data/add_telefony_plus7_member_ids_from_xlsx_to_73293622623545_1001_2000_20260416154637_result.json",
  "still_missing_file": "data/still_missing_telefony_plus7_member_ids_from_xlsx_to_73293622623545_1001_2000_20260416154637.txt"
}
