
> max-moderation-bot@1.0.0 members:add
> node scripts/add-chat-members-2026.js --env-file /tmp/tmp.RujIQ4J0ZZ --source-file data/telefony_plus7_member_ids_from_xlsx.txt --target-chat-id -73293622623545 --start 3000 --count 1000 --invite-batch-size 10 --pause-ms 3000 --max-retries 0 --stop-on-action-failed 0

[dotenv@17.3.1] injecting env (1) from ../../../../../tmp/tmp.RujIQ4J0ZZ -- tip: 🛠️  run anywhere with `dotenvx run -- yourcommand`
[run] Loading target member snapshot...
[run] Snapshot loaded: 12285 members across 123 pages
[run] Inviting 939 users to chat -73293622623545 in batches of 10 (94 calls)...
[run] Progress: 50/939 users
[run] Progress: 100/939 users
[run] Progress: 150/939 users
[run] Progress: 200/939 users
[run] Progress: 250/939 users
[run] Progress: 300/939 users
[run] Progress: 350/939 users
[run] Progress: 400/939 users
[run] Progress: 450/939 users
[run] Progress: 500/939 users
[run] Progress: 550/939 users
[run] Progress: 600/939 users
[run] Progress: 650/939 users
[run] Progress: 700/939 users
[run] Progress: 750/939 users
[run] Progress: 800/939 users
[run] Progress: 850/939 users
[run] Progress: 900/939 users
[run] Progress: 939/939 users
[run] Verifying membership for 1000 users...
{
  "ok": true,
  "source_file": "data/telefony_plus7_member_ids_from_xlsx.txt",
  "target_chat_id": -73293622623545,
  "processed_count": 1000,
  "already_in_target_count": 61,
  "attempted_invite_count": 939,
  "invited_without_immediate_failure_count": 939,
  "verified_added_count": 888,
  "still_not_in_target_from_this_chunk_count": 51,
  "before_participants_count": 12287,
  "after_participants_count": 13120,
  "result_file": "data/add_telefony_plus7_member_ids_from_xlsx_to_73293622623545_3001_4000_20260416155959_result.json",
  "still_missing_file": "data/still_missing_telefony_plus7_member_ids_from_xlsx_to_73293622623545_3001_4000_20260416155959.txt"
}
