
> max-moderation-bot@1.0.0 members:add
> node scripts/add-chat-members-2026.js --env-file /tmp/tmp.aFakdXxnGX --source-file трупы --target-chat-id -73587194528495 --start 11750 --count 600 --invite-batch-size 10 --pause-ms 3000 --max-retries 0 --stop-on-action-failed 0

[dotenv@17.3.1] injecting env (1) from ../../../../../tmp/tmp.aFakdXxnGX -- tip: ⚙️  write to custom object with { processEnv: myObject }
[run] Loading target member snapshot...
[run] Snapshot loaded: 5978 members across 60 pages
[run] Inviting 600 users to chat -73587194528495 in batches of 10 (60 calls)...
[run] Progress: 50/600 users
[run] Progress: 100/600 users
[run] Progress: 150/600 users
[run] Progress: 200/600 users
[run] Progress: 250/600 users
[run] Progress: 300/600 users
[run] Progress: 350/600 users
[run] Progress: 400/600 users
[run] Progress: 450/600 users
[run] Progress: 500/600 users
[run] Progress: 550/600 users
[run] Progress: 600/600 users
[run] Verifying membership for 600 users...
{
  "ok": true,
  "source_file": "трупы",
  "target_chat_id": -73587194528495,
  "processed_count": 600,
  "already_in_target_count": 0,
  "attempted_invite_count": 600,
  "invited_without_immediate_failure_count": 600,
  "verified_added_count": 567,
  "still_not_in_target_from_this_chunk_count": 33,
  "before_participants_count": 5980,
  "after_participants_count": 6539,
  "result_file": "data/add_members_to_73587194528495_11751_12350_20260416145622_result.json",
  "still_missing_file": "data/still_missing_members_to_73587194528495_11751_12350_20260416145622.txt"
}
