[run] log=data/add_token2_piar_chat_5k_20260415_145547.log
[run] summary=data/add_token2_piar_chat_5k_summary_20260415_145547.tsv
[run] progress=data/token34_nonlocal_ads_5000_marked_progress_20260415_145547.tsv
[run] (1/5) chat=-73539161567932 wave=1 start=0 count=1000

> max-moderation-bot@1.0.0 members:add
> node scripts/add-chat-members-2026.js --source-file data/token34_nonlocal_ads_73539161567932_5000_20260415_token2_piar_5k_split.txt --target-chat-id -73539161567932 --start 0 --count 1000 --invite-batch-size 10 --pause-ms 3000

[dotenv@17.3.1] injecting env (15) from .env -- tip: 🔐 prevent building .env in docker: https://dotenvx.com/prebuild
[run] Loading target member snapshot...
[run] Snapshot loaded: 4 members across 1 pages
[run] Inviting 1000 users to chat -73539161567932 in batches of 10 (100 calls)...
[run] Progress: 50/1000 users
[run] Progress: 100/1000 users
[run] Progress: 150/1000 users
[run] Progress: 200/1000 users
[run] Progress: 250/1000 users
[run] Progress: 300/1000 users
[run] Progress: 350/1000 users
[run] Progress: 400/1000 users
[run] Progress: 450/1000 users
[run] Progress: 500/1000 users
[run] Progress: 550/1000 users
[run] Progress: 600/1000 users
[run] Progress: 650/1000 users
[run] Progress: 700/1000 users
[run] Progress: 750/1000 users
[run] Progress: 800/1000 users
[run] Progress: 850/1000 users
[run] Progress: 900/1000 users
[run] Progress: 950/1000 users
[run] Progress: 1000/1000 users
[run] Verifying membership for 1000 users...
{
  "ok": true,
  "source_file": "data/token34_nonlocal_ads_73539161567932_5000_20260415_token2_piar_5k_split.txt",
  "target_chat_id": -73539161567932,
  "processed_count": 1000,
  "already_in_target_count": 0,
  "attempted_invite_count": 1000,
  "invited_without_immediate_failure_count": 1000,
  "verified_added_count": 925,
  "still_not_in_target_from_this_chunk_count": 75,
  "before_participants_count": 4,
  "after_participants_count": 929,
  "result_file": "data/add_token34_nonlocal_ads_73539161567932_5000_20260415_token2_piar_5k_split_to_73539161567932_1_1000_20260415115547_result.json",
  "still_missing_file": "data/still_missing_token34_nonlocal_ads_73539161567932_5000_20260415_token2_piar_5k_split_to_73539161567932_1_1000_20260415115547.txt"
}
[run] done (1/5) exit=0 verified_added=925 still_missing=75
[run] sleep 60s between waves
[run] (2/5) chat=-73539161567932 wave=2 start=1000 count=1000

> max-moderation-bot@1.0.0 members:add
> node scripts/add-chat-members-2026.js --source-file data/token34_nonlocal_ads_73539161567932_5000_20260415_token2_piar_5k_split.txt --target-chat-id -73539161567932 --start 1000 --count 1000 --invite-batch-size 10 --pause-ms 3000

[dotenv@17.3.1] injecting env (15) from .env -- tip: 🛡️ auth for agents: https://vestauth.com
[run] Loading target member snapshot...
[run] Snapshot loaded: 927 members across 10 pages
[run] Inviting 1000 users to chat -73539161567932 in batches of 10 (100 calls)...
[run] Progress: 50/1000 users
[run] Progress: 100/1000 users
[run] Progress: 150/1000 users
[run] Progress: 200/1000 users
[run] Progress: 250/1000 users
[run] Progress: 300/1000 users
[run] Progress: 350/1000 users
[run] Progress: 400/1000 users
[run] Progress: 450/1000 users
[run] Progress: 500/1000 users
[run] Progress: 550/1000 users
[run] Progress: 600/1000 users
[run] Progress: 650/1000 users
[run] Progress: 700/1000 users
[run] Progress: 750/1000 users
[run] Progress: 800/1000 users
[run] Progress: 850/1000 users
[run] Progress: 900/1000 users
[run] Progress: 950/1000 users
[run] Progress: 1000/1000 users
[run] Verifying membership for 1000 users...
{
  "ok": true,
  "source_file": "data/token34_nonlocal_ads_73539161567932_5000_20260415_token2_piar_5k_split.txt",
  "target_chat_id": -73539161567932,
  "processed_count": 1000,
  "already_in_target_count": 0,
  "attempted_invite_count": 1000,
  "invited_without_immediate_failure_count": 1000,
  "verified_added_count": 914,
  "still_not_in_target_from_this_chunk_count": 86,
  "before_participants_count": 927,
  "after_participants_count": 1838,
  "result_file": "data/add_token34_nonlocal_ads_73539161567932_5000_20260415_token2_piar_5k_split_to_73539161567932_1001_2000_20260415120222_result.json",
  "still_missing_file": "data/still_missing_token34_nonlocal_ads_73539161567932_5000_20260415_token2_piar_5k_split_to_73539161567932_1001_2000_20260415120222.txt"
}
[run] done (2/5) exit=0 verified_added=914 still_missing=86
[run] sleep 60s between waves
[run] (3/5) chat=-73539161567932 wave=3 start=2000 count=1000

> max-moderation-bot@1.0.0 members:add
> node scripts/add-chat-members-2026.js --source-file data/token34_nonlocal_ads_73539161567932_5000_20260415_token2_piar_5k_split.txt --target-chat-id -73539161567932 --start 2000 --count 1000 --invite-batch-size 10 --pause-ms 3000

[dotenv@17.3.1] injecting env (15) from .env -- tip: 🔐 prevent committing .env to code: https://dotenvx.com/precommit
[run] Loading target member snapshot...
[run] Snapshot loaded: 1835 members across 19 pages
[run] Inviting 1000 users to chat -73539161567932 in batches of 10 (100 calls)...
[run] Progress: 50/1000 users
[run] Progress: 100/1000 users
[run] Progress: 150/1000 users
[run] Progress: 200/1000 users
[run] Progress: 250/1000 users
[run] Progress: 300/1000 users
[run] Progress: 350/1000 users
[run] Progress: 400/1000 users
[run] Progress: 450/1000 users
[run] Progress: 500/1000 users
[run] Progress: 550/1000 users
[run] Progress: 600/1000 users
[run] Progress: 650/1000 users
[run] Progress: 700/1000 users
[run] Progress: 750/1000 users
[run] Progress: 800/1000 users
[run] Progress: 850/1000 users
[run] Progress: 900/1000 users
[run] Progress: 950/1000 users
[run] Progress: 1000/1000 users
[run] Verifying membership for 1000 users...
{
  "ok": true,
  "source_file": "data/token34_nonlocal_ads_73539161567932_5000_20260415_token2_piar_5k_split.txt",
  "target_chat_id": -73539161567932,
  "processed_count": 1000,
  "already_in_target_count": 0,
  "attempted_invite_count": 1000,
  "invited_without_immediate_failure_count": 1000,
  "verified_added_count": 919,
  "still_not_in_target_from_this_chunk_count": 81,
  "before_participants_count": 1835,
  "after_participants_count": 2705,
  "result_file": "data/add_token34_nonlocal_ads_73539161567932_5000_20260415_token2_piar_5k_split_to_73539161567932_2001_3000_20260415120902_result.json",
  "still_missing_file": "data/still_missing_token34_nonlocal_ads_73539161567932_5000_20260415_token2_piar_5k_split_to_73539161567932_2001_3000_20260415120902.txt"
}
[run] done (3/5) exit=0 verified_added=919 still_missing=81
[run] sleep 60s between waves
[run] (4/5) chat=-73539161567932 wave=4 start=3000 count=1000

> max-moderation-bot@1.0.0 members:add
> node scripts/add-chat-members-2026.js --source-file data/token34_nonlocal_ads_73539161567932_5000_20260415_token2_piar_5k_split.txt --target-chat-id -73539161567932 --start 3000 --count 1000 --invite-batch-size 10 --pause-ms 3000

[dotenv@17.3.1] injecting env (15) from .env -- tip: ⚙️  enable debug logging with { debug: true }
[run] Loading target member snapshot...
[run] Snapshot loaded: 2741 members across 28 pages
[run] Inviting 1000 users to chat -73539161567932 in batches of 10 (100 calls)...
[run] Progress: 50/1000 users
[run] Progress: 100/1000 users
[run] Progress: 150/1000 users
[run] Progress: 200/1000 users
[run] Progress: 250/1000 users
[run] Progress: 300/1000 users
[run] Progress: 350/1000 users
[run] Progress: 400/1000 users
[run] Progress: 450/1000 users
[run] Progress: 500/1000 users
[run] Progress: 550/1000 users
[run] Progress: 600/1000 users
[run] Progress: 650/1000 users
[run] Progress: 700/1000 users
[run] Progress: 750/1000 users
[run] Progress: 800/1000 users
[run] Progress: 850/1000 users
[run] Progress: 900/1000 users
[run] Progress: 950/1000 users
[run] Progress: 1000/1000 users
[run] Verifying membership for 1000 users...
{
  "ok": true,
  "source_file": "data/token34_nonlocal_ads_73539161567932_5000_20260415_token2_piar_5k_split.txt",
  "target_chat_id": -73539161567932,
  "processed_count": 1000,
  "already_in_target_count": 0,
  "attempted_invite_count": 1000,
  "invited_without_immediate_failure_count": 1000,
  "verified_added_count": 915,
  "still_not_in_target_from_this_chunk_count": 85,
  "before_participants_count": 2741,
  "after_participants_count": 3623,
  "result_file": "data/add_token34_nonlocal_ads_73539161567932_5000_20260415_token2_piar_5k_split_to_73539161567932_3001_4000_20260415121540_result.json",
  "still_missing_file": "data/still_missing_token34_nonlocal_ads_73539161567932_5000_20260415_token2_piar_5k_split_to_73539161567932_3001_4000_20260415121540.txt"
}
[run] done (4/5) exit=0 verified_added=915 still_missing=85
[run] sleep 60s between waves
[run] (5/5) chat=-73539161567932 wave=5 start=4000 count=1000

> max-moderation-bot@1.0.0 members:add
> node scripts/add-chat-members-2026.js --source-file data/token34_nonlocal_ads_73539161567932_5000_20260415_token2_piar_5k_split.txt --target-chat-id -73539161567932 --start 4000 --count 1000 --invite-batch-size 10 --pause-ms 3000

[dotenv@17.3.1] injecting env (15) from .env -- tip: ⚙️  enable debug logging with { debug: true }
[run] Loading target member snapshot...
[run] Snapshot loaded: 3637 members across 37 pages
[run] Inviting 1000 users to chat -73539161567932 in batches of 10 (100 calls)...
[run] Progress: 50/1000 users
[run] Progress: 100/1000 users
[run] Progress: 150/1000 users
[run] Progress: 200/1000 users
[run] Progress: 250/1000 users
[run] Progress: 300/1000 users
[run] Progress: 350/1000 users
[run] Progress: 400/1000 users
[run] Progress: 450/1000 users
[run] Progress: 500/1000 users
[run] Progress: 550/1000 users
[run] Progress: 600/1000 users
[run] Progress: 650/1000 users
[run] Progress: 700/1000 users
[run] Progress: 750/1000 users
[run] Progress: 800/1000 users
[run] Progress: 850/1000 users
[run] Progress: 900/1000 users
[run] Progress: 950/1000 users
[run] Progress: 1000/1000 users
[run] Verifying membership for 1000 users...
{
  "ok": true,
  "source_file": "data/token34_nonlocal_ads_73539161567932_5000_20260415_token2_piar_5k_split.txt",
  "target_chat_id": -73539161567932,
  "processed_count": 1000,
  "already_in_target_count": 0,
  "attempted_invite_count": 1000,
  "invited_without_immediate_failure_count": 990,
  "verified_added_count": 895,
  "still_not_in_target_from_this_chunk_count": 105,
  "before_participants_count": 3638,
  "after_participants_count": 4464,
  "result_file": "data/add_token34_nonlocal_ads_73539161567932_5000_20260415_token2_piar_5k_split_to_73539161567932_4001_5000_20260415122219_result.json",
  "still_missing_file": "data/still_missing_token34_nonlocal_ads_73539161567932_5000_20260415_token2_piar_5k_split_to_73539161567932_4001_5000_20260415122219.txt"
}
[run] done (5/5) exit=0 verified_added=895 still_missing=105
[done] summary=data/add_token2_piar_chat_5k_summary_20260415_145547.tsv
[done] progress=data/token34_nonlocal_ads_5000_marked_progress_20260415_145547.tsv
[done] log=data/add_token2_piar_chat_5k_20260415_145547.log
