
> max-moderation-bot@1.0.0 members:add
> node scripts/add-chat-members-2026.js --env-file /tmp/tmp.uXLU9oyihX --source-file data/labinsk_mostovskoy_selected_chats_member_ids_no_bots_no_admins_token1_20260416_161134.txt --target-chat-id -73587194528495 --start 0 --count 1000 --invite-batch-size 10 --pause-ms 3000 --max-retries 0

[dotenv@17.3.1] injecting env (1) from ../../../../../tmp/tmp.uXLU9oyihX -- tip: 🛠️  run anywhere with `dotenvx run -- yourcommand`
[run] Loading target member snapshot...
[run] Snapshot loaded: 5 members across 1 pages
[run] Inviting 999 users to chat -73587194528495 in batches of 10 (100 calls)...
[run] Progress: 50/999 users
[run] Progress: 100/999 users
[run] Progress: 150/999 users
[run] Progress: 200/999 users
[run] Progress: 250/999 users
[run] Progress: 300/999 users
[run] Progress: 350/999 users
[run] Progress: 400/999 users
[run] Progress: 450/999 users
[run] Progress: 500/999 users
[run] Progress: 550/999 users
[run] Progress: 600/999 users
[run] Progress: 650/999 users
[run] Progress: 700/999 users
[run] Progress: 750/999 users
[run] Progress: 800/999 users
[run] Progress: 850/999 users
[run] Progress: 900/999 users
[run] Progress: 950/999 users
[run] Progress: 999/999 users
[run] Verifying membership for 1000 users...
{
  "ok": true,
  "source_file": "data/labinsk_mostovskoy_selected_chats_member_ids_no_bots_no_admins_token1_20260416_161134.txt",
  "target_chat_id": -73587194528495,
  "processed_count": 1000,
  "already_in_target_count": 1,
  "attempted_invite_count": 999,
  "invited_without_immediate_failure_count": 999,
  "verified_added_count": 607,
  "still_not_in_target_from_this_chunk_count": 392,
  "before_participants_count": 5,
  "after_participants_count": 611,
  "result_file": "data/add_labinsk_mostovskoy_selected_chats_member_ids_no_bots_no_admins_token1_20260416_161134_to_73587194528495_1_1000_20260416135146_result.json",
  "still_missing_file": "data/still_missing_labinsk_mostovskoy_selected_chats_member_ids_no_bots_no_admins_token1_20260416_161134_to_73587194528495_1_1000_20260416135146.txt"
}
