[run] log=data/add_token2_chat_5k_20260415_134338.log
[run] summary=data/add_token2_chat_5k_summary_20260415_134338.tsv
[run] progress=data/token34_nonlocal_ads_5000_marked_progress_20260415_134338.tsv
[run] (1/5) chat=-73531404989116 wave=1 start=0 count=1000

> max-moderation-bot@1.0.0 members:add
> node scripts/add-chat-members-2026.js --source-file data/token34_nonlocal_ads_73531404989116_5000_20260415_token2_5k_split.txt --target-chat-id -73531404989116 --start 0 --count 1000 --invite-batch-size 10 --pause-ms 3000

[dotenv@17.3.1] injecting env (15) from .env -- tip: ⚙️  suppress all logs with { quiet: true }
[run] Loading target member snapshot...
[run] Snapshot loaded: 5 members across 1 pages
[run] Inviting 1000 users to chat -73531404989116 in batches of 10 (100 calls)...
[run] Progress: 50/1000 users
[run] Progress: 100/1000 users
[run] Progress: 150/1000 users
[run] Progress: 200/1000 users
[run] Progress: 250/1000 users
[run] Progress: 300/1000 users
[run] Progress: 350/1000 users
[run] Progress: 400/1000 users
[run] Progress: 450/1000 users
[run] Progress: 500/1000 users
[run] Progress: 550/1000 users
[run] Progress: 600/1000 users
[run] Progress: 650/1000 users
[run] Progress: 700/1000 users
[run] Progress: 750/1000 users
[run] Progress: 800/1000 users
[run] Progress: 850/1000 users
[run] Progress: 900/1000 users
[run] Progress: 950/1000 users
[run] Progress: 1000/1000 users
[run] Verifying membership for 1000 users...
{
  "ok": true,
  "source_file": "data/token34_nonlocal_ads_73531404989116_5000_20260415_token2_5k_split.txt",
  "target_chat_id": -73531404989116,
  "processed_count": 1000,
  "already_in_target_count": 0,
  "attempted_invite_count": 1000,
  "invited_without_immediate_failure_count": 1000,
  "verified_added_count": 921,
  "still_not_in_target_from_this_chunk_count": 79,
  "before_participants_count": 5,
  "after_participants_count": 926,
  "result_file": "data/add_token34_nonlocal_ads_73531404989116_5000_20260415_token2_5k_split_to_73531404989116_1_1000_20260415104339_result.json",
  "still_missing_file": "data/still_missing_token34_nonlocal_ads_73531404989116_5000_20260415_token2_5k_split_to_73531404989116_1_1000_20260415104339.txt"
}
npm notice
npm notice New minor version of npm available! 11.6.2 -> 11.12.1
npm notice Changelog: https://github.com/npm/cli/releases/tag/v11.12.1
npm notice To update run: npm install -g npm@11.12.1
npm notice
[run] done (1/5) exit=0 verified_added=921 still_missing=79
[run] sleep 60s between waves
[run] (2/5) chat=-73531404989116 wave=2 start=1000 count=1000

> max-moderation-bot@1.0.0 members:add
> node scripts/add-chat-members-2026.js --source-file data/token34_nonlocal_ads_73531404989116_5000_20260415_token2_5k_split.txt --target-chat-id -73531404989116 --start 1000 --count 1000 --invite-batch-size 10 --pause-ms 3000

[dotenv@17.3.1] injecting env (15) from .env -- tip: ⚙️  specify custom .env file path with { path: '/custom/path/.env' }
[run] Loading target member snapshot...
[run] Snapshot loaded: 925 members across 10 pages
[run] Inviting 1000 users to chat -73531404989116 in batches of 10 (100 calls)...
[run] Progress: 50/1000 users
[run] Progress: 100/1000 users
[run] Progress: 150/1000 users
[run] Progress: 200/1000 users
[run] Progress: 250/1000 users
[run] Progress: 300/1000 users
[run] Progress: 350/1000 users
[run] Progress: 400/1000 users
[run] Progress: 450/1000 users
[run] Progress: 500/1000 users
[run] Progress: 550/1000 users
[run] Progress: 600/1000 users
[run] Progress: 650/1000 users
[run] Progress: 700/1000 users
[run] Progress: 750/1000 users
[run] Progress: 800/1000 users
[run] Progress: 850/1000 users
[run] Progress: 900/1000 users
[run] Progress: 950/1000 users
[run] Progress: 1000/1000 users
[run] Verifying membership for 1000 users...
{
  "ok": true,
  "source_file": "data/token34_nonlocal_ads_73531404989116_5000_20260415_token2_5k_split.txt",
  "target_chat_id": -73531404989116,
  "processed_count": 1000,
  "already_in_target_count": 0,
  "attempted_invite_count": 1000,
  "invited_without_immediate_failure_count": 1000,
  "verified_added_count": 895,
  "still_not_in_target_from_this_chunk_count": 105,
  "before_participants_count": 925,
  "after_participants_count": 1819,
  "result_file": "data/add_token34_nonlocal_ads_73531404989116_5000_20260415_token2_5k_split_to_73531404989116_1001_2000_20260415105015_result.json",
  "still_missing_file": "data/still_missing_token34_nonlocal_ads_73531404989116_5000_20260415_token2_5k_split_to_73531404989116_1001_2000_20260415105015.txt"
}
[run] done (2/5) exit=0 verified_added=895 still_missing=105
[run] sleep 60s between waves
[run] (3/5) chat=-73531404989116 wave=3 start=2000 count=1000

> max-moderation-bot@1.0.0 members:add
> node scripts/add-chat-members-2026.js --source-file data/token34_nonlocal_ads_73531404989116_5000_20260415_token2_5k_split.txt --target-chat-id -73531404989116 --start 2000 --count 1000 --invite-batch-size 10 --pause-ms 3000

[dotenv@17.3.1] injecting env (15) from .env -- tip: ⚙️  write to custom object with { processEnv: myObject }
[run] Loading target member snapshot...
[run] Snapshot loaded: 1819 members across 19 pages
[run] Inviting 1000 users to chat -73531404989116 in batches of 10 (100 calls)...
[run] Progress: 50/1000 users
[run] Progress: 100/1000 users
[run] Progress: 150/1000 users
[run] Progress: 200/1000 users
[run] Progress: 250/1000 users
[run] Progress: 300/1000 users
[run] Progress: 350/1000 users
[run] Progress: 400/1000 users
[run] Progress: 450/1000 users
[run] Progress: 500/1000 users
[run] Progress: 550/1000 users
[run] Progress: 600/1000 users
[run] Progress: 650/1000 users
[run] Progress: 700/1000 users
[run] Progress: 750/1000 users
[run] Progress: 800/1000 users
[run] Progress: 850/1000 users
[run] Progress: 900/1000 users
[run] Progress: 950/1000 users
[run] Progress: 1000/1000 users
[run] Verifying membership for 1000 users...
{
  "ok": true,
  "source_file": "data/token34_nonlocal_ads_73531404989116_5000_20260415_token2_5k_split.txt",
  "target_chat_id": -73531404989116,
  "processed_count": 1000,
  "already_in_target_count": 0,
  "attempted_invite_count": 1000,
  "invited_without_immediate_failure_count": 1000,
  "verified_added_count": 923,
  "still_not_in_target_from_this_chunk_count": 77,
  "before_participants_count": 1819,
  "after_participants_count": 2734,
  "result_file": "data/add_token34_nonlocal_ads_73531404989116_5000_20260415_token2_5k_split_to_73531404989116_2001_3000_20260415105651_result.json",
  "still_missing_file": "data/still_missing_token34_nonlocal_ads_73531404989116_5000_20260415_token2_5k_split_to_73531404989116_2001_3000_20260415105651.txt"
}
[run] done (3/5) exit=0 verified_added=923 still_missing=77
[run] sleep 60s between waves
[run] (4/5) chat=-73531404989116 wave=4 start=3000 count=1000

> max-moderation-bot@1.0.0 members:add
> node scripts/add-chat-members-2026.js --source-file data/token34_nonlocal_ads_73531404989116_5000_20260415_token2_5k_split.txt --target-chat-id -73531404989116 --start 3000 --count 1000 --invite-batch-size 10 --pause-ms 3000

[dotenv@17.3.1] injecting env (15) from .env -- tip: ⚙️  suppress all logs with { quiet: true }
[run] Loading target member snapshot...
[run] Snapshot loaded: 2734 members across 28 pages
[run] Inviting 1000 users to chat -73531404989116 in batches of 10 (100 calls)...
[run] Progress: 50/1000 users
[run] Progress: 100/1000 users
[run] Progress: 150/1000 users
[run] Progress: 200/1000 users
[run] Progress: 250/1000 users
[run] Progress: 300/1000 users
[run] Progress: 350/1000 users
[run] Progress: 400/1000 users
[run] Progress: 450/1000 users
[run] Progress: 500/1000 users
[run] Progress: 550/1000 users
[run] Progress: 600/1000 users
[run] Progress: 650/1000 users
[run] Progress: 700/1000 users
[run] Progress: 750/1000 users
[run] Progress: 800/1000 users
[run] Progress: 850/1000 users
[run] Progress: 900/1000 users
[run] Progress: 950/1000 users
[run] Progress: 1000/1000 users
[run] Verifying membership for 1000 users...
{
  "ok": true,
  "source_file": "data/token34_nonlocal_ads_73531404989116_5000_20260415_token2_5k_split.txt",
  "target_chat_id": -73531404989116,
  "processed_count": 1000,
  "already_in_target_count": 0,
  "attempted_invite_count": 1000,
  "invited_without_immediate_failure_count": 1000,
  "verified_added_count": 918,
  "still_not_in_target_from_this_chunk_count": 82,
  "before_participants_count": 2734,
  "after_participants_count": 3638,
  "result_file": "data/add_token34_nonlocal_ads_73531404989116_5000_20260415_token2_5k_split_to_73531404989116_3001_4000_20260415110329_result.json",
  "still_missing_file": "data/still_missing_token34_nonlocal_ads_73531404989116_5000_20260415_token2_5k_split_to_73531404989116_3001_4000_20260415110329.txt"
}
[run] done (4/5) exit=0 verified_added=918 still_missing=82
[run] sleep 60s between waves
[run] (5/5) chat=-73531404989116 wave=5 start=4000 count=1000

> max-moderation-bot@1.0.0 members:add
> node scripts/add-chat-members-2026.js --source-file data/token34_nonlocal_ads_73531404989116_5000_20260415_token2_5k_split.txt --target-chat-id -73531404989116 --start 4000 --count 1000 --invite-batch-size 10 --pause-ms 3000

[dotenv@17.3.1] injecting env (15) from .env -- tip: ⚙️  specify custom .env file path with { path: '/custom/path/.env' }
[run] Loading target member snapshot...
[run] Snapshot loaded: 3645 members across 37 pages
[run] Inviting 1000 users to chat -73531404989116 in batches of 10 (100 calls)...
[run] Progress: 50/1000 users
[run] Progress: 100/1000 users
[run] Progress: 150/1000 users
[run] Progress: 200/1000 users
[run] Progress: 250/1000 users
[run] Progress: 300/1000 users
[run] Progress: 350/1000 users
[run] Progress: 400/1000 users
[run] Progress: 450/1000 users
[run] Progress: 500/1000 users
[run] Progress: 550/1000 users
[run] Progress: 600/1000 users
[run] Progress: 650/1000 users
[run] Progress: 700/1000 users
[run] Progress: 750/1000 users
[run] Progress: 800/1000 users
[run] Progress: 850/1000 users
[run] Progress: 900/1000 users
[run] Progress: 950/1000 users
[run] Progress: 1000/1000 users
[run] Verifying membership for 1000 users...
{
  "ok": true,
  "source_file": "data/token34_nonlocal_ads_73531404989116_5000_20260415_token2_5k_split.txt",
  "target_chat_id": -73531404989116,
  "processed_count": 1000,
  "already_in_target_count": 0,
  "attempted_invite_count": 1000,
  "invited_without_immediate_failure_count": 1000,
  "verified_added_count": 920,
  "still_not_in_target_from_this_chunk_count": 80,
  "before_participants_count": 3645,
  "after_participants_count": 4480,
  "result_file": "data/add_token34_nonlocal_ads_73531404989116_5000_20260415_token2_5k_split_to_73531404989116_4001_5000_20260415111022_result.json",
  "still_missing_file": "data/still_missing_token34_nonlocal_ads_73531404989116_5000_20260415_token2_5k_split_to_73531404989116_4001_5000_20260415111022.txt"
}
[run] done (5/5) exit=0 verified_added=920 still_missing=80
[done] summary=data/add_token2_chat_5k_summary_20260415_134338.tsv
[done] progress=data/token34_nonlocal_ads_5000_marked_progress_20260415_134338.tsv
[done] log=data/add_token2_chat_5k_20260415_134338.log
