[start] 2026-04-14T19:53:03+03:00 total_ids=4999 source=1.txt target=-73507181735336

[wave 1] 2026-04-14T19:53:03+03:00 start=0 count=1000

> max-moderation-bot@1.0.0 members:add
> node scripts/add-chat-members-2026.js --source-file 1.txt --target-chat-id -73507181735336 --start 0 --count 1000 --invite-batch-size 10 --pause-ms 1000 --progress-every 100

[dotenv@17.3.1] injecting env (16) from .env -- tip: ⚡️ secrets for agents: https://dotenvx.com/as2
[run] Loading target member snapshot...
[run] Snapshot loaded: 5 members across 1 pages
[run] Inviting 1000 users to chat -73507181735336 in batches of 10 (100 calls)...
[run] Progress: 100/1000 users
[run] Progress: 200/1000 users
[run] Progress: 300/1000 users
[run] Progress: 400/1000 users
[run] Progress: 500/1000 users
[run] Progress: 600/1000 users
[run] Progress: 700/1000 users
[run] Progress: 800/1000 users
[run] Progress: 900/1000 users
[run] Progress: 1000/1000 users
[run] Verifying membership for 1000 users...
{
  "ok": true,
  "source_file": "1.txt",
  "target_chat_id": -73507181735336,
  "processed_count": 1000,
  "already_in_target_count": 0,
  "attempted_invite_count": 1000,
  "invited_without_immediate_failure_count": 1000,
  "verified_added_count": 908,
  "still_not_in_target_from_this_chunk_count": 92,
  "before_participants_count": 5,
  "after_participants_count": 913,
  "result_file": "data/add_1_to_73507181735336_1_1000_20260414165303_result.json",
  "still_missing_file": "data/still_missing_1_to_73507181735336_1_1000_20260414165303.txt"
}
[pause] 2026-04-14T19:55:32+03:00 sleeping 60s before next wave

[wave 2] 2026-04-14T19:56:30+03:00 start=1000 count=1000

> max-moderation-bot@1.0.0 members:add
> node scripts/add-chat-members-2026.js --source-file 1.txt --target-chat-id -73507181735336 --start 1000 --count 1000 --invite-batch-size 10 --pause-ms 1000 --progress-every 100

[dotenv@17.3.1] injecting env (16) from .env -- tip: ⚙️  load multiple .env files with { path: ['.env.local', '.env'] }
[run] Loading target member snapshot...
[run] Snapshot loaded: 911 members across 10 pages
[run] Inviting 1000 users to chat -73507181735336 in batches of 10 (100 calls)...
[run] Progress: 100/1000 users
[run] Progress: 200/1000 users
[run] Progress: 300/1000 users
[run] Stop triggered: 2 consecutive action_failed (limit 2)
[run] Verifying membership for 1000 users...
