[run] target_total_verified=5000 base_verified=3779 need_verified=1221
[run] log=data/add_k1504_21k_token1_topup_to5k_20260415_183924.log
[run] summary=data/add_k1504_21k_token1_topup_to5k_summary_20260415_183924.tsv
[run] wave=1 start=0 count=1000

> max-moderation-bot@1.0.0 members:add
> node scripts/add-chat-members-2026.js --source-file К.15.04. 21к.txt --target-chat-id -71195382773235 --start 0 --count 1000 --invite-batch-size 10 --pause-ms 3000 --result-file data/add_k1504_21k_topup_to_71195382773235_0_1000_20260415_183924_result.json --missing-file data/still_missing_k1504_21k_topup_to_71195382773235_0_1000_20260415_183924.txt

[dotenv@17.3.1] injecting env (15) from .env -- tip: 🔐 prevent committing .env to code: https://dotenvx.com/precommit
[run] Loading target member snapshot...
[run] Snapshot loaded: 5892 members across 59 pages
[run] Inviting 762 users to chat -71195382773235 in batches of 10 (77 calls)...
[run] Progress: 50/762 users
[run] Progress: 100/762 users
[run] Progress: 150/762 users
[run] Progress: 200/762 users
[run] Progress: 250/762 users
[run] Progress: 300/762 users
[run] Progress: 350/762 users
[run] Progress: 400/762 users
[run] Progress: 450/762 users
[run] Progress: 500/762 users
[run] Progress: 550/762 users
[run] Progress: 600/762 users
[run] Progress: 650/762 users
[run] Progress: 700/762 users
[run] Progress: 750/762 users
[run] Progress: 762/762 users
[run] Verifying membership for 1000 users...
{
  "ok": true,
  "source_file": "К.15.04. 21к.txt",
  "target_chat_id": -71195382773235,
  "processed_count": 1000,
  "already_in_target_count": 238,
  "attempted_invite_count": 762,
  "invited_without_immediate_failure_count": 762,
  "verified_added_count": 713,
  "still_not_in_target_from_this_chunk_count": 49,
  "before_participants_count": 5893,
  "after_participants_count": 6597,
  "result_file": "data/add_k1504_21k_topup_to_71195382773235_0_1000_20260415_183924_result.json",
  "still_missing_file": "data/still_missing_k1504_21k_topup_to_71195382773235_0_1000_20260415_183924.txt"
}
[run] sleeping 60s between waves
[run] wave=2 start=1000 count=1000

> max-moderation-bot@1.0.0 members:add
> node scripts/add-chat-members-2026.js --source-file К.15.04. 21к.txt --target-chat-id -71195382773235 --start 1000 --count 1000 --invite-batch-size 10 --pause-ms 3000 --result-file data/add_k1504_21k_topup_to_71195382773235_1000_2000_20260415_183924_result.json --missing-file data/still_missing_k1504_21k_topup_to_71195382773235_1000_2000_20260415_183924.txt

[dotenv@17.3.1] injecting env (15) from .env -- tip: ⚙️  write to custom object with { processEnv: myObject }
[run] Loading target member snapshot...
[run] Snapshot loaded: 6594 members across 66 pages
[run] Inviting 627 users to chat -71195382773235 in batches of 10 (63 calls)...
[run] Progress: 50/627 users
[run] Progress: 100/627 users
[run] Progress: 150/627 users
[run] Progress: 200/627 users
[run] Progress: 250/627 users
[run] Progress: 300/627 users
[run] Progress: 350/627 users
[run] Progress: 400/627 users
[run] Progress: 450/627 users
[run] Progress: 500/627 users
[run] Progress: 550/627 users
[run] Progress: 600/627 users
[run] Progress: 627/627 users
[run] Verifying membership for 1000 users...
{
  "ok": true,
  "source_file": "К.15.04. 21к.txt",
  "target_chat_id": -71195382773235,
  "processed_count": 1000,
  "already_in_target_count": 373,
  "attempted_invite_count": 627,
  "invited_without_immediate_failure_count": 627,
  "verified_added_count": 584,
  "still_not_in_target_from_this_chunk_count": 43,
  "before_participants_count": 6595,
  "after_participants_count": 7134,
  "result_file": "data/add_k1504_21k_topup_to_71195382773235_1000_2000_20260415_183924_result.json",
  "still_missing_file": "data/still_missing_k1504_21k_topup_to_71195382773235_1000_2000_20260415_183924.txt"
}
[done] reached_target verified_total=5076 new_verified=1297 processed=2000
[done] summary=data/add_k1504_21k_token1_topup_to5k_summary_20260415_183924.tsv
[done] log=data/add_k1504_21k_token1_topup_to5k_20260415_183924.log
