[2026-04-18 21:20:44] START 400-run source=трупы chat=-73690462043449 start=1500 count=400

> max-moderation-bot@1.0.0 members:add
> node scripts/add-chat-members-2026.js --env-file /tmp/tmp.E0LATV5WID --source-file трупы --target-chat-id -73690462043449 --start 1500 --count 400 --invite-batch-size 10 --pause-ms 3000 --max-retries 0 --stop-on-action-failed 0

◇ injected env (1) from ../../../../../tmp/tmp.E0LATV5WID // tip: ⌁ auth for agents [www.vestauth.com]
[run] Loading target member snapshot...
[run] Snapshot loaded: 2635 members across 27 pages
[run] Inviting 400 users to chat -73690462043449 in batches of 10 (40 calls)...
[run] Progress: 50/400 users
[run] Progress: 100/400 users
[run] Progress: 150/400 users
[run] Progress: 200/400 users
[run] Progress: 250/400 users
[run] Progress: 300/400 users
[run] Progress: 350/400 users
[run] Progress: 400/400 users
[run] Verifying membership for 400 users...
{
  "ok": true,
  "source_file": "трупы",
  "target_chat_id": -73690462043449,
  "processed_count": 400,
  "already_in_target_count": 0,
  "attempted_invite_count": 400,
  "invited_without_immediate_failure_count": 390,
  "verified_added_count": 345,
  "still_not_in_target_from_this_chunk_count": 55,
  "before_participants_count": 2636,
  "after_participants_count": 2930,
  "result_file": "data/add_members_to_73690462043449_1501_1900_20260418182044_result.json",
  "still_missing_file": "data/still_missing_members_to_73690462043449_1501_1900_20260418182044.txt"
}
[2026-04-18 21:23:15] DONE 400-run
