[run] start=20260414_180329 total=5200 target=-73500089757096 source=data/trupy_5200id.txt
[wave] #1 start=0 count=1000

> max-moderation-bot@1.0.0 members:add
> node scripts/add-chat-members-2026.js --source-file data/trupy_5200id.txt --target-chat-id -73500089757096 --start 0 --count 1000 --invite-batch-size 10 --pause-ms 1000

[dotenv@17.3.1] injecting env (0) from .env -- tip: ⚙️  suppress all logs with { quiet: true }
[run] Loading target member snapshot...
[run] Snapshot loaded: 10035 members across 101 pages
[run] Inviting 999 users to chat -73500089757096 in batches of 10 (100 calls)...
[run] Progress: 50/999 users
[run] Progress: 100/999 users
[run] Progress: 150/999 users
[run] Progress: 200/999 users
[run] Progress: 250/999 users
[run] Progress: 300/999 users
[run] Progress: 350/999 users
[run] Progress: 400/999 users
[run] Progress: 450/999 users
[run] Progress: 500/999 users
[run] Progress: 550/999 users
[run] Progress: 600/999 users
[run] Progress: 650/999 users
[run] Progress: 700/999 users
[run] Progress: 750/999 users
[run] Progress: 800/999 users
[run] Progress: 850/999 users
[run] Progress: 900/999 users
[run] Progress: 950/999 users
[run] Progress: 999/999 users
[run] Verifying membership for 1000 users...
{
  "ok": true,
  "source_file": "data/trupy_5200id.txt",
  "target_chat_id": -73500089757096,
  "processed_count": 1000,
  "already_in_target_count": 1,
  "attempted_invite_count": 999,
  "invited_without_immediate_failure_count": 999,
  "verified_added_count": 983,
  "still_not_in_target_from_this_chunk_count": 16,
  "before_participants_count": 10047,
  "after_participants_count": 10827,
  "result_file": "data/add_trupy_5200id_to_73500089757096_1_1000_20260414150329_result.json",
  "still_missing_file": "data/still_missing_trupy_5200id_to_73500089757096_1_1000_20260414150329.txt"
}
[wave] pause 60s before next wave
[wave] #2 start=1000 count=1000

> max-moderation-bot@1.0.0 members:add
> node scripts/add-chat-members-2026.js --source-file data/trupy_5200id.txt --target-chat-id -73500089757096 --start 1000 --count 1000 --invite-batch-size 10 --pause-ms 1000

[dotenv@17.3.1] injecting env (0) from .env -- tip: 🛡️ auth for agents: https://vestauth.com
[run] Loading target member snapshot...
[run] Snapshot loaded: 10926 members across 110 pages
[run] Inviting 1000 users to chat -73500089757096 in batches of 10 (100 calls)...
[run] Progress: 50/1000 users
[run] Progress: 100/1000 users
[run] Progress: 150/1000 users
[run] Progress: 200/1000 users
[run] Progress: 250/1000 users
[run] Progress: 300/1000 users
[run] Progress: 350/1000 users
[run] Progress: 400/1000 users
[run] Progress: 450/1000 users
[run] Progress: 500/1000 users
[run] Progress: 550/1000 users
[run] Progress: 600/1000 users
[run] Progress: 650/1000 users
[run] Progress: 700/1000 users
[run] Progress: 750/1000 users
[run] Progress: 800/1000 users
[run] Progress: 850/1000 users
[run] Progress: 900/1000 users
[run] Progress: 950/1000 users
[run] Progress: 1000/1000 users
[run] Verifying membership for 1000 users...
{
  "ok": true,
  "source_file": "data/trupy_5200id.txt",
  "target_chat_id": -73500089757096,
  "processed_count": 1000,
  "already_in_target_count": 0,
  "attempted_invite_count": 1000,
  "invited_without_immediate_failure_count": 1000,
  "verified_added_count": 982,
  "still_not_in_target_from_this_chunk_count": 18,
  "before_participants_count": 10934,
  "after_participants_count": 11781,
  "result_file": "data/add_trupy_5200id_to_73500089757096_1001_2000_20260414150725_result.json",
  "still_missing_file": "data/still_missing_trupy_5200id_to_73500089757096_1001_2000_20260414150725.txt"
}
[wave] pause 60s before next wave
[wave] #3 start=2000 count=1000

> max-moderation-bot@1.0.0 members:add
> node scripts/add-chat-members-2026.js --source-file data/trupy_5200id.txt --target-chat-id -73500089757096 --start 2000 --count 1000 --invite-batch-size 10 --pause-ms 1000

[dotenv@17.3.1] injecting env (0) from .env -- tip: ⚙️  specify custom .env file path with { path: '/custom/path/.env' }
[run] Loading target member snapshot...
[run] Snapshot loaded: 11834 members across 119 pages
[run] Inviting 1000 users to chat -73500089757096 in batches of 10 (100 calls)...
[run] Progress: 50/1000 users
[run] Progress: 100/1000 users
[run] Progress: 150/1000 users
[run] Progress: 200/1000 users
[run] Progress: 250/1000 users
[run] Progress: 300/1000 users
[run] Progress: 350/1000 users
[run] Progress: 400/1000 users
[run] Progress: 450/1000 users
[run] Progress: 500/1000 users
[run] Progress: 550/1000 users
[run] Progress: 600/1000 users
[run] Progress: 650/1000 users
[run] Progress: 700/1000 users
[run] Progress: 750/1000 users
[run] Progress: 800/1000 users
[run] Progress: 850/1000 users
[run] Progress: 900/1000 users
[run] Progress: 950/1000 users
[run] Progress: 1000/1000 users
[run] Verifying membership for 1000 users...
{
  "ok": true,
  "source_file": "data/trupy_5200id.txt",
  "target_chat_id": -73500089757096,
  "processed_count": 1000,
  "already_in_target_count": 0,
  "attempted_invite_count": 1000,
  "invited_without_immediate_failure_count": 1000,
  "verified_added_count": 982,
  "still_not_in_target_from_this_chunk_count": 18,
  "before_participants_count": 11838,
  "after_participants_count": 12662,
  "result_file": "data/add_trupy_5200id_to_73500089757096_2001_3000_20260414151128_result.json",
  "still_missing_file": "data/still_missing_trupy_5200id_to_73500089757096_2001_3000_20260414151128.txt"
}
[wave] pause 60s before next wave
[wave] #4 start=3000 count=1000

> max-moderation-bot@1.0.0 members:add
> node scripts/add-chat-members-2026.js --source-file data/trupy_5200id.txt --target-chat-id -73500089757096 --start 3000 --count 1000 --invite-batch-size 10 --pause-ms 1000

[dotenv@17.3.1] injecting env (0) from .env -- tip: 🛠️  run anywhere with `dotenvx run -- yourcommand`
[run] Loading target member snapshot...
[run] Snapshot loaded: 12726 members across 128 pages
[run] Inviting 1000 users to chat -73500089757096 in batches of 10 (100 calls)...
[run] Progress: 50/1000 users
[run] Progress: 100/1000 users
[run] Progress: 150/1000 users
[run] Progress: 200/1000 users
[run] Progress: 250/1000 users
[run] Progress: 300/1000 users
[run] Progress: 350/1000 users
[run] Progress: 400/1000 users
[run] Progress: 450/1000 users
[run] Progress: 500/1000 users
[run] Progress: 550/1000 users
[run] Progress: 600/1000 users
[run] Progress: 650/1000 users
[run] Progress: 700/1000 users
[run] Progress: 750/1000 users
[run] Progress: 800/1000 users
[run] Progress: 850/1000 users
[run] Progress: 900/1000 users
[run] Progress: 950/1000 users
[run] Progress: 1000/1000 users
[run] Verifying membership for 1000 users...
{
  "ok": true,
  "source_file": "data/trupy_5200id.txt",
  "target_chat_id": -73500089757096,
  "processed_count": 1000,
  "already_in_target_count": 0,
  "attempted_invite_count": 1000,
  "invited_without_immediate_failure_count": 1000,
  "verified_added_count": 994,
  "still_not_in_target_from_this_chunk_count": 6,
  "before_participants_count": 12733,
  "after_participants_count": 13620,
  "result_file": "data/add_trupy_5200id_to_73500089757096_3001_4000_20260414151529_result.json",
  "still_missing_file": "data/still_missing_trupy_5200id_to_73500089757096_3001_4000_20260414151529.txt"
}
[wave] pause 60s before next wave
[wave] #5 start=4000 count=1000

> max-moderation-bot@1.0.0 members:add
> node scripts/add-chat-members-2026.js --source-file data/trupy_5200id.txt --target-chat-id -73500089757096 --start 4000 --count 1000 --invite-batch-size 10 --pause-ms 1000

[dotenv@17.3.1] injecting env (0) from .env -- tip: 🔐 prevent building .env in docker: https://dotenvx.com/prebuild
[run] Loading target member snapshot...
[run] Snapshot loaded: 13632 members across 137 pages
[run] Inviting 1000 users to chat -73500089757096 in batches of 10 (100 calls)...
[run] Progress: 50/1000 users
[run] Progress: 100/1000 users
[run] Progress: 150/1000 users
[run] Progress: 200/1000 users
[run] Progress: 250/1000 users
[run] Progress: 300/1000 users
[run] Progress: 350/1000 users
[run] Progress: 400/1000 users
[run] Progress: 450/1000 users
[run] Progress: 500/1000 users
[run] Progress: 550/1000 users
[run] Progress: 600/1000 users
[run] Progress: 650/1000 users
[run] Progress: 700/1000 users
[run] Progress: 750/1000 users
[run] Progress: 800/1000 users
[run] Progress: 850/1000 users
[run] Progress: 900/1000 users
[run] Progress: 950/1000 users
[run] Progress: 1000/1000 users
[run] Verifying membership for 1000 users...
{
  "ok": true,
  "source_file": "data/trupy_5200id.txt",
  "target_chat_id": -73500089757096,
  "processed_count": 1000,
  "already_in_target_count": 0,
  "attempted_invite_count": 1000,
  "invited_without_immediate_failure_count": 1000,
  "verified_added_count": 992,
  "still_not_in_target_from_this_chunk_count": 8,
  "before_participants_count": 13636,
  "after_participants_count": 14560,
  "result_file": "data/add_trupy_5200id_to_73500089757096_4001_5000_20260414151932_result.json",
  "still_missing_file": "data/still_missing_trupy_5200id_to_73500089757096_4001_5000_20260414151932.txt"
}
[wave] pause 60s before next wave
[wave] #6 start=5000 count=200

> max-moderation-bot@1.0.0 members:add
> node scripts/add-chat-members-2026.js --source-file data/trupy_5200id.txt --target-chat-id -73500089757096 --start 5000 --count 200 --invite-batch-size 10 --pause-ms 1000

[dotenv@17.3.1] injecting env (0) from .env -- tip: 🛠️  run anywhere with `dotenvx run -- yourcommand`
[run] Loading target member snapshot...
[run] Snapshot loaded: 14548 members across 146 pages
[run] Inviting 200 users to chat -73500089757096 in batches of 10 (20 calls)...
[run] Progress: 50/200 users
[run] Progress: 100/200 users
[run] Progress: 150/200 users
[run] Progress: 200/200 users
[run] Verifying membership for 200 users...
{
  "ok": false,
  "error": "403: Account was blocked",
  "code": "account.blocked",
  "status": 403
}
