[2026-04-19 12:36:35] ===== run 1/11 chat=-73479063303535 start=1000 count=1000 =====

> max-moderation-bot@1.0.0 members:add
> node scripts/add-chat-members-2026.js --source-file пак1-10200.txt --target-chat-id -73479063303535 --start 1000 --count 1000 --invite-batch-size 10 --pause-ms 3000

◇ injected env (0) from .env // tip: ⌘ override existing { override: true }
[run] Loading target member snapshot...
[run] Snapshot loaded: 7135 members across 72 pages
[run] Inviting 992 users to chat -73479063303535 in batches of 10 (100 calls)...
[run] Progress: 50/992 users
[run] Progress: 100/992 users
[run] Progress: 150/992 users
[run] Progress: 200/992 users
[run] Progress: 250/992 users
[run] Progress: 300/992 users
[run] Progress: 350/992 users
[run] Progress: 400/992 users
[run] Progress: 450/992 users
[run] Progress: 500/992 users
[run] Progress: 550/992 users
[run] Progress: 600/992 users
[run] Progress: 650/992 users
[run] Progress: 700/992 users
[run] Progress: 750/992 users
[run] Progress: 800/992 users
[run] Progress: 850/992 users
[run] Progress: 900/992 users
[run] Progress: 950/992 users
[run] Progress: 992/992 users
[run] Verifying membership for 1000 users...
{
  "ok": true,
  "source_file": "пак1-10200.txt",
  "target_chat_id": -73479063303535,
  "processed_count": 1000,
  "already_in_target_count": 8,
  "attempted_invite_count": 992,
  "invited_without_immediate_failure_count": 992,
  "verified_added_count": 955,
  "still_not_in_target_from_this_chunk_count": 37,
  "before_participants_count": 7137,
  "after_participants_count": 8045,
  "result_file": "data/add_1_10200_to_73479063303535_1001_2000_20260419093635_result.json",
  "still_missing_file": "data/still_missing_1_10200_to_73479063303535_1001_2000_20260419093635.txt"
}
[2026-04-19 12:42:24] ===== done run 1/11 chat=-73479063303535 start=1000 count=1000 rc=0 =====
[2026-04-19 12:43:23] ===== run 2/11 chat=-73479063303535 start=2000 count=500 =====

> max-moderation-bot@1.0.0 members:add
> node scripts/add-chat-members-2026.js --source-file пак1-10200.txt --target-chat-id -73479063303535 --start 2000 --count 500 --invite-batch-size 10 --pause-ms 3000

◇ injected env (0) from .env // tip: ◈ encrypted .env [www.dotenvx.com]
[run] Loading target member snapshot...
[run] Snapshot loaded: 8070 members across 81 pages
[run] Inviting 497 users to chat -73479063303535 in batches of 10 (50 calls)...
[run] Progress: 50/497 users
[run] Progress: 100/497 users
[run] Progress: 150/497 users
[run] Progress: 200/497 users
[run] Progress: 250/497 users
[run] Progress: 300/497 users
[run] Progress: 350/497 users
[run] Progress: 400/497 users
[run] Progress: 450/497 users
[run] Progress: 497/497 users
[run] Verifying membership for 500 users...
{
  "ok": true,
  "source_file": "пак1-10200.txt",
  "target_chat_id": -73479063303535,
  "processed_count": 500,
  "already_in_target_count": 3,
  "attempted_invite_count": 497,
  "invited_without_immediate_failure_count": 497,
  "verified_added_count": 480,
  "still_not_in_target_from_this_chunk_count": 17,
  "before_participants_count": 8073,
  "after_participants_count": 8519,
  "result_file": "data/add_1_10200_to_73479063303535_2001_2500_20260419094323_result.json",
  "still_missing_file": "data/still_missing_1_10200_to_73479063303535_2001_2500_20260419094323.txt"
}
[2026-04-19 12:46:26] ===== done run 2/11 chat=-73479063303535 start=2000 count=500 rc=0 =====
[2026-04-19 12:47:24] ===== run 3/11 chat=-72669169736293 start=0 count=1000 =====

> max-moderation-bot@1.0.0 members:add
> node scripts/add-chat-members-2026.js --source-file пак1-10200.txt --target-chat-id -72669169736293 --start 0 --count 1000 --invite-batch-size 10 --pause-ms 3000

◇ injected env (0) from .env // tip: ◈ encrypted .env [www.dotenvx.com]
[run] Loading target member snapshot...
[run] Snapshot loaded: 4546 members across 46 pages
[run] Inviting 982 users to chat -72669169736293 in batches of 10 (99 calls)...
[run] Progress: 50/982 users
[run] Progress: 100/982 users
[run] Progress: 150/982 users
[run] Progress: 200/982 users
[run] Progress: 250/982 users
[run] Progress: 300/982 users
[run] Progress: 350/982 users
[run] Progress: 400/982 users
[run] Progress: 450/982 users
[run] Progress: 500/982 users
[run] Progress: 550/982 users
[run] Progress: 600/982 users
[run] Progress: 650/982 users
[run] Progress: 700/982 users
[run] Progress: 750/982 users
[run] Progress: 800/982 users
[run] Progress: 850/982 users
[run] Progress: 900/982 users
[run] Progress: 950/982 users
[run] Progress: 982/982 users
[run] Verifying membership for 1000 users...
{
  "ok": true,
  "source_file": "пак1-10200.txt",
  "target_chat_id": -72669169736293,
  "processed_count": 1000,
  "already_in_target_count": 18,
  "attempted_invite_count": 982,
  "invited_without_immediate_failure_count": 982,
  "verified_added_count": 935,
  "still_not_in_target_from_this_chunk_count": 47,
  "before_participants_count": 4547,
  "after_participants_count": 5478,
  "result_file": "data/add_1_10200_to_72669169736293_1_1000_20260419094725_result.json",
  "still_missing_file": "data/still_missing_1_10200_to_72669169736293_1_1000_20260419094725.txt"
}
[2026-04-19 12:53:08] ===== done run 3/11 chat=-72669169736293 start=0 count=1000 rc=0 =====
[2026-04-19 12:54:07] ===== run 4/11 chat=-72669169736293 start=1000 count=1000 =====

> max-moderation-bot@1.0.0 members:add
> node scripts/add-chat-members-2026.js --source-file пак1-10200.txt --target-chat-id -72669169736293 --start 1000 --count 1000 --invite-batch-size 10 --pause-ms 3000

◇ injected env (0) from .env // tip: ⌘ suppress logs { quiet: true }
[run] Loading target member snapshot...
[run] Snapshot loaded: 5475 members across 55 pages
[run] Inviting 987 users to chat -72669169736293 in batches of 10 (99 calls)...
[run] Progress: 50/987 users
[run] Progress: 100/987 users
[run] Progress: 150/987 users
[run] Progress: 200/987 users
[run] Progress: 250/987 users
[run] Progress: 300/987 users
[run] Progress: 350/987 users
[run] Progress: 400/987 users
[run] Progress: 450/987 users
[run] Progress: 500/987 users
[run] Progress: 550/987 users
[run] Progress: 600/987 users
[run] Progress: 650/987 users
[run] Progress: 700/987 users
[run] Progress: 750/987 users
[run] Progress: 800/987 users
[run] Progress: 850/987 users
[run] Progress: 900/987 users
[run] Progress: 950/987 users
[run] Progress: 987/987 users
[run] Verifying membership for 1000 users...
{
  "ok": true,
  "source_file": "пак1-10200.txt",
  "target_chat_id": -72669169736293,
  "processed_count": 1000,
  "already_in_target_count": 13,
  "attempted_invite_count": 987,
  "invited_without_immediate_failure_count": 987,
  "verified_added_count": 949,
  "still_not_in_target_from_this_chunk_count": 38,
  "before_participants_count": 5478,
  "after_participants_count": 6383,
  "result_file": "data/add_1_10200_to_72669169736293_1001_2000_20260419095407_result.json",
  "still_missing_file": "data/still_missing_1_10200_to_72669169736293_1001_2000_20260419095407.txt"
}
[2026-04-19 12:59:53] ===== done run 4/11 chat=-72669169736293 start=1000 count=1000 rc=0 =====
[2026-04-19 13:00:51] ===== run 5/11 chat=-72669169736293 start=2000 count=500 =====

> max-moderation-bot@1.0.0 members:add
> node scripts/add-chat-members-2026.js --source-file пак1-10200.txt --target-chat-id -72669169736293 --start 2000 --count 500 --invite-batch-size 10 --pause-ms 3000

◇ injected env (0) from .env // tip: ⌁ auth for agents [www.vestauth.com]
[run] Loading target member snapshot...
[run] Snapshot loaded: 6399 members across 64 pages
[run] Inviting 493 users to chat -72669169736293 in batches of 10 (50 calls)...
[run] Progress: 50/493 users
[run] Progress: 100/493 users
[run] Progress: 150/493 users
[run] Progress: 200/493 users
[run] Progress: 250/493 users
[run] Progress: 300/493 users
[run] Progress: 350/493 users
[run] Progress: 400/493 users
[run] Progress: 450/493 users
[run] Progress: 493/493 users
[run] Verifying membership for 500 users...
{
  "ok": true,
  "source_file": "пак1-10200.txt",
  "target_chat_id": -72669169736293,
  "processed_count": 500,
  "already_in_target_count": 7,
  "attempted_invite_count": 493,
  "invited_without_immediate_failure_count": 493,
  "verified_added_count": 473,
  "still_not_in_target_from_this_chunk_count": 20,
  "before_participants_count": 6402,
  "after_participants_count": 6838,
  "result_file": "data/add_1_10200_to_72669169736293_2001_2500_20260419100051_result.json",
  "still_missing_file": "data/still_missing_1_10200_to_72669169736293_2001_2500_20260419100051.txt"
}
[2026-04-19 13:03:53] ===== done run 5/11 chat=-72669169736293 start=2000 count=500 rc=0 =====
[2026-04-19 13:04:52] ===== run 6/11 chat=-73543575285031 start=0 count=1000 =====

> max-moderation-bot@1.0.0 members:add
> node scripts/add-chat-members-2026.js --source-file пак1-10200.txt --target-chat-id -73543575285031 --start 0 --count 1000 --invite-batch-size 10 --pause-ms 3000

◇ injected env (0) from .env // tip: ⌘ override existing { override: true }
[run] Loading target member snapshot...
[run] Snapshot loaded: 3899 members across 39 pages
[run] Inviting 973 users to chat -73543575285031 in batches of 10 (98 calls)...
[run] Progress: 50/973 users
[run] Progress: 100/973 users
[run] Progress: 150/973 users
[run] Progress: 200/973 users
[run] Progress: 250/973 users
[run] Progress: 300/973 users
[run] Progress: 350/973 users
[run] Progress: 400/973 users
[run] Progress: 450/973 users
[run] Progress: 500/973 users
[run] Progress: 550/973 users
[run] Progress: 600/973 users
[run] Progress: 650/973 users
[run] Progress: 700/973 users
[run] Progress: 750/973 users
[run] Progress: 800/973 users
[run] Progress: 850/973 users
[run] Progress: 900/973 users
[run] Progress: 950/973 users
[run] Progress: 973/973 users
[run] Verifying membership for 1000 users...
{
  "ok": true,
  "source_file": "пак1-10200.txt",
  "target_chat_id": -73543575285031,
  "processed_count": 1000,
  "already_in_target_count": 27,
  "attempted_invite_count": 973,
  "invited_without_immediate_failure_count": 973,
  "verified_added_count": 927,
  "still_not_in_target_from_this_chunk_count": 46,
  "before_participants_count": 3899,
  "after_participants_count": 4793,
  "result_file": "data/add_1_10200_to_73543575285031_1_1000_20260419100452_result.json",
  "still_missing_file": "data/still_missing_1_10200_to_73543575285031_1_1000_20260419100452.txt"
}
[2026-04-19 13:10:32] ===== done run 6/11 chat=-73543575285031 start=0 count=1000 rc=0 =====
[2026-04-19 13:11:30] ===== run 7/11 chat=-73543575285031 start=1000 count=1000 =====

> max-moderation-bot@1.0.0 members:add
> node scripts/add-chat-members-2026.js --source-file пак1-10200.txt --target-chat-id -73543575285031 --start 1000 --count 1000 --invite-batch-size 10 --pause-ms 3000

◇ injected env (0) from .env // tip: ◈ secrets for agents [www.dotenvx.com]
[run] Loading target member snapshot...
[run] Snapshot loaded: 4816 members across 49 pages
[run] Inviting 976 users to chat -73543575285031 in batches of 10 (98 calls)...
[run] Progress: 50/976 users
[run] Progress: 100/976 users
[run] Progress: 150/976 users
[run] Progress: 200/976 users
[run] Progress: 250/976 users
[run] Progress: 300/976 users
[run] Progress: 350/976 users
[run] Progress: 400/976 users
[run] Progress: 450/976 users
[run] Progress: 500/976 users
[run] Progress: 550/976 users
[run] Progress: 600/976 users
[run] Progress: 650/976 users
[run] Progress: 700/976 users
[run] Progress: 750/976 users
[run] Progress: 800/976 users
[run] Progress: 850/976 users
[run] Progress: 900/976 users
[run] Progress: 950/976 users
[run] Progress: 976/976 users
[run] Verifying membership for 1000 users...
{
  "ok": true,
  "source_file": "пак1-10200.txt",
  "target_chat_id": -73543575285031,
  "processed_count": 1000,
  "already_in_target_count": 24,
  "attempted_invite_count": 976,
  "invited_without_immediate_failure_count": 976,
  "verified_added_count": 928,
  "still_not_in_target_from_this_chunk_count": 48,
  "before_participants_count": 4817,
  "after_participants_count": 5667,
  "result_file": "data/add_1_10200_to_73543575285031_1001_2000_20260419101130_result.json",
  "still_missing_file": "data/still_missing_1_10200_to_73543575285031_1001_2000_20260419101130.txt"
}
[2026-04-19 13:17:15] ===== done run 7/11 chat=-73543575285031 start=1000 count=1000 rc=0 =====
[2026-04-19 13:18:14] ===== run 8/11 chat=-73543575285031 start=2000 count=500 =====

> max-moderation-bot@1.0.0 members:add
> node scripts/add-chat-members-2026.js --source-file пак1-10200.txt --target-chat-id -73543575285031 --start 2000 --count 500 --invite-batch-size 10 --pause-ms 3000

◇ injected env (0) from .env // tip: ◈ encrypted .env [www.dotenvx.com]
[run] Loading target member snapshot...
[run] Snapshot loaded: 5718 members across 58 pages
[run] Inviting 493 users to chat -73543575285031 in batches of 10 (50 calls)...
[run] Progress: 50/493 users
[run] Progress: 100/493 users
[run] Progress: 150/493 users
[run] Progress: 200/493 users
[run] Progress: 250/493 users
[run] Progress: 300/493 users
[run] Progress: 350/493 users
[run] Progress: 400/493 users
[run] Progress: 450/493 users
[run] Progress: 493/493 users
[run] Verifying membership for 500 users...
{
  "ok": true,
  "source_file": "пак1-10200.txt",
  "target_chat_id": -73543575285031,
  "processed_count": 500,
  "already_in_target_count": 7,
  "attempted_invite_count": 493,
  "invited_without_immediate_failure_count": 493,
  "verified_added_count": 470,
  "still_not_in_target_from_this_chunk_count": 23,
  "before_participants_count": 5718,
  "after_participants_count": 6137,
  "result_file": "data/add_1_10200_to_73543575285031_2001_2500_20260419101815_result.json",
  "still_missing_file": "data/still_missing_1_10200_to_73543575285031_2001_2500_20260419101815.txt"
}
[2026-04-19 13:21:14] ===== done run 8/11 chat=-73543575285031 start=2000 count=500 rc=0 =====
[2026-04-19 13:22:12] ===== run 9/11 chat=-73548651704408 start=0 count=1000 =====

> max-moderation-bot@1.0.0 members:add
> node scripts/add-chat-members-2026.js --source-file пак1-10200.txt --target-chat-id -73548651704408 --start 0 --count 1000 --invite-batch-size 10 --pause-ms 3000

◇ injected env (0) from .env // tip: ⌘ enable debugging { debug: true }
[run] Loading target member snapshot...
[run] Snapshot loaded: 3575 members across 36 pages
[run] Inviting 976 users to chat -73548651704408 in batches of 10 (98 calls)...
[run] Progress: 50/976 users
[run] Progress: 100/976 users
[run] Progress: 150/976 users
[run] Progress: 200/976 users
[run] Progress: 250/976 users
[run] Progress: 300/976 users
[run] Progress: 350/976 users
[run] Progress: 400/976 users
[run] Progress: 450/976 users
[run] Progress: 500/976 users
[run] Progress: 550/976 users
[run] Progress: 600/976 users
[run] Progress: 650/976 users
[run] Progress: 700/976 users
[run] Progress: 750/976 users
[run] Progress: 800/976 users
[run] Progress: 850/976 users
[run] Progress: 900/976 users
[run] Progress: 950/976 users
[run] Progress: 976/976 users
[run] Verifying membership for 1000 users...
{
  "ok": true,
  "source_file": "пак1-10200.txt",
  "target_chat_id": -73548651704408,
  "processed_count": 1000,
  "already_in_target_count": 24,
  "attempted_invite_count": 976,
  "invited_without_immediate_failure_count": 976,
  "verified_added_count": 931,
  "still_not_in_target_from_this_chunk_count": 45,
  "before_participants_count": 3582,
  "after_participants_count": 4449,
  "result_file": "data/add_1_10200_to_73548651704408_1_1000_20260419102212_result.json",
  "still_missing_file": "data/still_missing_1_10200_to_73548651704408_1_1000_20260419102212.txt"
}
[2026-04-19 13:27:50] ===== done run 9/11 chat=-73548651704408 start=0 count=1000 rc=0 =====
[2026-04-19 13:28:49] ===== run 10/11 chat=-73548651704408 start=1000 count=1000 =====

> max-moderation-bot@1.0.0 members:add
> node scripts/add-chat-members-2026.js --source-file пак1-10200.txt --target-chat-id -73548651704408 --start 1000 --count 1000 --invite-batch-size 10 --pause-ms 3000

◇ injected env (0) from .env // tip: ◈ encrypted .env [www.dotenvx.com]
[run] Loading target member snapshot...
[run] Snapshot loaded: 4496 members across 45 pages
[run] Inviting 979 users to chat -73548651704408 in batches of 10 (98 calls)...
[run] Progress: 50/979 users
[run] Progress: 100/979 users
[run] Progress: 150/979 users
[run] Progress: 200/979 users
[run] Progress: 250/979 users
[run] Progress: 300/979 users
[run] Progress: 350/979 users
[run] Progress: 400/979 users
[run] Progress: 450/979 users
[run] Progress: 500/979 users
[run] Progress: 550/979 users
[run] Progress: 600/979 users
[run] Progress: 650/979 users
[run] Progress: 700/979 users
[run] Progress: 750/979 users
[run] Progress: 800/979 users
[run] Progress: 850/979 users
[run] Progress: 900/979 users
[run] Progress: 950/979 users
[run] Progress: 979/979 users
[run] Verifying membership for 1000 users...
{
  "ok": true,
  "source_file": "пак1-10200.txt",
  "target_chat_id": -73548651704408,
  "processed_count": 1000,
  "already_in_target_count": 21,
  "attempted_invite_count": 979,
  "invited_without_immediate_failure_count": 979,
  "verified_added_count": 937,
  "still_not_in_target_from_this_chunk_count": 42,
  "before_participants_count": 4506,
  "after_participants_count": 5416,
  "result_file": "data/add_1_10200_to_73548651704408_1001_2000_20260419102849_result.json",
  "still_missing_file": "data/still_missing_1_10200_to_73548651704408_1001_2000_20260419102849.txt"
}
[2026-04-19 13:34:28] ===== done run 10/11 chat=-73548651704408 start=1000 count=1000 rc=0 =====
[2026-04-19 13:35:26] ===== run 11/11 chat=-73548651704408 start=2000 count=500 =====

> max-moderation-bot@1.0.0 members:add
> node scripts/add-chat-members-2026.js --source-file пак1-10200.txt --target-chat-id -73548651704408 --start 2000 --count 500 --invite-batch-size 10 --pause-ms 3000

◇ injected env (0) from .env // tip: ⌘ enable debugging { debug: true }
[run] Loading target member snapshot...
[run] Snapshot loaded: 5401 members across 55 pages
[run] Inviting 494 users to chat -73548651704408 in batches of 10 (50 calls)...
[run] Progress: 50/494 users
[run] Progress: 100/494 users
[run] Progress: 150/494 users
[run] Progress: 200/494 users
[run] Progress: 250/494 users
[run] Progress: 300/494 users
[run] Progress: 350/494 users
[run] Progress: 400/494 users
[run] Progress: 450/494 users
[run] Progress: 494/494 users
[run] Verifying membership for 500 users...
{
  "ok": true,
  "source_file": "пак1-10200.txt",
  "target_chat_id": -73548651704408,
  "processed_count": 500,
  "already_in_target_count": 6,
  "attempted_invite_count": 494,
  "invited_without_immediate_failure_count": 494,
  "verified_added_count": 471,
  "still_not_in_target_from_this_chunk_count": 23,
  "before_participants_count": 5409,
  "after_participants_count": 5798,
  "result_file": "data/add_1_10200_to_73548651704408_2001_2500_20260419103526_result.json",
  "still_missing_file": "data/still_missing_1_10200_to_73548651704408_2001_2500_20260419103526.txt"
}
[2026-04-19 13:38:25] ===== done run 11/11 chat=-73548651704408 start=2000 count=500 rc=0 =====
