
> max-moderation-bot@1.0.0 members:add
> node scripts/add-chat-members-2026.js --env-file /tmp/tmp.RujIQ4J0ZZ --source-file data/telefony_plus7_member_ids_from_xlsx.txt --target-chat-id -73293622623545 --start 0 --count 1000 --invite-batch-size 10 --pause-ms 3000 --max-retries 0 --stop-on-action-failed 0

[dotenv@17.3.1] injecting env (1) from ../../../../../tmp/tmp.RujIQ4J0ZZ -- tip: 🔐 prevent building .env in docker: https://dotenvx.com/prebuild
[run] Loading target member snapshot...
[run] Snapshot loaded: 9645 members across 97 pages
[run] Inviting 953 users to chat -73293622623545 in batches of 10 (96 calls)...
[run] Progress: 50/953 users
[run] Progress: 100/953 users
[run] Progress: 150/953 users
[run] Progress: 200/953 users
[run] Progress: 250/953 users
[run] Progress: 300/953 users
[run] Progress: 350/953 users
[run] Progress: 400/953 users
[run] Progress: 450/953 users
[run] Progress: 500/953 users
[run] Progress: 550/953 users
[run] Progress: 600/953 users
[run] Progress: 650/953 users
[run] Progress: 700/953 users
[run] Progress: 750/953 users
[run] Progress: 800/953 users
[run] Progress: 850/953 users
[run] Progress: 900/953 users
[run] Progress: 950/953 users
[run] Progress: 953/953 users
[run] Verifying membership for 1000 users...
{
  "ok": true,
  "source_file": "data/telefony_plus7_member_ids_from_xlsx.txt",
  "target_chat_id": -73293622623545,
  "processed_count": 1000,
  "already_in_target_count": 47,
  "attempted_invite_count": 953,
  "invited_without_immediate_failure_count": 953,
  "verified_added_count": 901,
  "still_not_in_target_from_this_chunk_count": 52,
  "before_participants_count": 9645,
  "after_participants_count": 10544,
  "result_file": "data/add_telefony_plus7_member_ids_from_xlsx_to_73293622623545_1_1000_20260416153948_result.json",
  "still_missing_file": "data/still_missing_telefony_plus7_member_ids_from_xlsx_to_73293622623545_1_1000_20260416153948.txt"
}
