
> max-moderation-bot@1.0.0 members:add
> node scripts/add-chat-members-2026.js --source-file data/4416_member_ids.txt --target-chat-id -73310779358518 --start 0 --count 1000 --invite-batch-size 10 --pause-ms 3000

[dotenv@17.3.1] injecting env (15) from .env -- tip: 🔐 prevent building .env in docker: https://dotenvx.com/prebuild
[run] Loading target member snapshot...
[run] Snapshot loaded: 618 members across 7 pages
[run] Inviting 488 users to chat -73310779358518 in batches of 10 (49 calls)...
[run] Progress: 50/488 users
[run] Progress: 100/488 users
[run] Progress: 150/488 users
[run] Progress: 200/488 users
[run] Progress: 250/488 users
[run] Progress: 300/488 users
[run] Progress: 350/488 users
[run] Progress: 400/488 users
[run] Progress: 450/488 users
[run] Progress: 488/488 users
[run] Verifying membership for 1000 users...
{
  "ok": true,
  "source_file": "data/4416_member_ids.txt",
  "target_chat_id": -73310779358518,
  "processed_count": 1000,
  "already_in_target_count": 512,
  "attempted_invite_count": 488,
  "invited_without_immediate_failure_count": 488,
  "verified_added_count": 376,
  "still_not_in_target_from_this_chunk_count": 112,
  "before_participants_count": 618,
  "after_participants_count": 993,
  "result_file": "data/add_4416_member_ids_to_73310779358518_1_1000_20260416085828_result.json",
  "still_missing_file": "data/still_missing_4416_member_ids_to_73310779358518_1_1000_20260416085828.txt"
}
