
> max-moderation-bot@1.0.0 members:add
> node scripts/add-chat-members-2026.js --env-file /tmp/tmp.TWnQdRPd6D --source-file data/otrabotka_itog_unused_3k_token1_20260416_234652.txt --target-chat-id -73607469415737 --start 1000 --count 1000 --invite-batch-size 10 --pause-ms 3000 --max-retries 0 --stop-on-action-failed 0

◇ injected env (1) from ../../../../../tmp/tmp.TWnQdRPd6D // tip: ◈ encrypted .env [www.dotenvx.com]
[run] Loading target member snapshot...
[run] Snapshot loaded: 3680 members across 37 pages
[run] Inviting 1000 users to chat -73607469415737 in batches of 10 (100 calls)...
[run] Progress: 50/1000 users
[run] Progress: 100/1000 users
[run] Progress: 150/1000 users
[run] Progress: 200/1000 users
[run] Progress: 250/1000 users
[run] Progress: 300/1000 users
[run] Progress: 350/1000 users
[run] Progress: 400/1000 users
[run] Progress: 450/1000 users
[run] Progress: 500/1000 users
[run] Progress: 550/1000 users
[run] Progress: 600/1000 users
[run] Progress: 650/1000 users
[run] Progress: 700/1000 users
[run] Progress: 750/1000 users
[run] Progress: 800/1000 users
[run] Progress: 850/1000 users
[run] Progress: 900/1000 users
[run] Progress: 950/1000 users
[run] Progress: 1000/1000 users
[run] Verifying membership for 1000 users...
{
  "ok": true,
  "source_file": "data/otrabotka_itog_unused_3k_token1_20260416_234652.txt",
  "target_chat_id": -73607469415737,
  "processed_count": 1000,
  "already_in_target_count": 0,
  "attempted_invite_count": 1000,
  "invited_without_immediate_failure_count": 1000,
  "verified_added_count": 936,
  "still_not_in_target_from_this_chunk_count": 64,
  "before_participants_count": 3651,
  "after_participants_count": 4559,
  "result_file": "data/add_otrabotka_itog_unused_3k_token1_20260416_234652_to_73607469415737_1001_2000_20260416205338_result.json",
  "still_missing_file": "data/still_missing_otrabotka_itog_unused_3k_token1_20260416_234652_to_73607469415737_1001_2000_20260416205338.txt"
}
