
> max-moderation-bot@1.0.0 members:add
> node scripts/add-chat-members-2026.js --env-file /tmp/tmp.RujIQ4J0ZZ --source-file data/telefony_plus7_member_ids_from_xlsx.txt --target-chat-id -73293622623545 --start 4000 --count 1000 --invite-batch-size 10 --pause-ms 3000 --max-retries 0 --stop-on-action-failed 0

[dotenv@17.3.1] injecting env (1) from ../../../../../tmp/tmp.RujIQ4J0ZZ -- tip: ⚙️  load multiple .env files with { path: ['.env.local', '.env'] }
[run] Loading target member snapshot...
[run] Snapshot loaded: 13154 members across 132 pages
[run] Inviting 942 users to chat -73293622623545 in batches of 10 (95 calls)...
[run] Progress: 50/942 users
[run] Progress: 100/942 users
[run] Progress: 150/942 users
[run] Progress: 200/942 users
[run] Progress: 250/942 users
[run] Progress: 300/942 users
[run] Progress: 350/942 users
[run] Progress: 400/942 users
[run] Progress: 450/942 users
[run] Progress: 500/942 users
[run] Progress: 550/942 users
[run] Progress: 600/942 users
[run] Progress: 650/942 users
[run] Progress: 700/942 users
[run] Progress: 750/942 users
[run] Progress: 800/942 users
[run] Progress: 850/942 users
[run] Progress: 900/942 users
[run] Progress: 942/942 users
[run] Verifying membership for 1000 users...
{
  "ok": true,
  "source_file": "data/telefony_plus7_member_ids_from_xlsx.txt",
  "target_chat_id": -73293622623545,
  "processed_count": 1000,
  "already_in_target_count": 58,
  "attempted_invite_count": 942,
  "invited_without_immediate_failure_count": 942,
  "verified_added_count": 897,
  "still_not_in_target_from_this_chunk_count": 45,
  "before_participants_count": 13155,
  "after_participants_count": 13972,
  "result_file": "data/add_telefony_plus7_member_ids_from_xlsx_to_73293622623545_4001_5000_20260416160639_result.json",
  "still_missing_file": "data/still_missing_telefony_plus7_member_ids_from_xlsx_to_73293622623545_4001_5000_20260416160639.txt"
}
