
> max-moderation-bot@1.0.0 members:add
> node scripts/add-chat-members-2026.js --source-file data/krasnodar_all_other_city_chats_member_ids_no_bots_no_admins_not_in_target_live_20260313_170444.txt --target-chat-id -69067549505002 --start 2800 --count 400 --invite-batch-size 10 --result-file data/krasnodar_full_invite_20260313_170658/batch_2800_3200_result.json --missing-file data/krasnodar_full_invite_20260313_170658/batch_2800_3200_still_missing.txt

[dotenv@17.3.1] injecting env (12) from .env -- tip: 🔐 prevent building .env in docker: https://dotenvx.com/prebuild
[run] Loading target member snapshot...
[run] Snapshot loaded: 5988 members across 60 pages
[run] Inviting 309 users to chat -69067549505002 in batches of 10 (31 calls)...
[run] Progress: 50/309 users
[run] Progress: 100/309 users
[run] Progress: 150/309 users
[run] Progress: 200/309 users
[run] Progress: 250/309 users
[run] Progress: 300/309 users
[run] Progress: 309/309 users
[run] Verifying membership for 309 users...
{
  "ok": true,
  "source_file": "data/krasnodar_all_other_city_chats_member_ids_no_bots_no_admins_not_in_target_live_20260313_170444.txt",
  "target_chat_id": -69067549505002,
  "processed_count": 309,
  "already_in_target_count": 0,
  "attempted_invite_count": 309,
  "invited_without_immediate_failure_count": 280,
  "verified_added_count": 63,
  "still_not_in_target_from_this_chunk_count": 246,
  "before_participants_count": 5988,
  "after_participants_count": 6048,
  "result_file": "data/krasnodar_full_invite_20260313_170658/batch_2800_3200_result.json",
  "still_missing_file": "data/krasnodar_full_invite_20260313_170658/batch_2800_3200_still_missing.txt"
}
