[2026-02-25 03:26:42] Wave invite started
[2026-02-25 03:26:42] source_file=data/avtorynok_volgogradskaya_oblast_member_ids.json
[2026-02-25 03:26:42] target_chat_id=-71313986483690
[2026-02-25 03:26:42] wave_size=20 wave_pause_sec=240 invite_pause_ms=1200 invite_batch_size=1 max_retries=1
[2026-02-25 03:26:42] run_dir=/home/MaxManager/data/wave_invite_20260225_032642
[dotenv@17.3.1] injecting env (11) from .env -- tip: ⚙️  suppress all logs with { quiet: true }
[2026-02-25 03:26:50] wave=1 target_members=3571 remaining=1182
[2026-02-25 03:26:50] wave=1 trying wave_count=20
[dotenv@17.3.1] injecting env (11) from .env -- tip: ⚙️  load multiple .env files with { path: ['.env.local', '.env'] }
[run] Inviting 20 users to chat -71313986483690 in batches of 1 (20 calls)...
[run] Progress: 20/20 users
[run] Verifying membership for 20 users...
{
  "ok": true,
  "source_file": "data/wave_invite_20260225_032642/wave_1_remaining_shuffled.txt",
  "target_chat_id": -71313986483690,
  "processed_count": 20,
  "already_in_target_count": 0,
  "attempted_invite_count": 20,
  "invited_without_immediate_failure_count": 0,
  "verified_added_count": 0,
  "still_not_in_target_from_this_chunk_count": 20,
  "before_participants_count": 3571,
  "after_participants_count": 3571,
  "result_file": "data/wave_invite_20260225_032642/wave_1_result.json",
  "still_missing_file": "data/wave_invite_20260225_032642/wave_1_missing.txt"
}
[2026-02-25 03:27:19] wave=1 attempted=20 verified_added=0 still_missing_in_chunk=20
[2026-02-25 03:27:19] wave=1 sleeping 240s
